info:2019-10-04 10:00:40[right meow!]  GET -- /mjdindex -- Mozilla/5.0 (iPhone; CPU iPhone OS 11_0 like Mac OS X) AppleWebKit/604.1.38 (KHTML, like Gecko) Version/11.0 Mobile/15A372 Safari/604.1
error:2019-10-04 10:00:40[right meow!]  userlogininfl 错误主页 GET -- /mjdindex -- Mozilla/5.0 (iPhone; CPU iPhone OS 11_0 like Mac OS X) AppleWebKit/604.1.38 (KHTML, like Gecko) Version/11.0 Mobile/15A372 Safari/604.1
info:2019-10-04 10:32:17[right meow!]  GET -- /mjdindex -- Mozilla/5.0 (iPhone; CPU iPhone OS 11_0 like Mac OS X) AppleWebKit/604.1.38 (KHTML, like Gecko) Version/11.0 Mobile/15A372 Safari/604.1
error:2019-10-04 10:32:17[right meow!]  userlogininfl 错误主页 GET -- /mjdindex -- Mozilla/5.0 (iPhone; CPU iPhone OS 11_0 like Mac OS X) AppleWebKit/604.1.38 (KHTML, like Gecko) Version/11.0 Mobile/15A372 Safari/604.1
error:2019-10-04 10:44:32[right meow!]  您的账号或者密码不存在 -- POST -- /userlogininfl -- Mozilla/5.0 (iPhone; CPU iPhone OS 11_0 like Mac OS X) AppleWebKit/604.1.38 (KHTML, like Gecko) Version/11.0 Mobile/15A372 Safari/604.1
error:2019-10-04 10:45:04[right meow!]  您的账号或者密码不存在 -- POST -- /userlogininfl -- Mozilla/5.0 (iPhone; CPU iPhone OS 11_0 like Mac OS X) AppleWebKit/604.1.38 (KHTML, like Gecko) Version/11.0 Mobile/15A372 Safari/604.1
error:2019-10-04 10:47:17[right meow!]  您的账号或者密码不存在 -- POST -- /userlogininfl -- Mozilla/5.0 (iPhone; CPU iPhone OS 11_0 like Mac OS X) AppleWebKit/604.1.38 (KHTML, like Gecko) Version/11.0 Mobile/15A372 Safari/604.1
error:2019-10-04 10:47:17[right meow!]  您的账号或者密码不存在 -- POST -- /userlogininfl -- Mozilla/5.0 (iPhone; CPU iPhone OS 11_0 like Mac OS X) AppleWebKit/604.1.38 (KHTML, like Gecko) Version/11.0 Mobile/15A372 Safari/604.1
error:2019-10-04 10:48:16[right meow!]  您的账号或者密码不存在 -- POST -- /userlogininfl -- Mozilla/5.0 (iPhone; CPU iPhone OS 11_0 like Mac OS X) AppleWebKit/604.1.38 (KHTML, like Gecko) Version/11.0 Mobile/15A372 Safari/604.1
info:2019-10-04 10:50:47[right meow!]  bc78-de4登录成功 -- POST -- /userlogininfl -- Mozilla/5.0 (iPhone; CPU iPhone OS 11_0 like Mac OS X) AppleWebKit/604.1.38 (KHTML, like Gecko) Version/11.0 Mobile/15A372 Safari/604.1
info:2019-10-04 10:53:27[right meow!]  GET -- /mjdindex -- Mozilla/5.0 (iPhone; CPU iPhone OS 11_0 like Mac OS X) AppleWebKit/604.1.38 (KHTML, like Gecko) Version/11.0 Mobile/15A372 Safari/604.1
error:2019-10-04 10:53:27[right meow!]  userlogininfl 错误主页 GET -- /mjdindex -- Mozilla/5.0 (iPhone; CPU iPhone OS 11_0 like Mac OS X) AppleWebKit/604.1.38 (KHTML, like Gecko) Version/11.0 Mobile/15A372 Safari/604.1
error:2019-10-04 10:53:52[right meow!]  您的账号或者密码不存在 -- POST -- /userlogininfl -- Mozilla/5.0 (iPhone; CPU iPhone OS 11_0 like Mac OS X) AppleWebKit/604.1.38 (KHTML, like Gecko) Version/11.0 Mobile/15A372 Safari/604.1
error:2019-10-04 10:54:40[right meow!]  您的账号或者密码不存在 -- POST -- /userlogininfl -- Mozilla/5.0 (iPhone; CPU iPhone OS 11_0 like Mac OS X) AppleWebKit/604.1.38 (KHTML, like Gecko) Version/11.0 Mobile/15A372 Safari/604.1
error:2019-10-04 10:54:42[right meow!]  您的账号或者密码不存在 -- POST -- /userlogininfl -- Mozilla/5.0 (iPhone; CPU iPhone OS 11_0 like Mac OS X) AppleWebKit/604.1.38 (KHTML, like Gecko) Version/11.0 Mobile/15A372 Safari/604.1
error:2019-10-04 10:54:42[right meow!]  您的账号或者密码不存在 -- POST -- /userlogininfl -- Mozilla/5.0 (iPhone; CPU iPhone OS 11_0 like Mac OS X) AppleWebKit/604.1.38 (KHTML, like Gecko) Version/11.0 Mobile/15A372 Safari/604.1
error:2019-10-04 10:54:42[right meow!]  您的账号或者密码不存在 -- POST -- /userlogininfl -- Mozilla/5.0 (iPhone; CPU iPhone OS 11_0 like Mac OS X) AppleWebKit/604.1.38 (KHTML, like Gecko) Version/11.0 Mobile/15A372 Safari/604.1
error:2019-10-04 10:54:42[right meow!]  您的账号或者密码不存在 -- POST -- /userlogininfl -- Mozilla/5.0 (iPhone; CPU iPhone OS 11_0 like Mac OS X) AppleWebKit/604.1.38 (KHTML, like Gecko) Version/11.0 Mobile/15A372 Safari/604.1
error:2019-10-04 10:54:42[right meow!]  您的账号或者密码不存在 -- POST -- /userlogininfl -- Mozilla/5.0 (iPhone; CPU iPhone OS 11_0 like Mac OS X) AppleWebKit/604.1.38 (KHTML, like Gecko) Version/11.0 Mobile/15A372 Safari/604.1
error:2019-10-04 10:54:43[right meow!]  您的账号或者密码不存在 -- POST -- /userlogininfl -- Mozilla/5.0 (iPhone; CPU iPhone OS 11_0 like Mac OS X) AppleWebKit/604.1.38 (KHTML, like Gecko) Version/11.0 Mobile/15A372 Safari/604.1
error:2019-10-04 10:54:43[right meow!]  您的账号或者密码不存在 -- POST -- /userlogininfl -- Mozilla/5.0 (iPhone; CPU iPhone OS 11_0 like Mac OS X) AppleWebKit/604.1.38 (KHTML, like Gecko) Version/11.0 Mobile/15A372 Safari/604.1
error:2019-10-04 10:54:43[right meow!]  您的账号或者密码不存在 -- POST -- /userlogininfl -- Mozilla/5.0 (iPhone; CPU iPhone OS 11_0 like Mac OS X) AppleWebKit/604.1.38 (KHTML, like Gecko) Version/11.0 Mobile/15A372 Safari/604.1
error:2019-10-04 10:54:43[right meow!]  您的账号或者密码不存在 -- POST -- /userlogininfl -- Mozilla/5.0 (iPhone; CPU iPhone OS 11_0 like Mac OS X) AppleWebKit/604.1.38 (KHTML, like Gecko) Version/11.0 Mobile/15A372 Safari/604.1
info:2019-10-04 11:05:28[right meow!]  aeuyu_gug07登录成功 -- POST -- /userlogininfl -- Mozilla/5.0 (iPhone; CPU iPhone OS 11_0 like Mac OS X) AppleWebKit/604.1.38 (KHTML, like Gecko) Version/11.0 Mobile/15A372 Safari/604.1
info:2019-10-04 13:48:20[right meow!]  GET -- /mjdindex -- Mozilla/5.0 (Windows NT 10.0; Win64; x64) AppleWebKit/537.36 (KHTML, like Gecko) Chrome/75.0.3770.100 Safari/537.36
error:2019-10-04 13:48:21[right meow!]  userlogininfl 错误主页 GET -- /mjdindex -- Mozilla/5.0 (Windows NT 10.0; Win64; x64) AppleWebKit/537.36 (KHTML, like Gecko) Chrome/75.0.3770.100 Safari/537.36
error:2019-10-04 14:11:33[right meow!]  您的账号或者密码不存在 -- POST -- /userlogininfl -- Mozilla/5.0 (iPhone; CPU iPhone OS 11_0 like Mac OS X) AppleWebKit/604.1.38 (KHTML, like Gecko) Version/11.0 Mobile/15A372 Safari/604.1
info:2019-10-04 14:16:03[right meow!]  bc78-de4登录成功 -- POST -- /userlogininfl -- Mozilla/5.0 (iPhone; CPU iPhone OS 11_0 like Mac OS X) AppleWebKit/604.1.38 (KHTML, like Gecko) Version/11.0 Mobile/15A372 Safari/604.1
info:2019-10-04 14:24:20[right meow!]  undefined登录成功 -- POST -- /userlogininfl -- Mozilla/5.0 (iPhone; CPU iPhone OS 11_0 like Mac OS X) AppleWebKit/604.1.38 (KHTML, like Gecko) Version/11.0 Mobile/15A372 Safari/604.1
error:2019-10-04 14:33:47[right meow!]  您的账号或者密码不存在 -- POST -- /userlogininfl -- Mozilla/5.0 (iPhone; CPU iPhone OS 11_0 like Mac OS X) AppleWebKit/604.1.38 (KHTML, like Gecko) Version/11.0 Mobile/15A372 Safari/604.1
error:2019-10-04 14:33:52[right meow!]  您的账号或者密码不存在 -- POST -- /userlogininfl -- Mozilla/5.0 (iPhone; CPU iPhone OS 11_0 like Mac OS X) AppleWebKit/604.1.38 (KHTML, like Gecko) Version/11.0 Mobile/15A372 Safari/604.1
error:2019-10-04 14:33:55[right meow!]  您的账号或者密码不存在 -- POST -- /userlogininfl -- Mozilla/5.0 (iPhone; CPU iPhone OS 11_0 like Mac OS X) AppleWebKit/604.1.38 (KHTML, like Gecko) Version/11.0 Mobile/15A372 Safari/604.1
error:2019-10-04 14:34:13[right meow!]  您的账号或者密码不存在 -- POST -- /userlogininfl -- Mozilla/5.0 (iPhone; CPU iPhone OS 11_0 like Mac OS X) AppleWebKit/604.1.38 (KHTML, like Gecko) Version/11.0 Mobile/15A372 Safari/604.1
error:2019-10-04 14:34:30[right meow!]  您的账号或者密码不存在 -- POST -- /userlogininfl -- Mozilla/5.0 (iPhone; CPU iPhone OS 11_0 like Mac OS X) AppleWebKit/604.1.38 (KHTML, like Gecko) Version/11.0 Mobile/15A372 Safari/604.1
error:2019-10-04 14:35:34[right meow!]  您的账号或者密码不存在 -- POST -- /userlogininfl -- Mozilla/5.0 (iPhone; CPU iPhone OS 11_0 like Mac OS X) AppleWebKit/604.1.38 (KHTML, like Gecko) Version/11.0 Mobile/15A372 Safari/604.1
info:2019-10-04 14:36:36[right meow!]  aeuyu_gug07登录成功 -- POST -- /userlogininfl -- Mozilla/5.0 (iPhone; CPU iPhone OS 11_0 like Mac OS X) AppleWebKit/604.1.38 (KHTML, like Gecko) Version/11.0 Mobile/15A372 Safari/604.1
info:2019-10-04 14:45:42[right meow!]  cde10j3登录成功 -- POST -- /userlogininfl -- Mozilla/5.0 (iPhone; CPU iPhone OS 11_0 like Mac OS X) AppleWebKit/604.1.38 (KHTML, like Gecko) Version/11.0 Mobile/15A372 Safari/604.1
info:2019-10-04 14:49:43[right meow!]  e98098934s登录成功 -- POST -- /userlogininfl -- Mozilla/5.0 (iPhone; CPU iPhone OS 11_0 like Mac OS X) AppleWebKit/604.1.38 (KHTML, like Gecko) Version/11.0 Mobile/15A372 Safari/604.1
info:2019-10-04 14:51:28[right meow!]  bc78-de4登录成功 -- POST -- /userlogininfl -- Mozilla/5.0 (iPhone; CPU iPhone OS 11_0 like Mac OS X) AppleWebKit/604.1.38 (KHTML, like Gecko) Version/11.0 Mobile/15A372 Safari/604.1
info:2019-10-04 14:52:42[right meow!]  ab_cd20登录成功 -- POST -- /userlogininfl -- Mozilla/5.0 (iPhone; CPU iPhone OS 11_0 like Mac OS X) AppleWebKit/604.1.38 (KHTML, like Gecko) Version/11.0 Mobile/15A372 Safari/604.1
info:2019-10-04 14:55:35[right meow!]  abcde_登录成功 -- POST -- /userlogininfl -- Mozilla/5.0 (iPhone; CPU iPhone OS 11_0 like Mac OS X) AppleWebKit/604.1.38 (KHTML, like Gecko) Version/11.0 Mobile/15A372 Safari/604.1
info:2019-10-04 14:57:42[right meow!]  abde19登录成功 -- POST -- /userlogininfl -- Mozilla/5.0 (iPhone; CPU iPhone OS 11_0 like Mac OS X) AppleWebKit/604.1.38 (KHTML, like Gecko) Version/11.0 Mobile/15A372 Safari/604.1
info:2019-10-04 15:00:03[right meow!]  ab_cd20登录成功 -- POST -- /userlogininfl -- Mozilla/5.0 (iPhone; CPU iPhone OS 11_0 like Mac OS X) AppleWebKit/604.1.38 (KHTML, like Gecko) Version/11.0 Mobile/15A372 Safari/604.1
info:2019-10-04 15:01:49[right meow!]  cde10j3登录成功 -- POST -- /userlogininfl -- Mozilla/5.0 (iPhone; CPU iPhone OS 11_0 like Mac OS X) AppleWebKit/604.1.38 (KHTML, like Gecko) Version/11.0 Mobile/15A372 Safari/604.1
info:2019-10-04 15:08:50[right meow!]  bc78-de4登录成功 -- POST -- /userlogininfl -- Mozilla/5.0 (iPhone; CPU iPhone OS 11_0 like Mac OS X) AppleWebKit/604.1.38 (KHTML, like Gecko) Version/11.0 Mobile/15A372 Safari/604.1
error:2019-10-04 15:16:19[right meow!]  您的账号或者密码不存在 -- POST -- /userlogininfl -- Mozilla/5.0 (iPhone; CPU iPhone OS 11_0 like Mac OS X) AppleWebKit/604.1.38 (KHTML, like Gecko) Version/11.0 Mobile/15A372 Safari/604.1
info:2019-10-04 15:16:59[right meow!]  djkl7845e5登录成功 -- POST -- /userlogininfl -- Mozilla/5.0 (iPhone; CPU iPhone OS 11_0 like Mac OS X) AppleWebKit/604.1.38 (KHTML, like Gecko) Version/11.0 Mobile/15A372 Safari/604.1
error:2019-10-04 15:21:50[right meow!]  您的账号或者密码不存在 -- POST -- /userlogininfl -- Mozilla/5.0 (iPhone; CPU iPhone OS 11_0 like Mac OS X) AppleWebKit/604.1.38 (KHTML, like Gecko) Version/11.0 Mobile/15A372 Safari/604.1
error:2019-10-04 15:21:52[right meow!]  您的账号或者密码不存在 -- POST -- /userlogininfl -- Mozilla/5.0 (iPhone; CPU iPhone OS 11_0 like Mac OS X) AppleWebKit/604.1.38 (KHTML, like Gecko) Version/11.0 Mobile/15A372 Safari/604.1
error:2019-10-04 15:21:54[right meow!]  您的账号或者密码不存在 -- POST -- /userlogininfl -- Mozilla/5.0 (iPhone; CPU iPhone OS 11_0 like Mac OS X) AppleWebKit/604.1.38 (KHTML, like Gecko) Version/11.0 Mobile/15A372 Safari/604.1
error:2019-10-04 15:21:56[right meow!]  您的账号或者密码不存在 -- POST -- /userlogininfl -- Mozilla/5.0 (iPhone; CPU iPhone OS 11_0 like Mac OS X) AppleWebKit/604.1.38 (KHTML, like Gecko) Version/11.0 Mobile/15A372 Safari/604.1
error:2019-10-04 15:21:57[right meow!]  您的账号或者密码不存在 -- POST -- /userlogininfl -- Mozilla/5.0 (iPhone; CPU iPhone OS 11_0 like Mac OS X) AppleWebKit/604.1.38 (KHTML, like Gecko) Version/11.0 Mobile/15A372 Safari/604.1
error:2019-10-04 15:22:32[right meow!]  您的账号或者密码不存在 -- POST -- /userlogininfl -- Mozilla/5.0 (iPhone; CPU iPhone OS 11_0 like Mac OS X) AppleWebKit/604.1.38 (KHTML, like Gecko) Version/11.0 Mobile/15A372 Safari/604.1
error:2019-10-04 15:23:00[right meow!]  您的账号或者密码不存在 -- POST -- /userlogininfl -- Mozilla/5.0 (iPhone; CPU iPhone OS 11_0 like Mac OS X) AppleWebKit/604.1.38 (KHTML, like Gecko) Version/11.0 Mobile/15A372 Safari/604.1
error:2019-10-04 15:23:27[right meow!]  您的账号或者密码不存在 -- POST -- /userlogininfl -- Mozilla/5.0 (iPhone; CPU iPhone OS 11_0 like Mac OS X) AppleWebKit/604.1.38 (KHTML, like Gecko) Version/11.0 Mobile/15A372 Safari/604.1
info:2019-10-04 15:27:00[right meow!]  aeuyu_gug07登录成功 -- POST -- /userlogininfl -- Mozilla/5.0 (iPhone; CPU iPhone OS 11_0 like Mac OS X) AppleWebKit/604.1.38 (KHTML, like Gecko) Version/11.0 Mobile/15A372 Safari/604.1
error:2019-10-04 15:35:34[right meow!]  您的账号或者密码不存在 -- POST -- /userlogininfl -- Mozilla/5.0 (iPhone; CPU iPhone OS 11_0 like Mac OS X) AppleWebKit/604.1.38 (KHTML, like Gecko) Version/11.0 Mobile/15A372 Safari/604.1
error:2019-10-04 15:35:43[right meow!]  您的账号或者密码不存在 -- POST -- /userlogininfl -- Mozilla/5.0 (iPhone; CPU iPhone OS 11_0 like Mac OS X) AppleWebKit/604.1.38 (KHTML, like Gecko) Version/11.0 Mobile/15A372 Safari/604.1
error:2019-10-04 15:35:45[right meow!]  您的账号或者密码不存在 -- POST -- /userlogininfl -- Mozilla/5.0 (iPhone; CPU iPhone OS 11_0 like Mac OS X) AppleWebKit/604.1.38 (KHTML, like Gecko) Version/11.0 Mobile/15A372 Safari/604.1
error:2019-10-04 15:35:46[right meow!]  您的账号或者密码不存在 -- POST -- /userlogininfl -- Mozilla/5.0 (iPhone; CPU iPhone OS 11_0 like Mac OS X) AppleWebKit/604.1.38 (KHTML, like Gecko) Version/11.0 Mobile/15A372 Safari/604.1
error:2019-10-04 15:36:06[right meow!]  您的账号或者密码不存在 -- POST -- /userlogininfl -- Mozilla/5.0 (iPhone; CPU iPhone OS 11_0 like Mac OS X) AppleWebKit/604.1.38 (KHTML, like Gecko) Version/11.0 Mobile/15A372 Safari/604.1
info:2019-10-04 15:49:00[right meow!]  abcde_登录成功 -- POST -- /userlogininfl -- Mozilla/5.0 (iPhone; CPU iPhone OS 11_0 like Mac OS X) AppleWebKit/604.1.38 (KHTML, like Gecko) Version/11.0 Mobile/15A372 Safari/604.1
info:2019-10-04 15:49:24[right meow!]  e98098934s登录成功 -- POST -- /userlogininfl -- Mozilla/5.0 (iPhone; CPU iPhone OS 11_0 like Mac OS X) AppleWebKit/604.1.38 (KHTML, like Gecko) Version/11.0 Mobile/15A372 Safari/604.1
info:2019-10-04 15:51:03[right meow!]  cde10j3登录成功 -- POST -- /userlogininfl -- Mozilla/5.0 (iPhone; CPU iPhone OS 11_0 like Mac OS X) AppleWebKit/604.1.38 (KHTML, like Gecko) Version/11.0 Mobile/15A372 Safari/604.1
info:2019-10-04 15:54:24[right meow!]  djkl7845e5登录成功 -- POST -- /userlogininfl -- Mozilla/5.0 (iPhone; CPU iPhone OS 11_0 like Mac OS X) AppleWebKit/604.1.38 (KHTML, like Gecko) Version/11.0 Mobile/15A372 Safari/604.1
info:2019-10-04 16:25:35[right meow!]  e98098934s登录成功 -- POST -- /userlogininfl -- Mozilla/5.0 (iPhone; CPU iPhone OS 11_0 like Mac OS X) AppleWebKit/604.1.38 (KHTML, like Gecko) Version/11.0 Mobile/15A372 Safari/604.1
