[32minfo[39m:2019-09-26 08:48:58[right meow!]  GET -- /mjdindex -- Mozilla/5.0 (Windows NT 10.0; Win64; x64) AppleWebKit/537.36 (KHTML, like Gecko) Chrome/75.0.3770.100 Safari/537.36
[31merror[39m:2019-09-26 08:48:58[right meow!]  userlogininfl 错误主页 GET -- /mjdindex -- Mozilla/5.0 (Windows NT 10.0; Win64; x64) AppleWebKit/537.36 (KHTML, like Gecko) Chrome/75.0.3770.100 Safari/537.36
[32minfo[39m:2019-09-26 08:50:20[right meow!]  GET -- /mjdindex -- Mozilla/5.0 (iPhone; CPU iPhone OS 11_0 like Mac OS X) AppleWebKit/604.1.38 (KHTML, like Gecko) Version/11.0 Mobile/15A372 Safari/604.1
[31merror[39m:2019-09-26 08:50:20[right meow!]  userlogininfl 错误主页 GET -- /mjdindex -- Mozilla/5.0 (iPhone; CPU iPhone OS 11_0 like Mac OS X) AppleWebKit/604.1.38 (KHTML, like Gecko) Version/11.0 Mobile/15A372 Safari/604.1
[32minfo[39m:2019-09-26 08:59:13[right meow!]  GET -- /mjdindex -- Mozilla/5.0 (iPhone; CPU iPhone OS 11_0 like Mac OS X) AppleWebKit/604.1.38 (KHTML, like Gecko) Version/11.0 Mobile/15A372 Safari/604.1
[31merror[39m:2019-09-26 08:59:13[right meow!]  userlogininfl 错误主页 GET -- /mjdindex -- Mozilla/5.0 (iPhone; CPU iPhone OS 11_0 like Mac OS X) AppleWebKit/604.1.38 (KHTML, like Gecko) Version/11.0 Mobile/15A372 Safari/604.1
[32minfo[39m:2019-09-26 09:13:40[right meow!]  GET -- /mjdindex -- Mozilla/5.0 (iPhone; CPU iPhone OS 11_0 like Mac OS X) AppleWebKit/604.1.38 (KHTML, like Gecko) Version/11.0 Mobile/15A372 Safari/604.1
[31merror[39m:2019-09-26 09:13:40[right meow!]  userlogininfl 错误主页 GET -- /mjdindex -- Mozilla/5.0 (iPhone; CPU iPhone OS 11_0 like Mac OS X) AppleWebKit/604.1.38 (KHTML, like Gecko) Version/11.0 Mobile/15A372 Safari/604.1
[32minfo[39m:2019-09-26 09:15:09[right meow!]  djkl7845e5登录成功 -- POST -- /userlogininfl -- Mozilla/5.0 (iPhone; CPU iPhone OS 11_0 like Mac OS X) AppleWebKit/604.1.38 (KHTML, like Gecko) Version/11.0 Mobile/15A372 Safari/604.1
[32minfo[39m:2019-09-26 09:23:16[right meow!]  cde10j3登录成功 -- POST -- /userlogininfl -- Mozilla/5.0 (iPhone; CPU iPhone OS 11_0 like Mac OS X) AppleWebKit/604.1.38 (KHTML, like Gecko) Version/11.0 Mobile/15A372 Safari/604.1
[32minfo[39m:2019-09-26 09:23:22[right meow!]  GET -- /mjdindex -- Mozilla/5.0 (iPhone; CPU iPhone OS 11_0 like Mac OS X) AppleWebKit/604.1.38 (KHTML, like Gecko) Version/11.0 Mobile/15A372 Safari/604.1
[31merror[39m:2019-09-26 09:23:22[right meow!]  userlogininfl 错误主页 GET -- /mjdindex -- Mozilla/5.0 (iPhone; CPU iPhone OS 11_0 like Mac OS X) AppleWebKit/604.1.38 (KHTML, like Gecko) Version/11.0 Mobile/15A372 Safari/604.1
[32minfo[39m:2019-09-26 09:23:28[right meow!]  GET -- /mjdindex -- Mozilla/5.0 (iPhone; CPU iPhone OS 11_0 like Mac OS X) AppleWebKit/604.1.38 (KHTML, like Gecko) Version/11.0 Mobile/15A372 Safari/604.1
[31merror[39m:2019-09-26 09:23:28[right meow!]  userlogininfl 错误主页 GET -- /mjdindex -- Mozilla/5.0 (iPhone; CPU iPhone OS 11_0 like Mac OS X) AppleWebKit/604.1.38 (KHTML, like Gecko) Version/11.0 Mobile/15A372 Safari/604.1
[32minfo[39m:2019-09-26 09:23:30[right meow!]  GET -- /mjdindex -- Mozilla/5.0 (iPhone; CPU iPhone OS 11_0 like Mac OS X) AppleWebKit/604.1.38 (KHTML, like Gecko) Version/11.0 Mobile/15A372 Safari/604.1
[31merror[39m:2019-09-26 09:23:30[right meow!]  userlogininfl 错误主页 GET -- /mjdindex -- Mozilla/5.0 (iPhone; CPU iPhone OS 11_0 like Mac OS X) AppleWebKit/604.1.38 (KHTML, like Gecko) Version/11.0 Mobile/15A372 Safari/604.1
info:2019-09-26 09:32:20[right meow!]  GET -- /mjdindex -- Mozilla/5.0 (iPhone; CPU iPhone OS 11_0 like Mac OS X) AppleWebKit/604.1.38 (KHTML, like Gecko) Version/11.0 Mobile/15A372 Safari/604.1
error:2019-09-26 09:32:20[right meow!]  userlogininfl 错误主页 GET -- /mjdindex -- Mozilla/5.0 (iPhone; CPU iPhone OS 11_0 like Mac OS X) AppleWebKit/604.1.38 (KHTML, like Gecko) Version/11.0 Mobile/15A372 Safari/604.1
info:2019-09-26 09:33:42[right meow!]  e98098934s登录成功 -- POST -- /userlogininfl -- Mozilla/5.0 (iPhone; CPU iPhone OS 11_0 like Mac OS X) AppleWebKit/604.1.38 (KHTML, like Gecko) Version/11.0 Mobile/15A372 Safari/604.1
info:2019-09-26 09:34:03[right meow!]  GET -- /mjdindex -- Mozilla/5.0 (iPhone; CPU iPhone OS 11_0 like Mac OS X) AppleWebKit/604.1.38 (KHTML, like Gecko) Version/11.0 Mobile/15A372 Safari/604.1
error:2019-09-26 09:34:03[right meow!]  userlogininfl 错误主页 GET -- /mjdindex -- Mozilla/5.0 (iPhone; CPU iPhone OS 11_0 like Mac OS X) AppleWebKit/604.1.38 (KHTML, like Gecko) Version/11.0 Mobile/15A372 Safari/604.1
error:2019-09-26 09:40:22[right meow!]  必须要有用户名. -- POST -- /userlogininfl -- Mozilla/5.0 (iPhone; CPU iPhone OS 11_0 like Mac OS X) AppleWebKit/604.1.38 (KHTML, like Gecko) Version/11.0 Mobile/15A372 Safari/604.1
info:2019-09-26 09:41:13[right meow!]  abcde_登录成功 -- POST -- /userlogininfl -- Mozilla/5.0 (iPhone; CPU iPhone OS 11_0 like Mac OS X) AppleWebKit/604.1.38 (KHTML, like Gecko) Version/11.0 Mobile/15A372 Safari/604.1
info:2019-09-26 09:42:01[right meow!]  GET -- /mjdindex -- Mozilla/5.0 (iPhone; CPU iPhone OS 11_0 like Mac OS X) AppleWebKit/604.1.38 (KHTML, like Gecko) Version/11.0 Mobile/15A372 Safari/604.1
error:2019-09-26 09:42:01[right meow!]  userlogininfl 错误主页 GET -- /mjdindex -- Mozilla/5.0 (iPhone; CPU iPhone OS 11_0 like Mac OS X) AppleWebKit/604.1.38 (KHTML, like Gecko) Version/11.0 Mobile/15A372 Safari/604.1
info:2019-09-26 10:02:37[right meow!]  GET -- /mjdindex -- Mozilla/5.0 (iPhone; CPU iPhone OS 11_0 like Mac OS X) AppleWebKit/604.1.38 (KHTML, like Gecko) Version/11.0 Mobile/15A372 Safari/604.1
error:2019-09-26 10:02:37[right meow!]  userlogininfl 错误主页 GET -- /mjdindex -- Mozilla/5.0 (iPhone; CPU iPhone OS 11_0 like Mac OS X) AppleWebKit/604.1.38 (KHTML, like Gecko) Version/11.0 Mobile/15A372 Safari/604.1
info:2019-09-26 10:02:46[right meow!]  GET -- /mjdindex -- Mozilla/5.0 (iPhone; CPU iPhone OS 11_0 like Mac OS X) AppleWebKit/604.1.38 (KHTML, like Gecko) Version/11.0 Mobile/15A372 Safari/604.1
error:2019-09-26 10:02:46[right meow!]  userlogininfl 错误主页 GET -- /mjdindex -- Mozilla/5.0 (iPhone; CPU iPhone OS 11_0 like Mac OS X) AppleWebKit/604.1.38 (KHTML, like Gecko) Version/11.0 Mobile/15A372 Safari/604.1
info:2019-09-26 10:03:58[right meow!]  GET -- /mjdindex -- Mozilla/5.0 (iPhone; CPU iPhone OS 11_0 like Mac OS X) AppleWebKit/604.1.38 (KHTML, like Gecko) Version/11.0 Mobile/15A372 Safari/604.1
error:2019-09-26 10:03:58[right meow!]  userlogininfl 错误主页 GET -- /mjdindex -- Mozilla/5.0 (iPhone; CPU iPhone OS 11_0 like Mac OS X) AppleWebKit/604.1.38 (KHTML, like Gecko) Version/11.0 Mobile/15A372 Safari/604.1
info:2019-09-26 10:06:27[right meow!]  GET -- /mjdindex -- Mozilla/5.0 (iPhone; CPU iPhone OS 11_0 like Mac OS X) AppleWebKit/604.1.38 (KHTML, like Gecko) Version/11.0 Mobile/15A372 Safari/604.1
error:2019-09-26 10:06:27[right meow!]  userlogininfl 错误主页 GET -- /mjdindex -- Mozilla/5.0 (iPhone; CPU iPhone OS 11_0 like Mac OS X) AppleWebKit/604.1.38 (KHTML, like Gecko) Version/11.0 Mobile/15A372 Safari/604.1
error:2019-09-26 10:07:23[right meow!]  必须要有用户名. -- POST -- /userlogininfl -- Mozilla/5.0 (iPhone; CPU iPhone OS 11_0 like Mac OS X) AppleWebKit/604.1.38 (KHTML, like Gecko) Version/11.0 Mobile/15A372 Safari/604.1
info:2019-09-26 10:07:32[right meow!]  GET -- /mjdindex -- Mozilla/5.0 (iPhone; CPU iPhone OS 11_0 like Mac OS X) AppleWebKit/604.1.38 (KHTML, like Gecko) Version/11.0 Mobile/15A372 Safari/604.1
error:2019-09-26 10:07:32[right meow!]  userlogininfl 错误主页 GET -- /mjdindex -- Mozilla/5.0 (iPhone; CPU iPhone OS 11_0 like Mac OS X) AppleWebKit/604.1.38 (KHTML, like Gecko) Version/11.0 Mobile/15A372 Safari/604.1
info:2019-09-26 10:07:36[right meow!]  GET -- /mjdindex -- Mozilla/5.0 (iPhone; CPU iPhone OS 11_0 like Mac OS X) AppleWebKit/604.1.38 (KHTML, like Gecko) Version/11.0 Mobile/15A372 Safari/604.1
error:2019-09-26 10:07:36[right meow!]  userlogininfl 错误主页 GET -- /mjdindex -- Mozilla/5.0 (iPhone; CPU iPhone OS 11_0 like Mac OS X) AppleWebKit/604.1.38 (KHTML, like Gecko) Version/11.0 Mobile/15A372 Safari/604.1
info:2019-09-26 10:08:02[right meow!]  cde10j3登录成功 -- POST -- /userlogininfl -- Mozilla/5.0 (iPhone; CPU iPhone OS 11_0 like Mac OS X) AppleWebKit/604.1.38 (KHTML, like Gecko) Version/11.0 Mobile/15A372 Safari/604.1
info:2019-09-26 10:09:41[right meow!]  GET -- /mjdindex -- Mozilla/5.0 (iPhone; CPU iPhone OS 11_0 like Mac OS X) AppleWebKit/604.1.38 (KHTML, like Gecko) Version/11.0 Mobile/15A372 Safari/604.1
error:2019-09-26 10:09:41[right meow!]  userlogininfl 错误主页 GET -- /mjdindex -- Mozilla/5.0 (iPhone; CPU iPhone OS 11_0 like Mac OS X) AppleWebKit/604.1.38 (KHTML, like Gecko) Version/11.0 Mobile/15A372 Safari/604.1
info:2019-09-26 10:13:01[right meow!]  GET -- /mjdindex -- Mozilla/5.0 (iPhone; CPU iPhone OS 11_0 like Mac OS X) AppleWebKit/604.1.38 (KHTML, like Gecko) Version/11.0 Mobile/15A372 Safari/604.1
error:2019-09-26 10:13:01[right meow!]  userlogininfl 错误主页 GET -- /mjdindex -- Mozilla/5.0 (iPhone; CPU iPhone OS 11_0 like Mac OS X) AppleWebKit/604.1.38 (KHTML, like Gecko) Version/11.0 Mobile/15A372 Safari/604.1
info:2019-09-26 10:42:27[right meow!]  abcde_登录成功 -- POST -- /userlogininfl -- Mozilla/5.0 (iPhone; CPU iPhone OS 11_0 like Mac OS X) AppleWebKit/604.1.38 (KHTML, like Gecko) Version/11.0 Mobile/15A372 Safari/604.1
