[32minfo[39m:2019-10-24 08:54:07[right meow!]  redis connect 6379,127.0.0.1
[32minfo[39m:2019-10-24 08:54:10[right meow!]  mongodb connect success 27017,localhost
[32minfo[39m:2019-10-24 08:55:29[right meow!]  GET -- /api/mjdindex -- Mozilla/5.0 (Windows NT 10.0; Win64; x64) AppleWebKit/537.36 (KHTML, like Gecko) Chrome/75.0.3770.100 Safari/537.36
[32minfo[39m:2019-10-24 08:55:55[right meow!]  POST--/api/cartinfo--Mozilla/5.0 (iPhone; CPU iPhone OS 11_0 like Mac OS X) AppleWebKit/604.1.38 (KHTML, like Gecko) Version/11.0 Mobile/15A372 Safari/604.1
[32minfo[39m:2019-10-24 08:56:01[right meow!]  POST--/api/cartinfo--Mozilla/5.0 (iPhone; CPU iPhone OS 11_0 like Mac OS X) AppleWebKit/604.1.38 (KHTML, like Gecko) Version/11.0 Mobile/15A372 Safari/604.1
[32minfo[39m:2019-10-24 08:56:21[right meow!]  GET -- /api/mjdindex -- Mozilla/5.0 (iPhone; CPU iPhone OS 11_0 like Mac OS X) AppleWebKit/604.1.38 (KHTML, like Gecko) Version/11.0 Mobile/15A372 Safari/604.1
[32minfo[39m:2019-10-24 08:57:01[right meow!]  GET -- /api/mjdindex -- Mozilla/5.0 (iPhone; CPU iPhone OS 11_0 like Mac OS X) AppleWebKit/604.1.38 (KHTML, like Gecko) Version/11.0 Mobile/15A372 Safari/604.1
[32minfo[39m:2019-10-24 08:57:02[right meow!]  POST--/api/cartinfo--Mozilla/5.0 (iPhone; CPU iPhone OS 11_0 like Mac OS X) AppleWebKit/604.1.38 (KHTML, like Gecko) Version/11.0 Mobile/15A372 Safari/604.1
[32minfo[39m:2019-10-24 08:57:05[right meow!]  POST--/api/cartinfo--Mozilla/5.0 (iPhone; CPU iPhone OS 11_0 like Mac OS X) AppleWebKit/604.1.38 (KHTML, like Gecko) Version/11.0 Mobile/15A372 Safari/604.1
[32minfo[39m:2019-10-24 08:58:51[right meow!]  redis connect 6379,127.0.0.1
[32minfo[39m:2019-10-24 08:58:53[right meow!]  mongodb connect success 27017,localhost
[32minfo[39m:2019-10-24 08:59:12[right meow!]  GET -- /api/mjdindex -- Mozilla/5.0 (iPhone; CPU iPhone OS 11_0 like Mac OS X) AppleWebKit/604.1.38 (KHTML, like Gecko) Version/11.0 Mobile/15A372 Safari/604.1
[32minfo[39m:2019-10-24 08:59:13[right meow!]  POST--/api/cartinfo--Mozilla/5.0 (iPhone; CPU iPhone OS 11_0 like Mac OS X) AppleWebKit/604.1.38 (KHTML, like Gecko) Version/11.0 Mobile/15A372 Safari/604.1
[32minfo[39m:2019-10-24 09:00:10[right meow!]  POST--/api/cartinfo--Mozilla/5.0 (iPhone; CPU iPhone OS 11_0 like Mac OS X) AppleWebKit/604.1.38 (KHTML, like Gecko) Version/11.0 Mobile/15A372 Safari/604.1
[32minfo[39m:2019-10-24 09:00:13[right meow!]  GET -- /api/mjdindex -- Mozilla/5.0 (iPhone; CPU iPhone OS 11_0 like Mac OS X) AppleWebKit/604.1.38 (KHTML, like Gecko) Version/11.0 Mobile/15A372 Safari/604.1
[32minfo[39m:2019-10-24 09:00:15[right meow!]  POST--/api/cartinfo--Mozilla/5.0 (iPhone; CPU iPhone OS 11_0 like Mac OS X) AppleWebKit/604.1.38 (KHTML, like Gecko) Version/11.0 Mobile/15A372 Safari/604.1
[32minfo[39m:2019-10-24 09:00:27[right meow!]  GET -- /api/mjdindex -- Mozilla/5.0 (iPhone; CPU iPhone OS 11_0 like Mac OS X) AppleWebKit/604.1.38 (KHTML, like Gecko) Version/11.0 Mobile/15A372 Safari/604.1
[32minfo[39m:2019-10-24 09:01:24[right meow!]  POST--/api/cartinfo--Mozilla/5.0 (iPhone; CPU iPhone OS 11_0 like Mac OS X) AppleWebKit/604.1.38 (KHTML, like Gecko) Version/11.0 Mobile/15A372 Safari/604.1
[32minfo[39m:2019-10-24 09:01:30[right meow!]  GET -- /api/mjdindex -- Mozilla/5.0 (iPhone; CPU iPhone OS 11_0 like Mac OS X) AppleWebKit/604.1.38 (KHTML, like Gecko) Version/11.0 Mobile/15A372 Safari/604.1
[32minfo[39m:2019-10-24 09:02:02[right meow!]  POST--/api/cartinfo--Mozilla/5.0 (iPhone; CPU iPhone OS 11_0 like Mac OS X) AppleWebKit/604.1.38 (KHTML, like Gecko) Version/11.0 Mobile/15A372 Safari/604.1
[32minfo[39m:2019-10-24 09:02:08[right meow!]  GET -- /api/mjdindex -- Mozilla/5.0 (iPhone; CPU iPhone OS 11_0 like Mac OS X) AppleWebKit/604.1.38 (KHTML, like Gecko) Version/11.0 Mobile/15A372 Safari/604.1
[32minfo[39m:2019-10-24 09:02:59[right meow!]  redis connect 6379,127.0.0.1
[32minfo[39m:2019-10-24 09:03:01[right meow!]  mongodb connect success 27017,localhost
[32minfo[39m:2019-10-24 09:11:50[right meow!]  POST--/api/cartinfo--Mozilla/5.0 (iPhone; CPU iPhone OS 11_0 like Mac OS X) AppleWebKit/604.1.38 (KHTML, like Gecko) Version/11.0 Mobile/15A372 Safari/604.1
[32minfo[39m:2019-10-24 09:14:27[right meow!]  POST--/api/cartinfo--Mozilla/5.0 (iPhone; CPU iPhone OS 11_0 like Mac OS X) AppleWebKit/604.1.38 (KHTML, like Gecko) Version/11.0 Mobile/15A372 Safari/604.1
[32minfo[39m:2019-10-24 09:14:49[right meow!]  GET -- /api/mjdindex -- Mozilla/5.0 (iPhone; CPU iPhone OS 11_0 like Mac OS X) AppleWebKit/604.1.38 (KHTML, like Gecko) Version/11.0 Mobile/15A372 Safari/604.1
[32minfo[39m:2019-10-24 09:14:50[right meow!]  POST--/api/cartinfo--Mozilla/5.0 (iPhone; CPU iPhone OS 11_0 like Mac OS X) AppleWebKit/604.1.38 (KHTML, like Gecko) Version/11.0 Mobile/15A372 Safari/604.1
[32minfo[39m:2019-10-24 09:14:56[right meow!]  GET -- /api/mjdindex -- Mozilla/5.0 (iPhone; CPU iPhone OS 11_0 like Mac OS X) AppleWebKit/604.1.38 (KHTML, like Gecko) Version/11.0 Mobile/15A372 Safari/604.1
[32minfo[39m:2019-10-24 09:14:58[right meow!]  POST--/api/cartinfo--Mozilla/5.0 (iPhone; CPU iPhone OS 11_0 like Mac OS X) AppleWebKit/604.1.38 (KHTML, like Gecko) Version/11.0 Mobile/15A372 Safari/604.1
[32minfo[39m:2019-10-24 09:15:18[right meow!]  POST--/api/cartinfo--Mozilla/5.0 (iPhone; CPU iPhone OS 11_0 like Mac OS X) AppleWebKit/604.1.38 (KHTML, like Gecko) Version/11.0 Mobile/15A372 Safari/604.1
[32minfo[39m:2019-10-24 09:15:45[right meow!]  POST--/api/cartinfo--Mozilla/5.0 (iPhone; CPU iPhone OS 11_0 like Mac OS X) AppleWebKit/604.1.38 (KHTML, like Gecko) Version/11.0 Mobile/15A372 Safari/604.1
[32minfo[39m:2019-10-24 09:15:50[right meow!]  POST--/api/cartinfo--Mozilla/5.0 (iPhone; CPU iPhone OS 11_0 like Mac OS X) AppleWebKit/604.1.38 (KHTML, like Gecko) Version/11.0 Mobile/15A372 Safari/604.1
[32minfo[39m:2019-10-24 09:16:41[right meow!]  POST--/api/cartinfo--Mozilla/5.0 (iPhone; CPU iPhone OS 11_0 like Mac OS X) AppleWebKit/604.1.38 (KHTML, like Gecko) Version/11.0 Mobile/15A372 Safari/604.1
[32minfo[39m:2019-10-24 09:16:50[right meow!]  POST--/api/cartinfo--Mozilla/5.0 (iPhone; CPU iPhone OS 11_0 like Mac OS X) AppleWebKit/604.1.38 (KHTML, like Gecko) Version/11.0 Mobile/15A372 Safari/604.1
[32minfo[39m:2019-10-24 09:16:56[right meow!]  POST--/api/cartinfo--Mozilla/5.0 (iPhone; CPU iPhone OS 11_0 like Mac OS X) AppleWebKit/604.1.38 (KHTML, like Gecko) Version/11.0 Mobile/15A372 Safari/604.1
[32minfo[39m:2019-10-24 09:17:58[right meow!]  POST--/api/cartinfo--Mozilla/5.0 (iPhone; CPU iPhone OS 11_0 like Mac OS X) AppleWebKit/604.1.38 (KHTML, like Gecko) Version/11.0 Mobile/15A372 Safari/604.1
[32minfo[39m:2019-10-24 09:18:02[right meow!]  GET -- /api/mjdindex -- Mozilla/5.0 (iPhone; CPU iPhone OS 11_0 like Mac OS X) AppleWebKit/604.1.38 (KHTML, like Gecko) Version/11.0 Mobile/15A372 Safari/604.1
[32minfo[39m:2019-10-24 09:30:35[right meow!]  POST--/api/cartinfo--Mozilla/5.0 (iPhone; CPU iPhone OS 11_0 like Mac OS X) AppleWebKit/604.1.38 (KHTML, like Gecko) Version/11.0 Mobile/15A372 Safari/604.1
[32minfo[39m:2019-10-24 09:32:42[right meow!]  redis connect 6379,127.0.0.1
[32minfo[39m:2019-10-24 09:32:44[right meow!]  mongodb connect success 27017,localhost
[32minfo[39m:2019-10-24 09:33:50[right meow!]  POST--/api/cartinfo--Mozilla/5.0 (iPhone; CPU iPhone OS 11_0 like Mac OS X) AppleWebKit/604.1.38 (KHTML, like Gecko) Version/11.0 Mobile/15A372 Safari/604.1
[32minfo[39m:2019-10-24 09:35:03[right meow!]  POST--/api/cartinfo--Mozilla/5.0 (iPhone; CPU iPhone OS 11_0 like Mac OS X) AppleWebKit/604.1.38 (KHTML, like Gecko) Version/11.0 Mobile/15A372 Safari/604.1
[32minfo[39m:2019-10-24 09:35:09[right meow!]  POST--/api/cartinfo--Mozilla/5.0 (iPhone; CPU iPhone OS 11_0 like Mac OS X) AppleWebKit/604.1.38 (KHTML, like Gecko) Version/11.0 Mobile/15A372 Safari/604.1
[32minfo[39m:2019-10-24 09:36:44[right meow!]  POST--/api/cartinfo--Mozilla/5.0 (iPhone; CPU iPhone OS 11_0 like Mac OS X) AppleWebKit/604.1.38 (KHTML, like Gecko) Version/11.0 Mobile/15A372 Safari/604.1
[32minfo[39m:2019-10-24 09:37:23[right meow!]  POST--/api/cartinfo--Mozilla/5.0 (iPhone; CPU iPhone OS 11_0 like Mac OS X) AppleWebKit/604.1.38 (KHTML, like Gecko) Version/11.0 Mobile/15A372 Safari/604.1
[32minfo[39m:2019-10-24 09:37:27[right meow!]  GET -- /api/mjdindex -- Mozilla/5.0 (iPhone; CPU iPhone OS 11_0 like Mac OS X) AppleWebKit/604.1.38 (KHTML, like Gecko) Version/11.0 Mobile/15A372 Safari/604.1
[32minfo[39m:2019-10-24 09:37:29[right meow!]  POST--/api/cartinfo--Mozilla/5.0 (iPhone; CPU iPhone OS 11_0 like Mac OS X) AppleWebKit/604.1.38 (KHTML, like Gecko) Version/11.0 Mobile/15A372 Safari/604.1
[32minfo[39m:2019-10-24 09:37:33[right meow!]  GET -- /api/mjdindex -- Mozilla/5.0 (iPhone; CPU iPhone OS 11_0 like Mac OS X) AppleWebKit/604.1.38 (KHTML, like Gecko) Version/11.0 Mobile/15A372 Safari/604.1
[32minfo[39m:2019-10-24 09:37:58[right meow!]  POST--/api/cartinfo--Mozilla/5.0 (iPhone; CPU iPhone OS 11_0 like Mac OS X) AppleWebKit/604.1.38 (KHTML, like Gecko) Version/11.0 Mobile/15A372 Safari/604.1
[32minfo[39m:2019-10-24 09:39:04[right meow!]  GET -- /api/mjdindex -- Mozilla/5.0 (iPhone; CPU iPhone OS 11_0 like Mac OS X) AppleWebKit/604.1.38 (KHTML, like Gecko) Version/11.0 Mobile/15A372 Safari/604.1
[32minfo[39m:2019-10-24 09:39:07[right meow!]  undefined已经成功退出登录 -- POST -- /api/loginout -- Mozilla/5.0 (iPhone; CPU iPhone OS 11_0 like Mac OS X) AppleWebKit/604.1.38 (KHTML, like Gecko) Version/11.0 Mobile/15A372 Safari/604.1
[32minfo[39m:2019-10-24 09:39:25[right meow!]  bbbbbb登录成功 -- POST -- /api/userlogininfl -- Mozilla/5.0 (iPhone; CPU iPhone OS 11_0 like Mac OS X) AppleWebKit/604.1.38 (KHTML, like Gecko) Version/11.0 Mobile/15A372 Safari/604.1
[32minfo[39m:2019-10-24 09:39:28[right meow!]  POST--/api/cartinfo--Mozilla/5.0 (iPhone; CPU iPhone OS 11_0 like Mac OS X) AppleWebKit/604.1.38 (KHTML, like Gecko) Version/11.0 Mobile/15A372 Safari/604.1
[32minfo[39m:2019-10-24 09:41:53[right meow!]  GET -- /api/mjdindex -- Mozilla/5.0 (iPhone; CPU iPhone OS 11_0 like Mac OS X) AppleWebKit/604.1.38 (KHTML, like Gecko) Version/11.0 Mobile/15A372 Safari/604.1
[32minfo[39m:2019-10-24 09:41:56[right meow!]  POST--/api/cartinfo--Mozilla/5.0 (iPhone; CPU iPhone OS 11_0 like Mac OS X) AppleWebKit/604.1.38 (KHTML, like Gecko) Version/11.0 Mobile/15A372 Safari/604.1
[32minfo[39m:2019-10-24 09:44:06[right meow!]  redis connect 6379,127.0.0.1
[32minfo[39m:2019-10-24 09:44:08[right meow!]  mongodb connect success 27017,localhost
[32minfo[39m:2019-10-24 09:44:50[right meow!]  POST--/api/cartinfo--Mozilla/5.0 (iPhone; CPU iPhone OS 11_0 like Mac OS X) AppleWebKit/604.1.38 (KHTML, like Gecko) Version/11.0 Mobile/15A372 Safari/604.1
[32minfo[39m:2019-10-24 09:44:53[right meow!]  POST--/api/cartinfo--Mozilla/5.0 (iPhone; CPU iPhone OS 11_0 like Mac OS X) AppleWebKit/604.1.38 (KHTML, like Gecko) Version/11.0 Mobile/15A372 Safari/604.1
[32minfo[39m:2019-10-24 09:45:35[right meow!]  GET -- /api/mjdindex -- Mozilla/5.0 (iPhone; CPU iPhone OS 11_0 like Mac OS X) AppleWebKit/604.1.38 (KHTML, like Gecko) Version/11.0 Mobile/15A372 Safari/604.1
[32minfo[39m:2019-10-24 09:45:37[right meow!]  POST--/api/cartinfo--Mozilla/5.0 (iPhone; CPU iPhone OS 11_0 like Mac OS X) AppleWebKit/604.1.38 (KHTML, like Gecko) Version/11.0 Mobile/15A372 Safari/604.1
[32minfo[39m:2019-10-24 09:45:39[right meow!]  GET -- /api/mjdindex -- Mozilla/5.0 (iPhone; CPU iPhone OS 11_0 like Mac OS X) AppleWebKit/604.1.38 (KHTML, like Gecko) Version/11.0 Mobile/15A372 Safari/604.1
[32minfo[39m:2019-10-24 09:45:40[right meow!]  POST -- /api/searchbycatagrorty -- Mozilla/5.0 (iPhone; CPU iPhone OS 11_0 like Mac OS X) AppleWebKit/604.1.38 (KHTML, like Gecko) Version/11.0 Mobile/15A372 Safari/604.1
[32minfo[39m:2019-10-24 09:45:42[right meow!]  GET -- /api/mjdindex -- Mozilla/5.0 (iPhone; CPU iPhone OS 11_0 like Mac OS X) AppleWebKit/604.1.38 (KHTML, like Gecko) Version/11.0 Mobile/15A372 Safari/604.1
[32minfo[39m:2019-10-24 09:47:18[right meow!]  POST--/api/cartinfo--Mozilla/5.0 (iPhone; CPU iPhone OS 11_0 like Mac OS X) AppleWebKit/604.1.38 (KHTML, like Gecko) Version/11.0 Mobile/15A372 Safari/604.1
[32minfo[39m:2019-10-24 09:48:13[right meow!]  POST--/api/cartinfo--Mozilla/5.0 (iPhone; CPU iPhone OS 11_0 like Mac OS X) AppleWebKit/604.1.38 (KHTML, like Gecko) Version/11.0 Mobile/15A372 Safari/604.1
[32minfo[39m:2019-10-24 09:48:15[right meow!]  GET -- /api/mjdindex -- Mozilla/5.0 (iPhone; CPU iPhone OS 11_0 like Mac OS X) AppleWebKit/604.1.38 (KHTML, like Gecko) Version/11.0 Mobile/15A372 Safari/604.1
[32minfo[39m:2019-10-24 09:48:16[right meow!]  POST -- /api/searchbycatagrorty -- Mozilla/5.0 (iPhone; CPU iPhone OS 11_0 like Mac OS X) AppleWebKit/604.1.38 (KHTML, like Gecko) Version/11.0 Mobile/15A372 Safari/604.1
[32minfo[39m:2019-10-24 09:48:17[right meow!]  POST--/api/cartinfo--Mozilla/5.0 (iPhone; CPU iPhone OS 11_0 like Mac OS X) AppleWebKit/604.1.38 (KHTML, like Gecko) Version/11.0 Mobile/15A372 Safari/604.1
[32minfo[39m:2019-10-24 09:48:20[right meow!]  GET -- /api/mjdindex -- Mozilla/5.0 (iPhone; CPU iPhone OS 11_0 like Mac OS X) AppleWebKit/604.1.38 (KHTML, like Gecko) Version/11.0 Mobile/15A372 Safari/604.1
[32minfo[39m:2019-10-24 09:48:24[right meow!]  POST -- /api/searchbycatagrorty -- Mozilla/5.0 (iPhone; CPU iPhone OS 11_0 like Mac OS X) AppleWebKit/604.1.38 (KHTML, like Gecko) Version/11.0 Mobile/15A372 Safari/604.1
[32minfo[39m:2019-10-24 09:48:27[right meow!]  POST--/api/cartinfo--Mozilla/5.0 (iPhone; CPU iPhone OS 11_0 like Mac OS X) AppleWebKit/604.1.38 (KHTML, like Gecko) Version/11.0 Mobile/15A372 Safari/604.1
[32minfo[39m:2019-10-24 09:48:29[right meow!]  GET -- /api/mjdindex -- Mozilla/5.0 (iPhone; CPU iPhone OS 11_0 like Mac OS X) AppleWebKit/604.1.38 (KHTML, like Gecko) Version/11.0 Mobile/15A372 Safari/604.1
[32minfo[39m:2019-10-24 09:48:32[right meow!]  GET -- /api/mjdindex -- Mozilla/5.0 (iPhone; CPU iPhone OS 11_0 like Mac OS X) AppleWebKit/604.1.38 (KHTML, like Gecko) Version/11.0 Mobile/15A372 Safari/604.1
[32minfo[39m:2019-10-24 09:50:05[right meow!]  GET -- /api/mjdindex -- Mozilla/5.0 (iPhone; CPU iPhone OS 11_0 like Mac OS X) AppleWebKit/604.1.38 (KHTML, like Gecko) Version/11.0 Mobile/15A372 Safari/604.1
[32minfo[39m:2019-10-24 09:50:14[right meow!]  POST -- /api/searchbycatagrorty -- Mozilla/5.0 (iPhone; CPU iPhone OS 11_0 like Mac OS X) AppleWebKit/604.1.38 (KHTML, like Gecko) Version/11.0 Mobile/15A372 Safari/604.1
[32minfo[39m:2019-10-24 09:50:14[right meow!]  POST--/api/cartinfo--Mozilla/5.0 (iPhone; CPU iPhone OS 11_0 like Mac OS X) AppleWebKit/604.1.38 (KHTML, like Gecko) Version/11.0 Mobile/15A372 Safari/604.1
[32minfo[39m:2019-10-24 09:50:19[right meow!]  GET -- /api/mjdindex -- Mozilla/5.0 (iPhone; CPU iPhone OS 11_0 like Mac OS X) AppleWebKit/604.1.38 (KHTML, like Gecko) Version/11.0 Mobile/15A372 Safari/604.1
[32minfo[39m:2019-10-24 09:53:14[right meow!]  GET -- /api/mjdindex -- Mozilla/5.0 (iPhone; CPU iPhone OS 11_0 like Mac OS X) AppleWebKit/604.1.38 (KHTML, like Gecko) Version/11.0 Mobile/15A372 Safari/604.1
[32minfo[39m:2019-10-24 09:53:33[right meow!]  GET -- /api/mjdindex -- Mozilla/5.0 (iPhone; CPU iPhone OS 11_0 like Mac OS X) AppleWebKit/604.1.38 (KHTML, like Gecko) Version/11.0 Mobile/15A372 Safari/604.1
[32minfo[39m:2019-10-24 09:53:38[right meow!]  POST -- /api/searchbycatagrorty -- Mozilla/5.0 (iPhone; CPU iPhone OS 11_0 like Mac OS X) AppleWebKit/604.1.38 (KHTML, like Gecko) Version/11.0 Mobile/15A372 Safari/604.1
[32minfo[39m:2019-10-24 09:53:39[right meow!]  POST--/api/cartinfo--Mozilla/5.0 (iPhone; CPU iPhone OS 11_0 like Mac OS X) AppleWebKit/604.1.38 (KHTML, like Gecko) Version/11.0 Mobile/15A372 Safari/604.1
[32minfo[39m:2019-10-24 09:53:41[right meow!]  GET -- /api/mjdindex -- Mozilla/5.0 (iPhone; CPU iPhone OS 11_0 like Mac OS X) AppleWebKit/604.1.38 (KHTML, like Gecko) Version/11.0 Mobile/15A372 Safari/604.1
[32minfo[39m:2019-10-24 09:56:46[right meow!]  GET -- /api/mjdindex -- Mozilla/5.0 (iPhone; CPU iPhone OS 11_0 like Mac OS X) AppleWebKit/604.1.38 (KHTML, like Gecko) Version/11.0 Mobile/15A372 Safari/604.1
[32minfo[39m:2019-10-24 09:56:48[right meow!]  POST -- /api/searchbycatagrorty -- Mozilla/5.0 (iPhone; CPU iPhone OS 11_0 like Mac OS X) AppleWebKit/604.1.38 (KHTML, like Gecko) Version/11.0 Mobile/15A372 Safari/604.1
[32minfo[39m:2019-10-24 09:56:49[right meow!]  GET -- /api/mjdindex -- Mozilla/5.0 (iPhone; CPU iPhone OS 11_0 like Mac OS X) AppleWebKit/604.1.38 (KHTML, like Gecko) Version/11.0 Mobile/15A372 Safari/604.1
[32minfo[39m:2019-10-24 09:58:24[right meow!]  POST -- /api/searchbycatagrorty -- Mozilla/5.0 (iPhone; CPU iPhone OS 11_0 like Mac OS X) AppleWebKit/604.1.38 (KHTML, like Gecko) Version/11.0 Mobile/15A372 Safari/604.1
[32minfo[39m:2019-10-24 09:58:25[right meow!]  POST--/api/cartinfo--Mozilla/5.0 (iPhone; CPU iPhone OS 11_0 like Mac OS X) AppleWebKit/604.1.38 (KHTML, like Gecko) Version/11.0 Mobile/15A372 Safari/604.1
[32minfo[39m:2019-10-24 09:58:27[right meow!]  GET -- /api/mjdindex -- Mozilla/5.0 (iPhone; CPU iPhone OS 11_0 like Mac OS X) AppleWebKit/604.1.38 (KHTML, like Gecko) Version/11.0 Mobile/15A372 Safari/604.1
[32minfo[39m:2019-10-24 09:58:28[right meow!]  POST -- /api/searchbycatagrorty -- Mozilla/5.0 (iPhone; CPU iPhone OS 11_0 like Mac OS X) AppleWebKit/604.1.38 (KHTML, like Gecko) Version/11.0 Mobile/15A372 Safari/604.1
[32minfo[39m:2019-10-24 09:58:29[right meow!]  POST--/api/cartinfo--Mozilla/5.0 (iPhone; CPU iPhone OS 11_0 like Mac OS X) AppleWebKit/604.1.38 (KHTML, like Gecko) Version/11.0 Mobile/15A372 Safari/604.1
[32minfo[39m:2019-10-24 09:58:30[right meow!]  GET -- /api/mjdindex -- Mozilla/5.0 (iPhone; CPU iPhone OS 11_0 like Mac OS X) AppleWebKit/604.1.38 (KHTML, like Gecko) Version/11.0 Mobile/15A372 Safari/604.1
[32minfo[39m:2019-10-24 09:58:35[right meow!]  POST--/api/cartinfo--Mozilla/5.0 (iPhone; CPU iPhone OS 11_0 like Mac OS X) AppleWebKit/604.1.38 (KHTML, like Gecko) Version/11.0 Mobile/15A372 Safari/604.1
[32minfo[39m:2019-10-24 09:58:38[right meow!]  GET -- /api/mjdindex -- Mozilla/5.0 (iPhone; CPU iPhone OS 11_0 like Mac OS X) AppleWebKit/604.1.38 (KHTML, like Gecko) Version/11.0 Mobile/15A372 Safari/604.1
[32minfo[39m:2019-10-24 09:58:39[right meow!]  POST -- /api/searchbycatagrorty -- Mozilla/5.0 (iPhone; CPU iPhone OS 11_0 like Mac OS X) AppleWebKit/604.1.38 (KHTML, like Gecko) Version/11.0 Mobile/15A372 Safari/604.1
[32minfo[39m:2019-10-24 09:58:40[right meow!]  POST -- /api/searchbycatagrorty -- Mozilla/5.0 (iPhone; CPU iPhone OS 11_0 like Mac OS X) AppleWebKit/604.1.38 (KHTML, like Gecko) Version/11.0 Mobile/15A372 Safari/604.1
[32minfo[39m:2019-10-24 09:58:41[right meow!]  POST -- /api/searchbycatagrorty -- Mozilla/5.0 (iPhone; CPU iPhone OS 11_0 like Mac OS X) AppleWebKit/604.1.38 (KHTML, like Gecko) Version/11.0 Mobile/15A372 Safari/604.1
[32minfo[39m:2019-10-24 09:58:41[right meow!]  POST -- /api/searchbycatagrorty -- Mozilla/5.0 (iPhone; CPU iPhone OS 11_0 like Mac OS X) AppleWebKit/604.1.38 (KHTML, like Gecko) Version/11.0 Mobile/15A372 Safari/604.1
[32minfo[39m:2019-10-24 09:58:42[right meow!]  POST -- /api/searchbycatagrorty -- Mozilla/5.0 (iPhone; CPU iPhone OS 11_0 like Mac OS X) AppleWebKit/604.1.38 (KHTML, like Gecko) Version/11.0 Mobile/15A372 Safari/604.1
[32minfo[39m:2019-10-24 09:58:43[right meow!]  POST -- /api/searchbycatagrorty -- Mozilla/5.0 (iPhone; CPU iPhone OS 11_0 like Mac OS X) AppleWebKit/604.1.38 (KHTML, like Gecko) Version/11.0 Mobile/15A372 Safari/604.1
[32minfo[39m:2019-10-24 09:58:43[right meow!]  POST -- /api/searchbycatagrorty -- Mozilla/5.0 (iPhone; CPU iPhone OS 11_0 like Mac OS X) AppleWebKit/604.1.38 (KHTML, like Gecko) Version/11.0 Mobile/15A372 Safari/604.1
[32minfo[39m:2019-10-24 09:58:44[right meow!]  POST -- /api/searchbycatagrorty -- Mozilla/5.0 (iPhone; CPU iPhone OS 11_0 like Mac OS X) AppleWebKit/604.1.38 (KHTML, like Gecko) Version/11.0 Mobile/15A372 Safari/604.1
[32minfo[39m:2019-10-24 09:58:44[right meow!]  POST -- /api/searchbycatagrorty -- Mozilla/5.0 (iPhone; CPU iPhone OS 11_0 like Mac OS X) AppleWebKit/604.1.38 (KHTML, like Gecko) Version/11.0 Mobile/15A372 Safari/604.1
[32minfo[39m:2019-10-24 09:58:47[right meow!]  POST -- /api/searchbycatagrorty -- Mozilla/5.0 (iPhone; CPU iPhone OS 11_0 like Mac OS X) AppleWebKit/604.1.38 (KHTML, like Gecko) Version/11.0 Mobile/15A372 Safari/604.1
[32minfo[39m:2019-10-24 09:58:47[right meow!]  POST -- /api/searchbycatagrorty -- Mozilla/5.0 (iPhone; CPU iPhone OS 11_0 like Mac OS X) AppleWebKit/604.1.38 (KHTML, like Gecko) Version/11.0 Mobile/15A372 Safari/604.1
[32minfo[39m:2019-10-24 09:58:48[right meow!]  POST -- /api/searchbycatagrorty -- Mozilla/5.0 (iPhone; CPU iPhone OS 11_0 like Mac OS X) AppleWebKit/604.1.38 (KHTML, like Gecko) Version/11.0 Mobile/15A372 Safari/604.1
[32minfo[39m:2019-10-24 09:58:49[right meow!]  POST -- /api/searchbycatagrorty -- Mozilla/5.0 (iPhone; CPU iPhone OS 11_0 like Mac OS X) AppleWebKit/604.1.38 (KHTML, like Gecko) Version/11.0 Mobile/15A372 Safari/604.1
[32minfo[39m:2019-10-24 09:58:50[right meow!]  POST -- /api/searchbycatagrorty -- Mozilla/5.0 (iPhone; CPU iPhone OS 11_0 like Mac OS X) AppleWebKit/604.1.38 (KHTML, like Gecko) Version/11.0 Mobile/15A372 Safari/604.1
[32minfo[39m:2019-10-24 09:58:53[right meow!]  POST -- /api/searchbycatagrorty -- Mozilla/5.0 (iPhone; CPU iPhone OS 11_0 like Mac OS X) AppleWebKit/604.1.38 (KHTML, like Gecko) Version/11.0 Mobile/15A372 Safari/604.1
[32minfo[39m:2019-10-24 09:58:55[right meow!]  POST -- /api/searchbycatagrorty -- Mozilla/5.0 (iPhone; CPU iPhone OS 11_0 like Mac OS X) AppleWebKit/604.1.38 (KHTML, like Gecko) Version/11.0 Mobile/15A372 Safari/604.1
[32minfo[39m:2019-10-24 09:58:55[right meow!]  POST -- /api/searchbycatagrorty -- Mozilla/5.0 (iPhone; CPU iPhone OS 11_0 like Mac OS X) AppleWebKit/604.1.38 (KHTML, like Gecko) Version/11.0 Mobile/15A372 Safari/604.1
[32minfo[39m:2019-10-24 09:58:56[right meow!]  POST -- /api/searchbycatagrorty -- Mozilla/5.0 (iPhone; CPU iPhone OS 11_0 like Mac OS X) AppleWebKit/604.1.38 (KHTML, like Gecko) Version/11.0 Mobile/15A372 Safari/604.1
[32minfo[39m:2019-10-24 09:58:56[right meow!]  POST -- /api/searchbycatagrorty -- Mozilla/5.0 (iPhone; CPU iPhone OS 11_0 like Mac OS X) AppleWebKit/604.1.38 (KHTML, like Gecko) Version/11.0 Mobile/15A372 Safari/604.1
[32minfo[39m:2019-10-24 09:58:57[right meow!]  POST -- /api/searchbycatagrorty -- Mozilla/5.0 (iPhone; CPU iPhone OS 11_0 like Mac OS X) AppleWebKit/604.1.38 (KHTML, like Gecko) Version/11.0 Mobile/15A372 Safari/604.1
[32minfo[39m:2019-10-24 09:58:58[right meow!]  POST -- /api/searchbycatagrorty -- Mozilla/5.0 (iPhone; CPU iPhone OS 11_0 like Mac OS X) AppleWebKit/604.1.38 (KHTML, like Gecko) Version/11.0 Mobile/15A372 Safari/604.1
[32minfo[39m:2019-10-24 09:58:59[right meow!]  POST -- /api/searchbycatagrorty -- Mozilla/5.0 (iPhone; CPU iPhone OS 11_0 like Mac OS X) AppleWebKit/604.1.38 (KHTML, like Gecko) Version/11.0 Mobile/15A372 Safari/604.1
[32minfo[39m:2019-10-24 09:59:00[right meow!]  POST -- /api/searchbycatagrorty -- Mozilla/5.0 (iPhone; CPU iPhone OS 11_0 like Mac OS X) AppleWebKit/604.1.38 (KHTML, like Gecko) Version/11.0 Mobile/15A372 Safari/604.1
[32minfo[39m:2019-10-24 09:59:01[right meow!]  POST -- /api/searchbycatagrorty -- Mozilla/5.0 (iPhone; CPU iPhone OS 11_0 like Mac OS X) AppleWebKit/604.1.38 (KHTML, like Gecko) Version/11.0 Mobile/15A372 Safari/604.1
[32minfo[39m:2019-10-24 09:59:02[right meow!]  POST -- /api/searchbycatagrorty -- Mozilla/5.0 (iPhone; CPU iPhone OS 11_0 like Mac OS X) AppleWebKit/604.1.38 (KHTML, like Gecko) Version/11.0 Mobile/15A372 Safari/604.1
[32minfo[39m:2019-10-24 10:00:15[right meow!]  GET -- /api/mjdindex -- Mozilla/5.0 (iPhone; CPU iPhone OS 11_0 like Mac OS X) AppleWebKit/604.1.38 (KHTML, like Gecko) Version/11.0 Mobile/15A372 Safari/604.1
[32minfo[39m:2019-10-24 10:00:15[right meow!]  POST--/api/cartinfo--Mozilla/5.0 (iPhone; CPU iPhone OS 11_0 like Mac OS X) AppleWebKit/604.1.38 (KHTML, like Gecko) Version/11.0 Mobile/15A372 Safari/604.1
[32minfo[39m:2019-10-24 10:00:18[right meow!]  GET -- /api/mjdindex -- Mozilla/5.0 (iPhone; CPU iPhone OS 11_0 like Mac OS X) AppleWebKit/604.1.38 (KHTML, like Gecko) Version/11.0 Mobile/15A372 Safari/604.1
[32minfo[39m:2019-10-24 10:00:20[right meow!]  GET -- /api/mjdindex -- Mozilla/5.0 (iPhone; CPU iPhone OS 11_0 like Mac OS X) AppleWebKit/604.1.38 (KHTML, like Gecko) Version/11.0 Mobile/15A372 Safari/604.1
[32minfo[39m:2019-10-24 10:00:22[right meow!]  POST--/api/cartinfo--Mozilla/5.0 (iPhone; CPU iPhone OS 11_0 like Mac OS X) AppleWebKit/604.1.38 (KHTML, like Gecko) Version/11.0 Mobile/15A372 Safari/604.1
[32minfo[39m:2019-10-24 10:00:23[right meow!]  GET -- /api/mjdindex -- Mozilla/5.0 (iPhone; CPU iPhone OS 11_0 like Mac OS X) AppleWebKit/604.1.38 (KHTML, like Gecko) Version/11.0 Mobile/15A372 Safari/604.1
[32minfo[39m:2019-10-24 10:00:32[right meow!]  POST -- /api/searchbycatagrorty -- Mozilla/5.0 (iPhone; CPU iPhone OS 11_0 like Mac OS X) AppleWebKit/604.1.38 (KHTML, like Gecko) Version/11.0 Mobile/15A372 Safari/604.1
[32minfo[39m:2019-10-24 10:00:34[right meow!]  POST--/api/cartinfo--Mozilla/5.0 (iPhone; CPU iPhone OS 11_0 like Mac OS X) AppleWebKit/604.1.38 (KHTML, like Gecko) Version/11.0 Mobile/15A372 Safari/604.1
[32minfo[39m:2019-10-24 10:00:35[right meow!]  GET -- /api/mjdindex -- Mozilla/5.0 (iPhone; CPU iPhone OS 11_0 like Mac OS X) AppleWebKit/604.1.38 (KHTML, like Gecko) Version/11.0 Mobile/15A372 Safari/604.1
[32minfo[39m:2019-10-24 10:00:38[right meow!]  POST--/api/cartinfo--Mozilla/5.0 (iPhone; CPU iPhone OS 11_0 like Mac OS X) AppleWebKit/604.1.38 (KHTML, like Gecko) Version/11.0 Mobile/15A372 Safari/604.1
[32minfo[39m:2019-10-24 10:00:41[right meow!]  GET -- /api/mjdindex -- Mozilla/5.0 (iPhone; CPU iPhone OS 11_0 like Mac OS X) AppleWebKit/604.1.38 (KHTML, like Gecko) Version/11.0 Mobile/15A372 Safari/604.1
[32minfo[39m:2019-10-24 10:00:55[right meow!]  POST -- /api/searchbycatagrorty -- Mozilla/5.0 (iPhone; CPU iPhone OS 11_0 like Mac OS X) AppleWebKit/604.1.38 (KHTML, like Gecko) Version/11.0 Mobile/15A372 Safari/604.1
[32minfo[39m:2019-10-24 10:00:55[right meow!]  GET -- /api/mjdindex -- Mozilla/5.0 (iPhone; CPU iPhone OS 11_0 like Mac OS X) AppleWebKit/604.1.38 (KHTML, like Gecko) Version/11.0 Mobile/15A372 Safari/604.1
[32minfo[39m:2019-10-24 10:02:47[right meow!]  redis connect 6379,127.0.0.1
[32minfo[39m:2019-10-24 10:02:49[right meow!]  mongodb connect success 27017,localhost
[32minfo[39m:2019-10-24 10:07:14[right meow!]  POST--/api/cartinfo--Mozilla/5.0 (iPhone; CPU iPhone OS 11_0 like Mac OS X) AppleWebKit/604.1.38 (KHTML, like Gecko) Version/11.0 Mobile/15A372 Safari/604.1
[32minfo[39m:2019-10-24 10:07:15[right meow!]  GET -- /api/mjdindex -- Mozilla/5.0 (iPhone; CPU iPhone OS 11_0 like Mac OS X) AppleWebKit/604.1.38 (KHTML, like Gecko) Version/11.0 Mobile/15A372 Safari/604.1
[32minfo[39m:2019-10-24 10:07:16[right meow!]  POST--/api/cartinfo--Mozilla/5.0 (iPhone; CPU iPhone OS 11_0 like Mac OS X) AppleWebKit/604.1.38 (KHTML, like Gecko) Version/11.0 Mobile/15A372 Safari/604.1
[32minfo[39m:2019-10-24 10:07:18[right meow!]  GET -- /api/mjdindex -- Mozilla/5.0 (iPhone; CPU iPhone OS 11_0 like Mac OS X) AppleWebKit/604.1.38 (KHTML, like Gecko) Version/11.0 Mobile/15A372 Safari/604.1
[32minfo[39m:2019-10-24 10:16:47[right meow!]  POST -- /api/searchbycatagrorty -- Mozilla/5.0 (iPhone; CPU iPhone OS 11_0 like Mac OS X) AppleWebKit/604.1.38 (KHTML, like Gecko) Version/11.0 Mobile/15A372 Safari/604.1
[32minfo[39m:2019-10-24 10:16:48[right meow!]  POST--/api/cartinfo--Mozilla/5.0 (iPhone; CPU iPhone OS 11_0 like Mac OS X) AppleWebKit/604.1.38 (KHTML, like Gecko) Version/11.0 Mobile/15A372 Safari/604.1
[32minfo[39m:2019-10-24 10:16:50[right meow!]  GET -- /api/mjdindex -- Mozilla/5.0 (iPhone; CPU iPhone OS 11_0 like Mac OS X) AppleWebKit/604.1.38 (KHTML, like Gecko) Version/11.0 Mobile/15A372 Safari/604.1
[32minfo[39m:2019-10-24 10:17:02[right meow!]  GET -- /api/mjdindex -- Mozilla/5.0 (iPhone; CPU iPhone OS 11_0 like Mac OS X) AppleWebKit/604.1.38 (KHTML, like Gecko) Version/11.0 Mobile/15A372 Safari/604.1
[32minfo[39m:2019-10-24 10:17:03[right meow!]  POST -- /api/searchbycatagrorty -- Mozilla/5.0 (iPhone; CPU iPhone OS 11_0 like Mac OS X) AppleWebKit/604.1.38 (KHTML, like Gecko) Version/11.0 Mobile/15A372 Safari/604.1
[32minfo[39m:2019-10-24 10:18:09[right meow!]  POST--/api/cartinfo--Mozilla/5.0 (iPhone; CPU iPhone OS 11_0 like Mac OS X) AppleWebKit/604.1.38 (KHTML, like Gecko) Version/11.0 Mobile/15A372 Safari/604.1
[32minfo[39m:2019-10-24 10:29:26[right meow!]  redis connect 6379,127.0.0.1
[32minfo[39m:2019-10-24 10:29:28[right meow!]  mongodb connect success 27017,localhost
[32minfo[39m:2019-10-24 10:35:24[right meow!]  redis connect 6379,127.0.0.1
[32minfo[39m:2019-10-24 10:35:26[right meow!]  mongodb connect success 27017,localhost
[32minfo[39m:2019-10-24 10:38:03[right meow!]  POST--/api/cartinfo--Mozilla/5.0 (iPhone; CPU iPhone OS 11_0 like Mac OS X) AppleWebKit/604.1.38 (KHTML, like Gecko) Version/11.0 Mobile/15A372 Safari/604.1
[32minfo[39m:2019-10-24 10:38:39[right meow!]  GET -- /api/mjdindex -- Mozilla/5.0 (iPhone; CPU iPhone OS 11_0 like Mac OS X) AppleWebKit/604.1.38 (KHTML, like Gecko) Version/11.0 Mobile/15A372 Safari/604.1
[32minfo[39m:2019-10-24 10:38:57[right meow!]  GET -- /api/mjdindex -- Mozilla/5.0 (iPhone; CPU iPhone OS 11_0 like Mac OS X) AppleWebKit/604.1.38 (KHTML, like Gecko) Version/11.0 Mobile/15A372 Safari/604.1
[32minfo[39m:2019-10-24 10:39:00[right meow!]  POST -- /api/searchbycatagrorty -- Mozilla/5.0 (iPhone; CPU iPhone OS 11_0 like Mac OS X) AppleWebKit/604.1.38 (KHTML, like Gecko) Version/11.0 Mobile/15A372 Safari/604.1
[32minfo[39m:2019-10-24 10:39:00[right meow!]  GET -- /api/mjdindex -- Mozilla/5.0 (iPhone; CPU iPhone OS 11_0 like Mac OS X) AppleWebKit/604.1.38 (KHTML, like Gecko) Version/11.0 Mobile/15A372 Safari/604.1
[32minfo[39m:2019-10-24 10:39:01[right meow!]  POST -- /api/searchbycatagrorty -- Mozilla/5.0 (iPhone; CPU iPhone OS 11_0 like Mac OS X) AppleWebKit/604.1.38 (KHTML, like Gecko) Version/11.0 Mobile/15A372 Safari/604.1
[32minfo[39m:2019-10-24 10:39:01[right meow!]  POST--/api/cartinfo--Mozilla/5.0 (iPhone; CPU iPhone OS 11_0 like Mac OS X) AppleWebKit/604.1.38 (KHTML, like Gecko) Version/11.0 Mobile/15A372 Safari/604.1
[32minfo[39m:2019-10-24 10:39:03[right meow!]  GET -- /api/mjdindex -- Mozilla/5.0 (iPhone; CPU iPhone OS 11_0 like Mac OS X) AppleWebKit/604.1.38 (KHTML, like Gecko) Version/11.0 Mobile/15A372 Safari/604.1
[32minfo[39m:2019-10-24 10:39:07[right meow!]  GET -- /api/mjdindex -- Mozilla/5.0 (iPhone; CPU iPhone OS 11_0 like Mac OS X) AppleWebKit/604.1.38 (KHTML, like Gecko) Version/11.0 Mobile/15A372 Safari/604.1
[32minfo[39m:2019-10-24 10:39:08[right meow!]  POST--/api/cartinfo--Mozilla/5.0 (iPhone; CPU iPhone OS 11_0 like Mac OS X) AppleWebKit/604.1.38 (KHTML, like Gecko) Version/11.0 Mobile/15A372 Safari/604.1
[32minfo[39m:2019-10-24 10:39:10[right meow!]  GET -- /api/mjdindex -- Mozilla/5.0 (iPhone; CPU iPhone OS 11_0 like Mac OS X) AppleWebKit/604.1.38 (KHTML, like Gecko) Version/11.0 Mobile/15A372 Safari/604.1
[32minfo[39m:2019-10-24 13:20:32[right meow!]  redis connect 6379,127.0.0.1
[32minfo[39m:2019-10-24 13:20:35[right meow!]  mongodb connect success 27017,localhost
[32minfo[39m:2019-10-24 13:24:04[right meow!]  GET -- /api/mjdindex -- Mozilla/5.0 (Windows NT 10.0; Win64; x64) AppleWebKit/537.36 (KHTML, like Gecko) Chrome/75.0.3770.100 Safari/537.36
[32minfo[39m:2019-10-24 15:11:05[right meow!]  GET -- /api/mjdindex -- Mozilla/5.0 (Windows NT 10.0; Win64; x64) AppleWebKit/537.36 (KHTML, like Gecko) Chrome/75.0.3770.100 Safari/537.36
[32minfo[39m:2019-10-24 15:16:04[right meow!]  redis connect 6379,127.0.0.1
[32minfo[39m:2019-10-24 15:16:06[right meow!]  mongodb connect success 27017,localhost
[32minfo[39m:2019-10-24 15:16:14[right meow!]  POST--/api/cartinfo--Mozilla/5.0 (iPhone; CPU iPhone OS 11_0 like Mac OS X) AppleWebKit/604.1.38 (KHTML, like Gecko) Version/11.0 Mobile/15A372 Safari/604.1
[32minfo[39m:2019-10-24 15:16:18[right meow!]  GET -- /api/mjdindex -- Mozilla/5.0 (iPhone; CPU iPhone OS 11_0 like Mac OS X) AppleWebKit/604.1.38 (KHTML, like Gecko) Version/11.0 Mobile/15A372 Safari/604.1
[32minfo[39m:2019-10-24 15:16:21[right meow!]  POST--/api/cartinfo--Mozilla/5.0 (iPhone; CPU iPhone OS 11_0 like Mac OS X) AppleWebKit/604.1.38 (KHTML, like Gecko) Version/11.0 Mobile/15A372 Safari/604.1
[32minfo[39m:2019-10-24 15:18:10[right meow!]  redis connect 6379,127.0.0.1
[32minfo[39m:2019-10-24 15:18:12[right meow!]  mongodb connect success 27017,localhost
[32minfo[39m:2019-10-24 15:20:31[right meow!]  redis connect 6379,127.0.0.1
[32minfo[39m:2019-10-24 15:20:33[right meow!]  mongodb connect success 27017,localhost
[32minfo[39m:2019-10-24 16:17:33[right meow!]  GET -- /api/mjdindex -- Mozilla/5.0 (iPhone; CPU iPhone OS 11_0 like Mac OS X) AppleWebKit/604.1.38 (KHTML, like Gecko) Version/11.0 Mobile/15A372 Safari/604.1
[32minfo[39m:2019-10-24 16:17:34[right meow!]  POST -- /api/searchbycatagrorty -- Mozilla/5.0 (iPhone; CPU iPhone OS 11_0 like Mac OS X) AppleWebKit/604.1.38 (KHTML, like Gecko) Version/11.0 Mobile/15A372 Safari/604.1
[32minfo[39m:2019-10-24 16:19:24[right meow!]  redis connect 6379,127.0.0.1
[32minfo[39m:2019-10-24 16:19:26[right meow!]  mongodb connect success 27017,localhost
[32minfo[39m:2019-10-24 16:20:57[right meow!]  redis connect 6379,127.0.0.1
[32minfo[39m:2019-10-24 16:20:59[right meow!]  mongodb connect success 27017,localhost
[32minfo[39m:2019-10-24 16:23:00[right meow!]  redis connect 6379,127.0.0.1
[32minfo[39m:2019-10-24 16:23:02[right meow!]  mongodb connect success 27017,localhost
[32minfo[39m:2019-10-24 16:25:55[right meow!]  redis connect 6379,127.0.0.1
[32minfo[39m:2019-10-24 16:25:57[right meow!]  mongodb connect success 27017,localhost
[32minfo[39m:2019-10-24 16:26:23[right meow!]  redis connect 6379,127.0.0.1
[32minfo[39m:2019-10-24 16:26:25[right meow!]  mongodb connect success 27017,localhost
[32minfo[39m:2019-10-24 16:26:31[right meow!]  POST--/api/cartinfo--Mozilla/5.0 (iPhone; CPU iPhone OS 11_0 like Mac OS X) AppleWebKit/604.1.38 (KHTML, like Gecko) Version/11.0 Mobile/15A372 Safari/604.1
[32minfo[39m:2019-10-24 16:26:35[right meow!]  GET -- /api/mjdindex -- Mozilla/5.0 (iPhone; CPU iPhone OS 11_0 like Mac OS X) AppleWebKit/604.1.38 (KHTML, like Gecko) Version/11.0 Mobile/15A372 Safari/604.1
[32minfo[39m:2019-10-24 16:26:38[right meow!]  POST--/api/cartinfo--Mozilla/5.0 (iPhone; CPU iPhone OS 11_0 like Mac OS X) AppleWebKit/604.1.38 (KHTML, like Gecko) Version/11.0 Mobile/15A372 Safari/604.1
[32minfo[39m:2019-10-24 16:26:43[right meow!]  POST--/api/cartinfo--Mozilla/5.0 (iPhone; CPU iPhone OS 11_0 like Mac OS X) AppleWebKit/604.1.38 (KHTML, like Gecko) Version/11.0 Mobile/15A372 Safari/604.1
[32minfo[39m:2019-10-24 16:27:47[right meow!]  GET -- /api/mjdindex -- Mozilla/5.0 (iPhone; CPU iPhone OS 11_0 like Mac OS X) AppleWebKit/604.1.38 (KHTML, like Gecko) Version/11.0 Mobile/15A372 Safari/604.1
[32minfo[39m:2019-10-24 16:27:48[right meow!]  POST -- /api/searchbycatagrorty -- Mozilla/5.0 (iPhone; CPU iPhone OS 11_0 like Mac OS X) AppleWebKit/604.1.38 (KHTML, like Gecko) Version/11.0 Mobile/15A372 Safari/604.1
[32minfo[39m:2019-10-24 16:28:58[right meow!]  redis connect 6379,127.0.0.1
[32minfo[39m:2019-10-24 16:29:00[right meow!]  mongodb connect success 27017,localhost
[32minfo[39m:2019-10-24 16:29:14[right meow!]  redis connect 6379,127.0.0.1
[32minfo[39m:2019-10-24 16:29:16[right meow!]  mongodb connect success 27017,localhost
[32minfo[39m:2019-10-24 16:32:41[right meow!]  redis connect 6379,127.0.0.1
[32minfo[39m:2019-10-24 16:32:44[right meow!]  mongodb connect success 27017,localhost
[32minfo[39m:2019-10-24 16:32:52[right meow!]  redis connect 6379,127.0.0.1
[32minfo[39m:2019-10-24 16:32:54[right meow!]  mongodb connect success 27017,localhost
[32minfo[39m:2019-10-24 16:34:30[right meow!]  redis connect 6379,127.0.0.1
[32minfo[39m:2019-10-24 16:34:32[right meow!]  mongodb connect success 27017,localhost
[32minfo[39m:2019-10-24 16:35:37[right meow!]  redis connect 6379,127.0.0.1
[32minfo[39m:2019-10-24 16:35:39[right meow!]  mongodb connect success 27017,localhost
[32minfo[39m:2019-10-24 16:35:40[right meow!]  POST--/api/cartinfo--Mozilla/5.0 (iPhone; CPU iPhone OS 11_0 like Mac OS X) AppleWebKit/604.1.38 (KHTML, like Gecko) Version/11.0 Mobile/15A372 Safari/604.1
[32minfo[39m:2019-10-24 16:35:44[right meow!]  GET -- /api/mjdindex -- Mozilla/5.0 (iPhone; CPU iPhone OS 11_0 like Mac OS X) AppleWebKit/604.1.38 (KHTML, like Gecko) Version/11.0 Mobile/15A372 Safari/604.1
[32minfo[39m:2019-10-24 16:35:55[right meow!]  GET -- /api/mjdindex -- Mozilla/5.0 (iPhone; CPU iPhone OS 11_0 like Mac OS X) AppleWebKit/604.1.38 (KHTML, like Gecko) Version/11.0 Mobile/15A372 Safari/604.1
[32minfo[39m:2019-10-24 16:35:57[right meow!]  POST--/api/cartinfo--Mozilla/5.0 (iPhone; CPU iPhone OS 11_0 like Mac OS X) AppleWebKit/604.1.38 (KHTML, like Gecko) Version/11.0 Mobile/15A372 Safari/604.1
[32minfo[39m:2019-10-24 16:36:02[right meow!]  GET -- /api/mjdindex -- Mozilla/5.0 (iPhone; CPU iPhone OS 11_0 like Mac OS X) AppleWebKit/604.1.38 (KHTML, like Gecko) Version/11.0 Mobile/15A372 Safari/604.1
[32minfo[39m:2019-10-24 16:36:03[right meow!]  POST--/api/cartinfo--Mozilla/5.0 (iPhone; CPU iPhone OS 11_0 like Mac OS X) AppleWebKit/604.1.38 (KHTML, like Gecko) Version/11.0 Mobile/15A372 Safari/604.1
[32minfo[39m:2019-10-24 16:36:04[right meow!]  POST--/api/cartinfodbadd--Mozilla/5.0 (iPhone; CPU iPhone OS 11_0 like Mac OS X) AppleWebKit/604.1.38 (KHTML, like Gecko) Version/11.0 Mobile/15A372 Safari/604.1
[32minfo[39m:2019-10-24 16:36:39[right meow!]  redis connect 6379,127.0.0.1
[32minfo[39m:2019-10-24 16:36:39[right meow!]  POST--/api/cartinfodbadd--Mozilla/5.0 (iPhone; CPU iPhone OS 11_0 like Mac OS X) AppleWebKit/604.1.38 (KHTML, like Gecko) Version/11.0 Mobile/15A372 Safari/604.1
[32minfo[39m:2019-10-24 16:36:41[right meow!]  mongodb connect success 27017,localhost
[32minfo[39m:2019-10-24 16:36:43[right meow!]  POST--/api/cartinfo--Mozilla/5.0 (iPhone; CPU iPhone OS 11_0 like Mac OS X) AppleWebKit/604.1.38 (KHTML, like Gecko) Version/11.0 Mobile/15A372 Safari/604.1
[32minfo[39m:2019-10-24 16:36:53[right meow!]  POST--/api/cartinfodbadd--Mozilla/5.0 (iPhone; CPU iPhone OS 11_0 like Mac OS X) AppleWebKit/604.1.38 (KHTML, like Gecko) Version/11.0 Mobile/15A372 Safari/604.1
[32minfo[39m:2019-10-24 16:36:53[right meow!]  POST--/api/cartinfodbadd--Mozilla/5.0 (iPhone; CPU iPhone OS 11_0 like Mac OS X) AppleWebKit/604.1.38 (KHTML, like Gecko) Version/11.0 Mobile/15A372 Safari/604.1
[32minfo[39m:2019-10-24 16:36:54[right meow!]  POST--/api/cartinfodbadd--Mozilla/5.0 (iPhone; CPU iPhone OS 11_0 like Mac OS X) AppleWebKit/604.1.38 (KHTML, like Gecko) Version/11.0 Mobile/15A372 Safari/604.1
[32minfo[39m:2019-10-24 16:36:54[right meow!]  POST--/api/cartinfodbadd--Mozilla/5.0 (iPhone; CPU iPhone OS 11_0 like Mac OS X) AppleWebKit/604.1.38 (KHTML, like Gecko) Version/11.0 Mobile/15A372 Safari/604.1
[32minfo[39m:2019-10-24 16:36:54[right meow!]  POST--/api/cartinfodbadd--Mozilla/5.0 (iPhone; CPU iPhone OS 11_0 like Mac OS X) AppleWebKit/604.1.38 (KHTML, like Gecko) Version/11.0 Mobile/15A372 Safari/604.1
[32minfo[39m:2019-10-24 16:37:36[right meow!]  POST--/api/cartinfodbadd--Mozilla/5.0 (iPhone; CPU iPhone OS 11_0 like Mac OS X) AppleWebKit/604.1.38 (KHTML, like Gecko) Version/11.0 Mobile/15A372 Safari/604.1
[32minfo[39m:2019-10-24 16:37:45[right meow!]  POST--/api/cartinfo--Mozilla/5.0 (iPhone; CPU iPhone OS 11_0 like Mac OS X) AppleWebKit/604.1.38 (KHTML, like Gecko) Version/11.0 Mobile/15A372 Safari/604.1
[32minfo[39m:2019-10-24 16:38:06[right meow!]  redis connect 6379,127.0.0.1
[32minfo[39m:2019-10-24 16:38:08[right meow!]  mongodb connect success 27017,localhost
[32minfo[39m:2019-10-24 16:38:17[right meow!]  POST--/api/cartinfodbadd--Mozilla/5.0 (iPhone; CPU iPhone OS 11_0 like Mac OS X) AppleWebKit/604.1.38 (KHTML, like Gecko) Version/11.0 Mobile/15A372 Safari/604.1
[32minfo[39m:2019-10-24 16:38:17[right meow!]  POST--/api/cartinfodbadd--Mozilla/5.0 (iPhone; CPU iPhone OS 11_0 like Mac OS X) AppleWebKit/604.1.38 (KHTML, like Gecko) Version/11.0 Mobile/15A372 Safari/604.1
[32minfo[39m:2019-10-24 16:39:40[right meow!]  redis connect 6379,127.0.0.1
[32minfo[39m:2019-10-24 16:39:42[right meow!]  mongodb connect success 27017,localhost
[32minfo[39m:2019-10-24 16:39:56[right meow!]  POST--/api/cartinfodbadd--Mozilla/5.0 (iPhone; CPU iPhone OS 11_0 like Mac OS X) AppleWebKit/604.1.38 (KHTML, like Gecko) Version/11.0 Mobile/15A372 Safari/604.1
[32minfo[39m:2019-10-24 16:39:56[right meow!]  POST--/api/cartinfodbadd--Mozilla/5.0 (iPhone; CPU iPhone OS 11_0 like Mac OS X) AppleWebKit/604.1.38 (KHTML, like Gecko) Version/11.0 Mobile/15A372 Safari/604.1
[32minfo[39m:2019-10-24 16:40:07[right meow!]  POST--/api/cartinfodbadd--Mozilla/5.0 (iPhone; CPU iPhone OS 11_0 like Mac OS X) AppleWebKit/604.1.38 (KHTML, like Gecko) Version/11.0 Mobile/15A372 Safari/604.1
[32minfo[39m:2019-10-24 16:40:07[right meow!]  POST--/api/cartinfodbadd--Mozilla/5.0 (iPhone; CPU iPhone OS 11_0 like Mac OS X) AppleWebKit/604.1.38 (KHTML, like Gecko) Version/11.0 Mobile/15A372 Safari/604.1
[32minfo[39m:2019-10-24 16:40:07[right meow!]  POST--/api/cartinfodbadd--Mozilla/5.0 (iPhone; CPU iPhone OS 11_0 like Mac OS X) AppleWebKit/604.1.38 (KHTML, like Gecko) Version/11.0 Mobile/15A372 Safari/604.1
[32minfo[39m:2019-10-24 16:40:08[right meow!]  POST--/api/cartinfodbadd--Mozilla/5.0 (iPhone; CPU iPhone OS 11_0 like Mac OS X) AppleWebKit/604.1.38 (KHTML, like Gecko) Version/11.0 Mobile/15A372 Safari/604.1
[32minfo[39m:2019-10-24 16:41:56[right meow!]  POST--/api/cartinfodbadd--Mozilla/5.0 (iPhone; CPU iPhone OS 11_0 like Mac OS X) AppleWebKit/604.1.38 (KHTML, like Gecko) Version/11.0 Mobile/15A372 Safari/604.1
[32minfo[39m:2019-10-24 16:41:56[right meow!]  POST--/api/cartinfodbadd--Mozilla/5.0 (iPhone; CPU iPhone OS 11_0 like Mac OS X) AppleWebKit/604.1.38 (KHTML, like Gecko) Version/11.0 Mobile/15A372 Safari/604.1
[32minfo[39m:2019-10-24 16:42:07[right meow!]  POST--/api/cartinfodbadd--Mozilla/5.0 (iPhone; CPU iPhone OS 11_0 like Mac OS X) AppleWebKit/604.1.38 (KHTML, like Gecko) Version/11.0 Mobile/15A372 Safari/604.1
[32minfo[39m:2019-10-24 16:42:07[right meow!]  POST--/api/cartinfodbadd--Mozilla/5.0 (iPhone; CPU iPhone OS 11_0 like Mac OS X) AppleWebKit/604.1.38 (KHTML, like Gecko) Version/11.0 Mobile/15A372 Safari/604.1
[32minfo[39m:2019-10-24 16:42:59[right meow!]  redis connect 6379,127.0.0.1
[32minfo[39m:2019-10-24 16:43:01[right meow!]  mongodb connect success 27017,localhost
[32minfo[39m:2019-10-24 16:43:05[right meow!]  POST--/api/cartinfodbadd--Mozilla/5.0 (iPhone; CPU iPhone OS 11_0 like Mac OS X) AppleWebKit/604.1.38 (KHTML, like Gecko) Version/11.0 Mobile/15A372 Safari/604.1
[32minfo[39m:2019-10-24 16:43:06[right meow!]  POST--/api/cartinfodbadd--Mozilla/5.0 (iPhone; CPU iPhone OS 11_0 like Mac OS X) AppleWebKit/604.1.38 (KHTML, like Gecko) Version/11.0 Mobile/15A372 Safari/604.1
[32minfo[39m:2019-10-24 16:44:22[right meow!]  redis connect 6379,127.0.0.1
[32minfo[39m:2019-10-24 16:44:22[right meow!]  POST--/api/cartinfodbadd--Mozilla/5.0 (iPhone; CPU iPhone OS 11_0 like Mac OS X) AppleWebKit/604.1.38 (KHTML, like Gecko) Version/11.0 Mobile/15A372 Safari/604.1
[32minfo[39m:2019-10-24 16:44:24[right meow!]  mongodb connect success 27017,localhost
[32minfo[39m:2019-10-24 16:44:38[right meow!]  POST--/api/cartinfodbadd--Mozilla/5.0 (iPhone; CPU iPhone OS 11_0 like Mac OS X) AppleWebKit/604.1.38 (KHTML, like Gecko) Version/11.0 Mobile/15A372 Safari/604.1
[32minfo[39m:2019-10-24 16:44:48[right meow!]  POST--/api/cartinfodbadd--Mozilla/5.0 (iPhone; CPU iPhone OS 11_0 like Mac OS X) AppleWebKit/604.1.38 (KHTML, like Gecko) Version/11.0 Mobile/15A372 Safari/604.1
[32minfo[39m:2019-10-24 16:48:35[right meow!]  POST--/api/cartinfodbadd--Mozilla/5.0 (iPhone; CPU iPhone OS 11_0 like Mac OS X) AppleWebKit/604.1.38 (KHTML, like Gecko) Version/11.0 Mobile/15A372 Safari/604.1
[32minfo[39m:2019-10-24 16:48:37[right meow!]  POST--/api/cartinfodbadd--Mozilla/5.0 (iPhone; CPU iPhone OS 11_0 like Mac OS X) AppleWebKit/604.1.38 (KHTML, like Gecko) Version/11.0 Mobile/15A372 Safari/604.1
[32minfo[39m:2019-10-24 16:50:20[right meow!]  POST--/api/cartinfodbadd--Mozilla/5.0 (iPhone; CPU iPhone OS 11_0 like Mac OS X) AppleWebKit/604.1.38 (KHTML, like Gecko) Version/11.0 Mobile/15A372 Safari/604.1
[32minfo[39m:2019-10-24 16:50:20[right meow!]  POST--/api/cartinfodbadd--Mozilla/5.0 (iPhone; CPU iPhone OS 11_0 like Mac OS X) AppleWebKit/604.1.38 (KHTML, like Gecko) Version/11.0 Mobile/15A372 Safari/604.1
[32minfo[39m:2019-10-24 16:50:20[right meow!]  POST--/api/cartinfodbadd--Mozilla/5.0 (iPhone; CPU iPhone OS 11_0 like Mac OS X) AppleWebKit/604.1.38 (KHTML, like Gecko) Version/11.0 Mobile/15A372 Safari/604.1
[32minfo[39m:2019-10-24 16:50:20[right meow!]  POST--/api/cartinfodbadd--Mozilla/5.0 (iPhone; CPU iPhone OS 11_0 like Mac OS X) AppleWebKit/604.1.38 (KHTML, like Gecko) Version/11.0 Mobile/15A372 Safari/604.1
[32minfo[39m:2019-10-24 16:50:35[right meow!]  POST--/api/cartinfodbadd--Mozilla/5.0 (iPhone; CPU iPhone OS 11_0 like Mac OS X) AppleWebKit/604.1.38 (KHTML, like Gecko) Version/11.0 Mobile/15A372 Safari/604.1
[32minfo[39m:2019-10-24 16:50:37[right meow!]  POST--/api/cartinfodbadd--Mozilla/5.0 (iPhone; CPU iPhone OS 11_0 like Mac OS X) AppleWebKit/604.1.38 (KHTML, like Gecko) Version/11.0 Mobile/15A372 Safari/604.1
[32minfo[39m:2019-10-24 16:52:01[right meow!]  POST--/api/cartinfo--Mozilla/5.0 (iPhone; CPU iPhone OS 11_0 like Mac OS X) AppleWebKit/604.1.38 (KHTML, like Gecko) Version/11.0 Mobile/15A372 Safari/604.1
[32minfo[39m:2019-10-24 16:52:07[right meow!]  GET -- /api/mjdindex -- Mozilla/5.0 (iPhone; CPU iPhone OS 11_0 like Mac OS X) AppleWebKit/604.1.38 (KHTML, like Gecko) Version/11.0 Mobile/15A372 Safari/604.1
[32minfo[39m:2019-10-24 16:52:09[right meow!]  POST -- /api/searchbycatagrorty -- Mozilla/5.0 (iPhone; CPU iPhone OS 11_0 like Mac OS X) AppleWebKit/604.1.38 (KHTML, like Gecko) Version/11.0 Mobile/15A372 Safari/604.1
[32minfo[39m:2019-10-24 16:53:20[right meow!]  POST--/api/cartinfo--Mozilla/5.0 (iPhone; CPU iPhone OS 11_0 like Mac OS X) AppleWebKit/604.1.38 (KHTML, like Gecko) Version/11.0 Mobile/15A372 Safari/604.1
[32minfo[39m:2019-10-24 16:53:34[right meow!]  POST--/api/cartinfodbadd--Mozilla/5.0 (iPhone; CPU iPhone OS 11_0 like Mac OS X) AppleWebKit/604.1.38 (KHTML, like Gecko) Version/11.0 Mobile/15A372 Safari/604.1
[32minfo[39m:2019-10-24 16:53:45[right meow!]  POST--/api/cartinfodbadd--Mozilla/5.0 (iPhone; CPU iPhone OS 11_0 like Mac OS X) AppleWebKit/604.1.38 (KHTML, like Gecko) Version/11.0 Mobile/15A372 Safari/604.1
[32minfo[39m:2019-10-24 16:53:45[right meow!]  POST--/api/cartinfodbadd--Mozilla/5.0 (iPhone; CPU iPhone OS 11_0 like Mac OS X) AppleWebKit/604.1.38 (KHTML, like Gecko) Version/11.0 Mobile/15A372 Safari/604.1
[32minfo[39m:2019-10-24 16:53:46[right meow!]  POST--/api/cartinfodbadd--Mozilla/5.0 (iPhone; CPU iPhone OS 11_0 like Mac OS X) AppleWebKit/604.1.38 (KHTML, like Gecko) Version/11.0 Mobile/15A372 Safari/604.1
[32minfo[39m:2019-10-24 16:53:46[right meow!]  POST--/api/cartinfodbadd--Mozilla/5.0 (iPhone; CPU iPhone OS 11_0 like Mac OS X) AppleWebKit/604.1.38 (KHTML, like Gecko) Version/11.0 Mobile/15A372 Safari/604.1
[32minfo[39m:2019-10-24 16:54:17[right meow!]  POST--/api/cartinfo--Mozilla/5.0 (iPhone; CPU iPhone OS 11_0 like Mac OS X) AppleWebKit/604.1.38 (KHTML, like Gecko) Version/11.0 Mobile/15A372 Safari/604.1
[32minfo[39m:2019-10-24 16:54:19[right meow!]  POST--/api/cartinfodbadd--Mozilla/5.0 (iPhone; CPU iPhone OS 11_0 like Mac OS X) AppleWebKit/604.1.38 (KHTML, like Gecko) Version/11.0 Mobile/15A372 Safari/604.1
[32minfo[39m:2019-10-24 16:54:28[right meow!]  POST--/api/cartinfodbadd--Mozilla/5.0 (iPhone; CPU iPhone OS 11_0 like Mac OS X) AppleWebKit/604.1.38 (KHTML, like Gecko) Version/11.0 Mobile/15A372 Safari/604.1
[32minfo[39m:2019-10-24 16:54:37[right meow!]  POST--/api/cartinfodbadd--Mozilla/5.0 (iPhone; CPU iPhone OS 11_0 like Mac OS X) AppleWebKit/604.1.38 (KHTML, like Gecko) Version/11.0 Mobile/15A372 Safari/604.1
[32minfo[39m:2019-10-24 16:54:38[right meow!]  POST--/api/cartinfodbadd--Mozilla/5.0 (iPhone; CPU iPhone OS 11_0 like Mac OS X) AppleWebKit/604.1.38 (KHTML, like Gecko) Version/11.0 Mobile/15A372 Safari/604.1
[32minfo[39m:2019-10-24 16:54:38[right meow!]  POST--/api/cartinfodbadd--Mozilla/5.0 (iPhone; CPU iPhone OS 11_0 like Mac OS X) AppleWebKit/604.1.38 (KHTML, like Gecko) Version/11.0 Mobile/15A372 Safari/604.1
[32minfo[39m:2019-10-24 16:54:39[right meow!]  POST--/api/cartinfodbadd--Mozilla/5.0 (iPhone; CPU iPhone OS 11_0 like Mac OS X) AppleWebKit/604.1.38 (KHTML, like Gecko) Version/11.0 Mobile/15A372 Safari/604.1
[32minfo[39m:2019-10-24 18:52:23[right meow!]  redis connect 6379,127.0.0.1
[32minfo[39m:2019-10-24 18:52:26[right meow!]  mongodb connect success 27017,localhost
[32minfo[39m:2019-10-24 18:52:46[right meow!]  GET -- /api/mjdindex -- Mozilla/5.0 (iPhone; CPU iPhone OS 11_0 like Mac OS X) AppleWebKit/604.1.38 (KHTML, like Gecko) Version/11.0 Mobile/15A372 Safari/604.1
[32minfo[39m:2019-10-24 19:10:17[right meow!]  redis connect 6379,127.0.0.1
[32minfo[39m:2019-10-24 19:10:19[right meow!]  mongodb connect success 27017,localhost
[32minfo[39m:2019-10-24 19:12:46[right meow!]  redis connect 6379,127.0.0.1
[32minfo[39m:2019-10-24 19:12:48[right meow!]  mongodb connect success 27017,localhost
[32minfo[39m:2019-10-24 19:13:25[right meow!]  redis connect 6379,127.0.0.1
[32minfo[39m:2019-10-24 19:13:27[right meow!]  mongodb connect success 27017,localhost
[32minfo[39m:2019-10-24 19:13:36[right meow!]  redis connect 6379,127.0.0.1
[32minfo[39m:2019-10-24 19:13:38[right meow!]  mongodb connect success 27017,localhost
[32minfo[39m:2019-10-24 19:14:12[right meow!]  redis connect 6379,127.0.0.1
[32minfo[39m:2019-10-24 19:14:13[right meow!]  POST--/api/cartinfo--Mozilla/5.0 (iPhone; CPU iPhone OS 11_0 like Mac OS X) AppleWebKit/604.1.38 (KHTML, like Gecko) Version/11.0 Mobile/15A372 Safari/604.1
[32minfo[39m:2019-10-24 19:14:14[right meow!]  mongodb connect success 27017,localhost
[32minfo[39m:2019-10-24 19:14:21[right meow!]  POST--/api/cartinfo--Mozilla/5.0 (iPhone; CPU iPhone OS 11_0 like Mac OS X) AppleWebKit/604.1.38 (KHTML, like Gecko) Version/11.0 Mobile/15A372 Safari/604.1
[32minfo[39m:2019-10-24 19:14:27[right meow!]  GET -- /api/mjdindex -- Mozilla/5.0 (iPhone; CPU iPhone OS 11_0 like Mac OS X) AppleWebKit/604.1.38 (KHTML, like Gecko) Version/11.0 Mobile/15A372 Safari/604.1
[32minfo[39m:2019-10-24 19:14:28[right meow!]  POST--/api/cartinfo--Mozilla/5.0 (iPhone; CPU iPhone OS 11_0 like Mac OS X) AppleWebKit/604.1.38 (KHTML, like Gecko) Version/11.0 Mobile/15A372 Safari/604.1
[32minfo[39m:2019-10-24 19:14:29[right meow!]  GET -- /api/mjdindex -- Mozilla/5.0 (iPhone; CPU iPhone OS 11_0 like Mac OS X) AppleWebKit/604.1.38 (KHTML, like Gecko) Version/11.0 Mobile/15A372 Safari/604.1
[32minfo[39m:2019-10-24 19:14:33[right meow!]  POST--/api/cartinfo--Mozilla/5.0 (iPhone; CPU iPhone OS 11_0 like Mac OS X) AppleWebKit/604.1.38 (KHTML, like Gecko) Version/11.0 Mobile/15A372 Safari/604.1
[32minfo[39m:2019-10-24 19:14:35[right meow!]  POST--/api/cartinfodbadd--Mozilla/5.0 (iPhone; CPU iPhone OS 11_0 like Mac OS X) AppleWebKit/604.1.38 (KHTML, like Gecko) Version/11.0 Mobile/15A372 Safari/604.1
[32minfo[39m:2019-10-24 19:16:36[right meow!]  POST--/api/cartinfodbadd--Mozilla/5.0 (iPhone; CPU iPhone OS 11_0 like Mac OS X) AppleWebKit/604.1.38 (KHTML, like Gecko) Version/11.0 Mobile/15A372 Safari/604.1
[32minfo[39m:2019-10-24 19:20:10[right meow!]  redis connect 6379,127.0.0.1
[32minfo[39m:2019-10-24 19:20:12[right meow!]  mongodb connect success 27017,localhost
[32minfo[39m:2019-10-24 19:22:33[right meow!]  redis connect 6379,127.0.0.1
[32minfo[39m:2019-10-24 19:22:35[right meow!]  mongodb connect success 27017,localhost
[32minfo[39m:2019-10-24 19:29:18[right meow!]  redis connect 6379,127.0.0.1
[32minfo[39m:2019-10-24 19:29:20[right meow!]  mongodb connect success 27017,localhost
[32minfo[39m:2019-10-24 19:29:49[right meow!]  redis connect 6379,127.0.0.1
[32minfo[39m:2019-10-24 19:29:51[right meow!]  mongodb connect success 27017,localhost
[32minfo[39m:2019-10-24 19:30:03[right meow!]  POST--/api/cartinfodbadd--Mozilla/5.0 (iPhone; CPU iPhone OS 11_0 like Mac OS X) AppleWebKit/604.1.38 (KHTML, like Gecko) Version/11.0 Mobile/15A372 Safari/604.1
[32minfo[39m:2019-10-24 19:30:33[right meow!]  POST--/api/cartinfodbadd--Mozilla/5.0 (iPhone; CPU iPhone OS 11_0 like Mac OS X) AppleWebKit/604.1.38 (KHTML, like Gecko) Version/11.0 Mobile/15A372 Safari/604.1
[32minfo[39m:2019-10-24 19:31:01[right meow!]  POST--/api/cartinfodbadd--Mozilla/5.0 (iPhone; CPU iPhone OS 11_0 like Mac OS X) AppleWebKit/604.1.38 (KHTML, like Gecko) Version/11.0 Mobile/15A372 Safari/604.1
[32minfo[39m:2019-10-24 19:32:16[right meow!]  redis connect 6379,127.0.0.1
[32minfo[39m:2019-10-24 19:32:18[right meow!]  mongodb connect success 27017,localhost
[32minfo[39m:2019-10-24 19:32:25[right meow!]  POST--/api/cartinfodbadd--Mozilla/5.0 (iPhone; CPU iPhone OS 11_0 like Mac OS X) AppleWebKit/604.1.38 (KHTML, like Gecko) Version/11.0 Mobile/15A372 Safari/604.1
[32minfo[39m:2019-10-24 19:32:33[right meow!]  POST--/api/cartinfodbadd--Mozilla/5.0 (iPhone; CPU iPhone OS 11_0 like Mac OS X) AppleWebKit/604.1.38 (KHTML, like Gecko) Version/11.0 Mobile/15A372 Safari/604.1
[32minfo[39m:2019-10-24 19:32:52[right meow!]  POST--/api/cartinfodbadd--Mozilla/5.0 (iPhone; CPU iPhone OS 11_0 like Mac OS X) AppleWebKit/604.1.38 (KHTML, like Gecko) Version/11.0 Mobile/15A372 Safari/604.1
[32minfo[39m:2019-10-24 19:33:35[right meow!]  redis connect 6379,127.0.0.1
[32minfo[39m:2019-10-24 19:33:37[right meow!]  mongodb connect success 27017,localhost
[32minfo[39m:2019-10-24 19:33:51[right meow!]  redis connect 6379,127.0.0.1
[32minfo[39m:2019-10-24 19:33:53[right meow!]  mongodb connect success 27017,localhost
[32minfo[39m:2019-10-24 19:33:59[right meow!]  POST--/api/cartinfodbadd--Mozilla/5.0 (iPhone; CPU iPhone OS 11_0 like Mac OS X) AppleWebKit/604.1.38 (KHTML, like Gecko) Version/11.0 Mobile/15A372 Safari/604.1
[32minfo[39m:2019-10-24 19:34:14[right meow!]  POST--/api/cartinfodbadd--Mozilla/5.0 (iPhone; CPU iPhone OS 11_0 like Mac OS X) AppleWebKit/604.1.38 (KHTML, like Gecko) Version/11.0 Mobile/15A372 Safari/604.1
[32minfo[39m:2019-10-24 19:35:15[right meow!]  redis connect 6379,127.0.0.1
[32minfo[39m:2019-10-24 19:35:17[right meow!]  mongodb connect success 27017,localhost
[32minfo[39m:2019-10-24 19:35:34[right meow!]  redis connect 6379,127.0.0.1
[32minfo[39m:2019-10-24 19:35:36[right meow!]  mongodb connect success 27017,localhost
[32minfo[39m:2019-10-24 19:36:20[right meow!]  redis connect 6379,127.0.0.1
[32minfo[39m:2019-10-24 19:36:22[right meow!]  mongodb connect success 27017,localhost
[32minfo[39m:2019-10-24 19:36:28[right meow!]  POST--/api/cartinfodbadd--Mozilla/5.0 (iPhone; CPU iPhone OS 11_0 like Mac OS X) AppleWebKit/604.1.38 (KHTML, like Gecko) Version/11.0 Mobile/15A372 Safari/604.1
[32minfo[39m:2019-10-24 19:36:50[right meow!]  POST--/api/cartinfodbadd--Mozilla/5.0 (iPhone; CPU iPhone OS 11_0 like Mac OS X) AppleWebKit/604.1.38 (KHTML, like Gecko) Version/11.0 Mobile/15A372 Safari/604.1
[32minfo[39m:2019-10-24 19:41:18[right meow!]  POST--/api/cartinfodbadd--Mozilla/5.0 (iPhone; CPU iPhone OS 11_0 like Mac OS X) AppleWebKit/604.1.38 (KHTML, like Gecko) Version/11.0 Mobile/15A372 Safari/604.1
[32minfo[39m:2019-10-24 19:41:57[right meow!]  redis connect 6379,127.0.0.1
[32minfo[39m:2019-10-24 19:41:59[right meow!]  mongodb connect success 27017,localhost
[32minfo[39m:2019-10-24 19:42:22[right meow!]  POST--/api/cartinfodbadd--Mozilla/5.0 (iPhone; CPU iPhone OS 11_0 like Mac OS X) AppleWebKit/604.1.38 (KHTML, like Gecko) Version/11.0 Mobile/15A372 Safari/604.1
[32minfo[39m:2019-10-24 19:44:06[right meow!]  POST--/api/cartinfodbadd--Mozilla/5.0 (iPhone; CPU iPhone OS 11_0 like Mac OS X) AppleWebKit/604.1.38 (KHTML, like Gecko) Version/11.0 Mobile/15A372 Safari/604.1
[32minfo[39m:2019-10-24 19:44:19[right meow!]  POST--/api/cartinfodbadd--Mozilla/5.0 (iPhone; CPU iPhone OS 11_0 like Mac OS X) AppleWebKit/604.1.38 (KHTML, like Gecko) Version/11.0 Mobile/15A372 Safari/604.1
[32minfo[39m:2019-10-24 19:51:09[right meow!]  POST--/api/cartinfo--Mozilla/5.0 (iPhone; CPU iPhone OS 11_0 like Mac OS X) AppleWebKit/604.1.38 (KHTML, like Gecko) Version/11.0 Mobile/15A372 Safari/604.1
[32minfo[39m:2019-10-24 19:53:12[right meow!]  POST--/api/cartinfo--Mozilla/5.0 (iPhone; CPU iPhone OS 11_0 like Mac OS X) AppleWebKit/604.1.38 (KHTML, like Gecko) Version/11.0 Mobile/15A372 Safari/604.1
[32minfo[39m:2019-10-24 19:53:12[right meow!]  POST -- /api/searchbycatagrorty -- Mozilla/5.0 (iPhone; CPU iPhone OS 11_0 like Mac OS X) AppleWebKit/604.1.38 (KHTML, like Gecko) Version/11.0 Mobile/15A372 Safari/604.1
[32minfo[39m:2019-10-24 19:53:12[right meow!]  POST--/api/cartinfo--Mozilla/5.0 (iPhone; CPU iPhone OS 11_0 like Mac OS X) AppleWebKit/604.1.38 (KHTML, like Gecko) Version/11.0 Mobile/15A372 Safari/604.1
[32minfo[39m:2019-10-24 19:53:12[right meow!]  POST--/api/cartinfo--Mozilla/5.0 (iPhone; CPU iPhone OS 11_0 like Mac OS X) AppleWebKit/604.1.38 (KHTML, like Gecko) Version/11.0 Mobile/15A372 Safari/604.1
[32minfo[39m:2019-10-24 19:53:12[right meow!]  GET -- /api/mjdindex -- Mozilla/5.0 (iPhone; CPU iPhone OS 11_0 like Mac OS X) AppleWebKit/604.1.38 (KHTML, like Gecko) Version/11.0 Mobile/15A372 Safari/604.1
[32minfo[39m:2019-10-24 19:53:12[right meow!]  GET -- /api/mjdindex -- Mozilla/5.0 (iPhone; CPU iPhone OS 11_0 like Mac OS X) AppleWebKit/604.1.38 (KHTML, like Gecko) Version/11.0 Mobile/15A372 Safari/604.1
[32minfo[39m:2019-10-24 19:53:12[right meow!]  GET -- /api/mjdindex -- Mozilla/5.0 (iPhone; CPU iPhone OS 11_0 like Mac OS X) AppleWebKit/604.1.38 (KHTML, like Gecko) Version/11.0 Mobile/15A372 Safari/604.1
[32minfo[39m:2019-10-24 19:53:15[right meow!]  redis connect 6379,127.0.0.1
[32minfo[39m:2019-10-24 19:53:17[right meow!]  mongodb connect success 27017,localhost
[32minfo[39m:2019-10-24 19:53:37[right meow!]  POST--/api/cartinfo--Mozilla/5.0 (iPhone; CPU iPhone OS 11_0 like Mac OS X) AppleWebKit/604.1.38 (KHTML, like Gecko) Version/11.0 Mobile/15A372 Safari/604.1
[32minfo[39m:2019-10-24 19:55:03[right meow!]  redis connect 6379,127.0.0.1
[32minfo[39m:2019-10-24 19:55:03[right meow!]  POST--/api/cartinfo--Mozilla/5.0 (iPhone; CPU iPhone OS 11_0 like Mac OS X) AppleWebKit/604.1.38 (KHTML, like Gecko) Version/11.0 Mobile/15A372 Safari/604.1
[32minfo[39m:2019-10-24 19:55:04[right meow!]  POST--/api/cartinfo--Mozilla/5.0 (iPhone; CPU iPhone OS 11_0 like Mac OS X) AppleWebKit/604.1.38 (KHTML, like Gecko) Version/11.0 Mobile/15A372 Safari/604.1
[32minfo[39m:2019-10-24 19:55:05[right meow!]  mongodb connect success 27017,localhost
[32minfo[39m:2019-10-24 19:55:12[right meow!]  POST--/api/cartinfo--Mozilla/5.0 (iPhone; CPU iPhone OS 11_0 like Mac OS X) AppleWebKit/604.1.38 (KHTML, like Gecko) Version/11.0 Mobile/15A372 Safari/604.1
[32minfo[39m:2019-10-24 19:55:14[right meow!]  POST--/api/cartinfodbadd--Mozilla/5.0 (iPhone; CPU iPhone OS 11_0 like Mac OS X) AppleWebKit/604.1.38 (KHTML, like Gecko) Version/11.0 Mobile/15A372 Safari/604.1
[32minfo[39m:2019-10-24 19:57:14[right meow!]  POST--/api/cartinfodbadd--Mozilla/5.0 (iPhone; CPU iPhone OS 11_0 like Mac OS X) AppleWebKit/604.1.38 (KHTML, like Gecko) Version/11.0 Mobile/15A372 Safari/604.1
[32minfo[39m:2019-10-24 20:02:10[right meow!]  redis connect 6379,127.0.0.1
[32minfo[39m:2019-10-24 20:02:12[right meow!]  mongodb connect success 27017,localhost
[32minfo[39m:2019-10-24 20:02:19[right meow!]  POST--/api/cartinfodbadd--Mozilla/5.0 (iPhone; CPU iPhone OS 11_0 like Mac OS X) AppleWebKit/604.1.38 (KHTML, like Gecko) Version/11.0 Mobile/15A372 Safari/604.1
[32minfo[39m:2019-10-24 20:02:24[right meow!]  POST--/api/cartinfodbadd--Mozilla/5.0 (iPhone; CPU iPhone OS 11_0 like Mac OS X) AppleWebKit/604.1.38 (KHTML, like Gecko) Version/11.0 Mobile/15A372 Safari/604.1
[32minfo[39m:2019-10-24 20:02:38[right meow!]  POST--/api/cartinfodbadd--Mozilla/5.0 (iPhone; CPU iPhone OS 11_0 like Mac OS X) AppleWebKit/604.1.38 (KHTML, like Gecko) Version/11.0 Mobile/15A372 Safari/604.1
[32minfo[39m:2019-10-24 20:04:06[right meow!]  POST--/api/cartinfodbadd--Mozilla/5.0 (iPhone; CPU iPhone OS 11_0 like Mac OS X) AppleWebKit/604.1.38 (KHTML, like Gecko) Version/11.0 Mobile/15A372 Safari/604.1
[32minfo[39m:2019-10-24 20:04:10[right meow!]  POST--/api/cartinfodbadd--Mozilla/5.0 (iPhone; CPU iPhone OS 11_0 like Mac OS X) AppleWebKit/604.1.38 (KHTML, like Gecko) Version/11.0 Mobile/15A372 Safari/604.1
[32minfo[39m:2019-10-24 20:04:10[right meow!]  POST--/api/cartinfodbadd--Mozilla/5.0 (iPhone; CPU iPhone OS 11_0 like Mac OS X) AppleWebKit/604.1.38 (KHTML, like Gecko) Version/11.0 Mobile/15A372 Safari/604.1
[32minfo[39m:2019-10-24 20:04:19[right meow!]  POST--/api/cartinfodbadd--Mozilla/5.0 (iPhone; CPU iPhone OS 11_0 like Mac OS X) AppleWebKit/604.1.38 (KHTML, like Gecko) Version/11.0 Mobile/15A372 Safari/604.1
[32minfo[39m:2019-10-24 20:04:25[right meow!]  POST--/api/cartinfodbadd--Mozilla/5.0 (iPhone; CPU iPhone OS 11_0 like Mac OS X) AppleWebKit/604.1.38 (KHTML, like Gecko) Version/11.0 Mobile/15A372 Safari/604.1
[32minfo[39m:2019-10-24 20:11:31[right meow!]  redis connect 6379,127.0.0.1
[32minfo[39m:2019-10-24 20:11:33[right meow!]  mongodb connect success 27017,localhost
[32minfo[39m:2019-10-24 20:11:41[right meow!]  redis connect 6379,127.0.0.1
[32minfo[39m:2019-10-24 20:11:43[right meow!]  mongodb connect success 27017,localhost
[32minfo[39m:2019-10-24 20:12:20[right meow!]  POST--/api/cartinfodbadd--Mozilla/5.0 (iPhone; CPU iPhone OS 11_0 like Mac OS X) AppleWebKit/604.1.38 (KHTML, like Gecko) Version/11.0 Mobile/15A372 Safari/604.1
[32minfo[39m:2019-10-24 20:12:34[right meow!]  POST--/api/cartinfodbadd--Mozilla/5.0 (iPhone; CPU iPhone OS 11_0 like Mac OS X) AppleWebKit/604.1.38 (KHTML, like Gecko) Version/11.0 Mobile/15A372 Safari/604.1
[32minfo[39m:2019-10-24 20:13:08[right meow!]  redis connect 6379,127.0.0.1
[32minfo[39m:2019-10-24 20:13:10[right meow!]  mongodb connect success 27017,localhost
[32minfo[39m:2019-10-24 20:13:11[right meow!]  POST--/api/cartinfodbadd--Mozilla/5.0 (iPhone; CPU iPhone OS 11_0 like Mac OS X) AppleWebKit/604.1.38 (KHTML, like Gecko) Version/11.0 Mobile/15A372 Safari/604.1
[32minfo[39m:2019-10-24 20:13:15[right meow!]  POST--/api/cartinfodbadd--Mozilla/5.0 (iPhone; CPU iPhone OS 11_0 like Mac OS X) AppleWebKit/604.1.38 (KHTML, like Gecko) Version/11.0 Mobile/15A372 Safari/604.1
[32minfo[39m:2019-10-24 20:13:42[right meow!]  POST--/api/cartinfodbadd--Mozilla/5.0 (iPhone; CPU iPhone OS 11_0 like Mac OS X) AppleWebKit/604.1.38 (KHTML, like Gecko) Version/11.0 Mobile/15A372 Safari/604.1
[32minfo[39m:2019-10-24 20:13:52[right meow!]  POST--/api/cartinfodbadd--Mozilla/5.0 (iPhone; CPU iPhone OS 11_0 like Mac OS X) AppleWebKit/604.1.38 (KHTML, like Gecko) Version/11.0 Mobile/15A372 Safari/604.1
[32minfo[39m:2019-10-24 20:14:28[right meow!]  redis connect 6379,127.0.0.1
[32minfo[39m:2019-10-24 20:14:30[right meow!]  mongodb connect success 27017,localhost
[32minfo[39m:2019-10-24 20:14:39[right meow!]  POST--/api/cartinfodbadd--Mozilla/5.0 (iPhone; CPU iPhone OS 11_0 like Mac OS X) AppleWebKit/604.1.38 (KHTML, like Gecko) Version/11.0 Mobile/15A372 Safari/604.1
[32minfo[39m:2019-10-24 20:14:50[right meow!]  POST--/api/cartinfodbadd--Mozilla/5.0 (iPhone; CPU iPhone OS 11_0 like Mac OS X) AppleWebKit/604.1.38 (KHTML, like Gecko) Version/11.0 Mobile/15A372 Safari/604.1
[32minfo[39m:2019-10-24 20:15:49[right meow!]  POST--/api/cartinfodbadd--Mozilla/5.0 (iPhone; CPU iPhone OS 11_0 like Mac OS X) AppleWebKit/604.1.38 (KHTML, like Gecko) Version/11.0 Mobile/15A372 Safari/604.1
[32minfo[39m:2019-10-24 20:15:50[right meow!]  POST--/api/cartinfodbadd--Mozilla/5.0 (iPhone; CPU iPhone OS 11_0 like Mac OS X) AppleWebKit/604.1.38 (KHTML, like Gecko) Version/11.0 Mobile/15A372 Safari/604.1
[32minfo[39m:2019-10-24 20:15:51[right meow!]  POST--/api/cartinfodbadd--Mozilla/5.0 (iPhone; CPU iPhone OS 11_0 like Mac OS X) AppleWebKit/604.1.38 (KHTML, like Gecko) Version/11.0 Mobile/15A372 Safari/604.1
[32minfo[39m:2019-10-24 20:15:51[right meow!]  POST--/api/cartinfodbadd--Mozilla/5.0 (iPhone; CPU iPhone OS 11_0 like Mac OS X) AppleWebKit/604.1.38 (KHTML, like Gecko) Version/11.0 Mobile/15A372 Safari/604.1
[32minfo[39m:2019-10-24 20:17:15[right meow!]  redis connect 6379,127.0.0.1
[32minfo[39m:2019-10-24 20:17:17[right meow!]  mongodb connect success 27017,localhost
[32minfo[39m:2019-10-24 20:17:42[right meow!]  GET -- /api/mjdindex -- Mozilla/5.0 (Windows NT 10.0; Win64; x64) AppleWebKit/537.36 (KHTML, like Gecko) Chrome/75.0.3770.100 Safari/537.36
[32minfo[39m:2019-10-24 20:21:09[right meow!]  POST--/api/cartinfo--Mozilla/5.0 (iPhone; CPU iPhone OS 11_0 like Mac OS X) AppleWebKit/604.1.38 (KHTML, like Gecko) Version/11.0 Mobile/15A372 Safari/604.1
[32minfo[39m:2019-10-24 20:21:16[right meow!]  POST--/api/cartinfodbadd--Mozilla/5.0 (iPhone; CPU iPhone OS 11_0 like Mac OS X) AppleWebKit/604.1.38 (KHTML, like Gecko) Version/11.0 Mobile/15A372 Safari/604.1
[32minfo[39m:2019-10-24 20:21:27[right meow!]  POST--/api/cartinfodbadd--Mozilla/5.0 (iPhone; CPU iPhone OS 11_0 like Mac OS X) AppleWebKit/604.1.38 (KHTML, like Gecko) Version/11.0 Mobile/15A372 Safari/604.1
[32minfo[39m:2019-10-24 20:21:31[right meow!]  POST--/api/cartinfodbadd--Mozilla/5.0 (iPhone; CPU iPhone OS 11_0 like Mac OS X) AppleWebKit/604.1.38 (KHTML, like Gecko) Version/11.0 Mobile/15A372 Safari/604.1
[32minfo[39m:2019-10-24 20:21:32[right meow!]  POST--/api/cartinfodbadd--Mozilla/5.0 (iPhone; CPU iPhone OS 11_0 like Mac OS X) AppleWebKit/604.1.38 (KHTML, like Gecko) Version/11.0 Mobile/15A372 Safari/604.1
[32minfo[39m:2019-10-24 20:21:32[right meow!]  POST--/api/cartinfodbadd--Mozilla/5.0 (iPhone; CPU iPhone OS 11_0 like Mac OS X) AppleWebKit/604.1.38 (KHTML, like Gecko) Version/11.0 Mobile/15A372 Safari/604.1
[32minfo[39m:2019-10-24 20:21:32[right meow!]  POST--/api/cartinfodbadd--Mozilla/5.0 (iPhone; CPU iPhone OS 11_0 like Mac OS X) AppleWebKit/604.1.38 (KHTML, like Gecko) Version/11.0 Mobile/15A372 Safari/604.1
[32minfo[39m:2019-10-24 20:23:02[right meow!]  POST--/api/cartinfo--Mozilla/5.0 (iPhone; CPU iPhone OS 11_0 like Mac OS X) AppleWebKit/604.1.38 (KHTML, like Gecko) Version/11.0 Mobile/15A372 Safari/604.1
[32minfo[39m:2019-10-24 20:23:05[right meow!]  POST--/api/cartinfo--Mozilla/5.0 (iPhone; CPU iPhone OS 11_0 like Mac OS X) AppleWebKit/604.1.38 (KHTML, like Gecko) Version/11.0 Mobile/15A372 Safari/604.1
[32minfo[39m:2019-10-24 20:23:08[right meow!]  POST--/api/cartinfodbadd--Mozilla/5.0 (iPhone; CPU iPhone OS 11_0 like Mac OS X) AppleWebKit/604.1.38 (KHTML, like Gecko) Version/11.0 Mobile/15A372 Safari/604.1
[32minfo[39m:2019-10-24 20:23:09[right meow!]  POST--/api/cartinfodbadd--Mozilla/5.0 (iPhone; CPU iPhone OS 11_0 like Mac OS X) AppleWebKit/604.1.38 (KHTML, like Gecko) Version/11.0 Mobile/15A372 Safari/604.1
[32minfo[39m:2019-10-24 20:25:08[right meow!]  POST--/api/cartinfodbadd--Mozilla/5.0 (iPhone; CPU iPhone OS 11_0 like Mac OS X) AppleWebKit/604.1.38 (KHTML, like Gecko) Version/11.0 Mobile/15A372 Safari/604.1
[32minfo[39m:2019-10-24 20:25:09[right meow!]  POST--/api/cartinfodbadd--Mozilla/5.0 (iPhone; CPU iPhone OS 11_0 like Mac OS X) AppleWebKit/604.1.38 (KHTML, like Gecko) Version/11.0 Mobile/15A372 Safari/604.1
[32minfo[39m:2019-10-24 20:28:02[right meow!]  POST--/api/cartinfodbadd--Mozilla/5.0 (iPhone; CPU iPhone OS 11_0 like Mac OS X) AppleWebKit/604.1.38 (KHTML, like Gecko) Version/11.0 Mobile/15A372 Safari/604.1
[32minfo[39m:2019-10-24 20:28:02[right meow!]  POST--/api/cartinfodbadd--Mozilla/5.0 (iPhone; CPU iPhone OS 11_0 like Mac OS X) AppleWebKit/604.1.38 (KHTML, like Gecko) Version/11.0 Mobile/15A372 Safari/604.1
[32minfo[39m:2019-10-24 20:28:04[right meow!]  POST--/api/cartinfodbadd--Mozilla/5.0 (iPhone; CPU iPhone OS 11_0 like Mac OS X) AppleWebKit/604.1.38 (KHTML, like Gecko) Version/11.0 Mobile/15A372 Safari/604.1
[32minfo[39m:2019-10-24 20:28:04[right meow!]  POST--/api/cartinfodbadd--Mozilla/5.0 (iPhone; CPU iPhone OS 11_0 like Mac OS X) AppleWebKit/604.1.38 (KHTML, like Gecko) Version/11.0 Mobile/15A372 Safari/604.1
[32minfo[39m:2019-10-24 20:28:04[right meow!]  POST--/api/cartinfodbadd--Mozilla/5.0 (iPhone; CPU iPhone OS 11_0 like Mac OS X) AppleWebKit/604.1.38 (KHTML, like Gecko) Version/11.0 Mobile/15A372 Safari/604.1
[32minfo[39m:2019-10-24 20:28:04[right meow!]  POST--/api/cartinfodbadd--Mozilla/5.0 (iPhone; CPU iPhone OS 11_0 like Mac OS X) AppleWebKit/604.1.38 (KHTML, like Gecko) Version/11.0 Mobile/15A372 Safari/604.1
[32minfo[39m:2019-10-24 20:30:03[right meow!]  POST--/api/cartinfodbadd--Mozilla/5.0 (iPhone; CPU iPhone OS 11_0 like Mac OS X) AppleWebKit/604.1.38 (KHTML, like Gecko) Version/11.0 Mobile/15A372 Safari/604.1
[32minfo[39m:2019-10-24 20:30:11[right meow!]  POST--/api/cartinfo--Mozilla/5.0 (iPhone; CPU iPhone OS 11_0 like Mac OS X) AppleWebKit/604.1.38 (KHTML, like Gecko) Version/11.0 Mobile/15A372 Safari/604.1
[32minfo[39m:2019-10-24 20:30:14[right meow!]  POST--/api/cartinfodbadd--Mozilla/5.0 (iPhone; CPU iPhone OS 11_0 like Mac OS X) AppleWebKit/604.1.38 (KHTML, like Gecko) Version/11.0 Mobile/15A372 Safari/604.1
[32minfo[39m:2019-10-24 20:30:15[right meow!]  POST--/api/cartinfodbadd--Mozilla/5.0 (iPhone; CPU iPhone OS 11_0 like Mac OS X) AppleWebKit/604.1.38 (KHTML, like Gecko) Version/11.0 Mobile/15A372 Safari/604.1
[32minfo[39m:2019-10-24 20:30:15[right meow!]  POST--/api/cartinfodbadd--Mozilla/5.0 (iPhone; CPU iPhone OS 11_0 like Mac OS X) AppleWebKit/604.1.38 (KHTML, like Gecko) Version/11.0 Mobile/15A372 Safari/604.1
[32minfo[39m:2019-10-24 20:30:18[right meow!]  POST--/api/cartinfodbadd--Mozilla/5.0 (iPhone; CPU iPhone OS 11_0 like Mac OS X) AppleWebKit/604.1.38 (KHTML, like Gecko) Version/11.0 Mobile/15A372 Safari/604.1
[32minfo[39m:2019-10-24 20:32:15[right meow!]  POST--/api/cartinfodbadd--Mozilla/5.0 (iPhone; CPU iPhone OS 11_0 like Mac OS X) AppleWebKit/604.1.38 (KHTML, like Gecko) Version/11.0 Mobile/15A372 Safari/604.1
[32minfo[39m:2019-10-24 20:32:30[right meow!]  redis connect 6379,127.0.0.1
[32minfo[39m:2019-10-24 20:32:32[right meow!]  mongodb connect success 27017,localhost
[32minfo[39m:2019-10-24 20:32:48[right meow!]  redis connect 6379,127.0.0.1
[32minfo[39m:2019-10-24 20:32:50[right meow!]  mongodb connect success 27017,localhost
[32minfo[39m:2019-10-24 20:32:57[right meow!]  POST--/api/cartinfodbadd--Mozilla/5.0 (iPhone; CPU iPhone OS 11_0 like Mac OS X) AppleWebKit/604.1.38 (KHTML, like Gecko) Version/11.0 Mobile/15A372 Safari/604.1
[32minfo[39m:2019-10-24 20:33:08[right meow!]  POST--/api/cartinfodbadd--Mozilla/5.0 (iPhone; CPU iPhone OS 11_0 like Mac OS X) AppleWebKit/604.1.38 (KHTML, like Gecko) Version/11.0 Mobile/15A372 Safari/604.1
[32minfo[39m:2019-10-24 20:35:11[right meow!]  redis connect 6379,127.0.0.1
[32minfo[39m:2019-10-24 20:35:13[right meow!]  mongodb connect success 27017,localhost
[32minfo[39m:2019-10-24 20:36:25[right meow!]  redis connect 6379,127.0.0.1
[32minfo[39m:2019-10-24 20:36:27[right meow!]  mongodb connect success 27017,localhost
[32minfo[39m:2019-10-24 20:37:28[right meow!]  redis connect 6379,127.0.0.1
[32minfo[39m:2019-10-24 20:37:30[right meow!]  mongodb connect success 27017,localhost
[32minfo[39m:2019-10-24 20:37:31[right meow!]  POST--/api/cartinfodbadd--Mozilla/5.0 (iPhone; CPU iPhone OS 11_0 like Mac OS X) AppleWebKit/604.1.38 (KHTML, like Gecko) Version/11.0 Mobile/15A372 Safari/604.1
[32minfo[39m:2019-10-24 20:38:03[right meow!]  POST--/api/cartinfodbadd--Mozilla/5.0 (iPhone; CPU iPhone OS 11_0 like Mac OS X) AppleWebKit/604.1.38 (KHTML, like Gecko) Version/11.0 Mobile/15A372 Safari/604.1
[32minfo[39m:2019-10-24 20:38:32[right meow!]  redis connect 6379,127.0.0.1
[32minfo[39m:2019-10-24 20:38:35[right meow!]  mongodb connect success 27017,localhost
[32minfo[39m:2019-10-24 20:39:02[right meow!]  redis connect 6379,127.0.0.1
[32minfo[39m:2019-10-24 20:39:04[right meow!]  mongodb connect success 27017,localhost
[32minfo[39m:2019-10-24 20:39:07[right meow!]  POST--/api/cartinfodbadd--Mozilla/5.0 (iPhone; CPU iPhone OS 11_0 like Mac OS X) AppleWebKit/604.1.38 (KHTML, like Gecko) Version/11.0 Mobile/15A372 Safari/604.1
[32minfo[39m:2019-10-24 20:39:37[right meow!]  POST--/api/cartinfodbadd--Mozilla/5.0 (iPhone; CPU iPhone OS 11_0 like Mac OS X) AppleWebKit/604.1.38 (KHTML, like Gecko) Version/11.0 Mobile/15A372 Safari/604.1
[32minfo[39m:2019-10-24 20:40:57[right meow!]  redis connect 6379,127.0.0.1
[32minfo[39m:2019-10-24 20:40:59[right meow!]  mongodb connect success 27017,localhost
[32minfo[39m:2019-10-24 20:41:00[right meow!]  POST--/api/cartinfodbadd--Mozilla/5.0 (iPhone; CPU iPhone OS 11_0 like Mac OS X) AppleWebKit/604.1.38 (KHTML, like Gecko) Version/11.0 Mobile/15A372 Safari/604.1
[32minfo[39m:2019-10-24 20:41:29[right meow!]  POST--/api/cartinfodbadd--Mozilla/5.0 (iPhone; CPU iPhone OS 11_0 like Mac OS X) AppleWebKit/604.1.38 (KHTML, like Gecko) Version/11.0 Mobile/15A372 Safari/604.1
[32minfo[39m:2019-10-24 20:54:14[right meow!]  redis connect 6379,127.0.0.1
[32minfo[39m:2019-10-24 20:54:16[right meow!]  mongodb connect success 27017,localhost
[32minfo[39m:2019-10-24 20:54:20[right meow!]  POST--/api/cartinfo--Mozilla/5.0 (iPhone; CPU iPhone OS 11_0 like Mac OS X) AppleWebKit/604.1.38 (KHTML, like Gecko) Version/11.0 Mobile/15A372 Safari/604.1
[32minfo[39m:2019-10-24 20:54:25[right meow!]  POST--/api/cartinfodbadd--Mozilla/5.0 (iPhone; CPU iPhone OS 11_0 like Mac OS X) AppleWebKit/604.1.38 (KHTML, like Gecko) Version/11.0 Mobile/15A372 Safari/604.1
[32minfo[39m:2019-10-24 20:54:30[right meow!]  POST--/api/cartinfodbadd--Mozilla/5.0 (iPhone; CPU iPhone OS 11_0 like Mac OS X) AppleWebKit/604.1.38 (KHTML, like Gecko) Version/11.0 Mobile/15A372 Safari/604.1
[31merror[39m:2019-10-24 20:54:30[right meow!]  Error: Can't set headers after they are sent.--POST--/api/cartinfodbadd--Mozilla/5.0 (iPhone; CPU iPhone OS 11_0 like Mac OS X) AppleWebKit/604.1.38 (KHTML, like Gecko) Version/11.0 Mobile/15A372 Safari/604.1
[32minfo[39m:2019-10-24 20:55:43[right meow!]  POST--/api/cartinfo--Mozilla/5.0 (iPhone; CPU iPhone OS 11_0 like Mac OS X) AppleWebKit/604.1.38 (KHTML, like Gecko) Version/11.0 Mobile/15A372 Safari/604.1
[32minfo[39m:2019-10-24 20:55:45[right meow!]  POST--/api/cartinfodbadd--Mozilla/5.0 (iPhone; CPU iPhone OS 11_0 like Mac OS X) AppleWebKit/604.1.38 (KHTML, like Gecko) Version/11.0 Mobile/15A372 Safari/604.1
[32minfo[39m:2019-10-24 20:55:46[right meow!]  POST--/api/cartinfodbadd--Mozilla/5.0 (iPhone; CPU iPhone OS 11_0 like Mac OS X) AppleWebKit/604.1.38 (KHTML, like Gecko) Version/11.0 Mobile/15A372 Safari/604.1
[31merror[39m:2019-10-24 20:55:46[right meow!]  Error: Can't set headers after they are sent.--POST--/api/cartinfodbadd--Mozilla/5.0 (iPhone; CPU iPhone OS 11_0 like Mac OS X) AppleWebKit/604.1.38 (KHTML, like Gecko) Version/11.0 Mobile/15A372 Safari/604.1
[32minfo[39m:2019-10-24 20:56:37[right meow!]  POST--/api/cartinfodbadd--Mozilla/5.0 (iPhone; CPU iPhone OS 11_0 like Mac OS X) AppleWebKit/604.1.38 (KHTML, like Gecko) Version/11.0 Mobile/15A372 Safari/604.1
[32minfo[39m:2019-10-24 20:56:39[right meow!]  POST--/api/cartinfodbadd--Mozilla/5.0 (iPhone; CPU iPhone OS 11_0 like Mac OS X) AppleWebKit/604.1.38 (KHTML, like Gecko) Version/11.0 Mobile/15A372 Safari/604.1
[31merror[39m:2019-10-24 20:56:39[right meow!]  Error: Can't set headers after they are sent.--POST--/api/cartinfodbadd--Mozilla/5.0 (iPhone; CPU iPhone OS 11_0 like Mac OS X) AppleWebKit/604.1.38 (KHTML, like Gecko) Version/11.0 Mobile/15A372 Safari/604.1
[32minfo[39m:2019-10-24 20:56:40[right meow!]  POST--/api/cartinfodbadd--Mozilla/5.0 (iPhone; CPU iPhone OS 11_0 like Mac OS X) AppleWebKit/604.1.38 (KHTML, like Gecko) Version/11.0 Mobile/15A372 Safari/604.1
[32minfo[39m:2019-10-24 20:56:41[right meow!]  POST--/api/cartinfodbadd--Mozilla/5.0 (iPhone; CPU iPhone OS 11_0 like Mac OS X) AppleWebKit/604.1.38 (KHTML, like Gecko) Version/11.0 Mobile/15A372 Safari/604.1
[31merror[39m:2019-10-24 20:56:41[right meow!]  Error: Can't set headers after they are sent.--POST--/api/cartinfodbadd--Mozilla/5.0 (iPhone; CPU iPhone OS 11_0 like Mac OS X) AppleWebKit/604.1.38 (KHTML, like Gecko) Version/11.0 Mobile/15A372 Safari/604.1
[32minfo[39m:2019-10-24 21:30:06[right meow!]  redis connect 6379,127.0.0.1
[32minfo[39m:2019-10-24 21:30:08[right meow!]  mongodb connect success 27017,localhost
[32minfo[39m:2019-10-24 21:30:31[right meow!]  redis connect 6379,127.0.0.1
[32minfo[39m:2019-10-24 21:30:33[right meow!]  mongodb connect success 27017,localhost
[32minfo[39m:2019-10-24 21:32:44[right meow!]  redis connect 6379,127.0.0.1
[32minfo[39m:2019-10-24 21:32:46[right meow!]  mongodb connect success 27017,localhost
[32minfo[39m:2019-10-24 21:32:59[right meow!]  redis connect 6379,127.0.0.1
[32minfo[39m:2019-10-24 21:33:01[right meow!]  mongodb connect success 27017,localhost
[32minfo[39m:2019-10-24 21:33:05[right meow!]  POST--/api/cartinfodbadd--Mozilla/5.0 (iPhone; CPU iPhone OS 11_0 like Mac OS X) AppleWebKit/604.1.38 (KHTML, like Gecko) Version/11.0 Mobile/15A372 Safari/604.1
[32minfo[39m:2019-10-24 21:33:20[right meow!]  POST--/api/cartinfodbadd--Mozilla/5.0 (iPhone; CPU iPhone OS 11_0 like Mac OS X) AppleWebKit/604.1.38 (KHTML, like Gecko) Version/11.0 Mobile/15A372 Safari/604.1
[32minfo[39m:2019-10-24 21:33:40[right meow!]  POST--/api/cartinfodbadd--Mozilla/5.0 (iPhone; CPU iPhone OS 11_0 like Mac OS X) AppleWebKit/604.1.38 (KHTML, like Gecko) Version/11.0 Mobile/15A372 Safari/604.1
[32minfo[39m:2019-10-24 21:33:47[right meow!]  POST--/api/cartinfo--Mozilla/5.0 (iPhone; CPU iPhone OS 11_0 like Mac OS X) AppleWebKit/604.1.38 (KHTML, like Gecko) Version/11.0 Mobile/15A372 Safari/604.1
[32minfo[39m:2019-10-24 21:34:02[right meow!]  POST--/api/cartinfodbadd--Mozilla/5.0 (iPhone; CPU iPhone OS 11_0 like Mac OS X) AppleWebKit/604.1.38 (KHTML, like Gecko) Version/11.0 Mobile/15A372 Safari/604.1
[32minfo[39m:2019-10-24 21:34:02[right meow!]  POST--/api/cartinfodbadd--Mozilla/5.0 (iPhone; CPU iPhone OS 11_0 like Mac OS X) AppleWebKit/604.1.38 (KHTML, like Gecko) Version/11.0 Mobile/15A372 Safari/604.1
[31merror[39m:2019-10-24 21:34:02[right meow!]  Error: Can't set headers after they are sent.--POST--/api/cartinfodbadd--Mozilla/5.0 (iPhone; CPU iPhone OS 11_0 like Mac OS X) AppleWebKit/604.1.38 (KHTML, like Gecko) Version/11.0 Mobile/15A372 Safari/604.1
[32minfo[39m:2019-10-24 21:37:32[right meow!]  GET -- /api/mjdindex -- Mozilla/5.0 (Windows NT 10.0; Win64; x64) AppleWebKit/537.36 (KHTML, like Gecko) Chrome/75.0.3770.100 Safari/537.36
[32minfo[39m:2019-10-24 21:37:38[right meow!]  POST--/api/cartinfo--Mozilla/5.0 (Windows NT 10.0; Win64; x64) AppleWebKit/537.36 (KHTML, like Gecko) Chrome/75.0.3770.100 Safari/537.36
[32minfo[39m:2019-10-24 21:37:45[right meow!]  GET -- /api/mjdindex -- Mozilla/5.0 (Windows NT 10.0; Win64; x64) AppleWebKit/537.36 (KHTML, like Gecko) Chrome/75.0.3770.100 Safari/537.36
[32minfo[39m:2019-10-24 21:37:46[right meow!]  POST -- /api/searchbycatagrorty -- Mozilla/5.0 (Windows NT 10.0; Win64; x64) AppleWebKit/537.36 (KHTML, like Gecko) Chrome/75.0.3770.100 Safari/537.36
[32minfo[39m:2019-10-24 21:37:51[right meow!]  POST -- /api/searchbycatagrorty -- Mozilla/5.0 (Windows NT 10.0; Win64; x64) AppleWebKit/537.36 (KHTML, like Gecko) Chrome/75.0.3770.100 Safari/537.36
[32minfo[39m:2019-10-24 21:37:56[right meow!]  POST -- /api/searchbycatagrorty -- Mozilla/5.0 (Windows NT 10.0; Win64; x64) AppleWebKit/537.36 (KHTML, like Gecko) Chrome/75.0.3770.100 Safari/537.36
[32minfo[39m:2019-10-24 21:38:22[right meow!]  POST--/api/cartinfo--Mozilla/5.0 (iPhone; CPU iPhone OS 11_0 like Mac OS X) AppleWebKit/604.1.38 (KHTML, like Gecko) Version/11.0 Mobile/15A372 Safari/604.1
[32minfo[39m:2019-10-24 21:38:26[right meow!]  POST--/api/cartinfodbadd--Mozilla/5.0 (iPhone; CPU iPhone OS 11_0 like Mac OS X) AppleWebKit/604.1.38 (KHTML, like Gecko) Version/11.0 Mobile/15A372 Safari/604.1
[32minfo[39m:2019-10-24 21:41:01[right meow!]  redis connect 6379,127.0.0.1
[32minfo[39m:2019-10-24 21:41:03[right meow!]  POST--/api/cartinfodbadd--Mozilla/5.0 (iPhone; CPU iPhone OS 11_0 like Mac OS X) AppleWebKit/604.1.38 (KHTML, like Gecko) Version/11.0 Mobile/15A372 Safari/604.1
[32minfo[39m:2019-10-24 21:41:03[right meow!]  mongodb connect success 27017,localhost
[32minfo[39m:2019-10-24 21:41:06[right meow!]  POST--/api/cartinfodbadd--Mozilla/5.0 (iPhone; CPU iPhone OS 11_0 like Mac OS X) AppleWebKit/604.1.38 (KHTML, like Gecko) Version/11.0 Mobile/15A372 Safari/604.1
[32minfo[39m:2019-10-24 21:41:07[right meow!]  POST--/api/cartinfodbadd--Mozilla/5.0 (iPhone; CPU iPhone OS 11_0 like Mac OS X) AppleWebKit/604.1.38 (KHTML, like Gecko) Version/11.0 Mobile/15A372 Safari/604.1
[31merror[39m:2019-10-24 21:41:10[right meow!]  Error: Can't set headers after they are sent.--POST--/api/cartinfodbadd--Mozilla/5.0 (iPhone; CPU iPhone OS 11_0 like Mac OS X) AppleWebKit/604.1.38 (KHTML, like Gecko) Version/11.0 Mobile/15A372 Safari/604.1
[31merror[39m:2019-10-24 21:41:12[right meow!]  Error: Can't set headers after they are sent.--POST--/api/cartinfodbadd--Mozilla/5.0 (iPhone; CPU iPhone OS 11_0 like Mac OS X) AppleWebKit/604.1.38 (KHTML, like Gecko) Version/11.0 Mobile/15A372 Safari/604.1
[32minfo[39m:2019-10-24 21:43:03[right meow!]  redis connect 6379,127.0.0.1
[32minfo[39m:2019-10-24 21:43:05[right meow!]  mongodb connect success 27017,localhost
[32minfo[39m:2019-10-24 21:43:56[right meow!]  POST--/api/cartinfodbadd--Mozilla/5.0 (iPhone; CPU iPhone OS 11_0 like Mac OS X) AppleWebKit/604.1.38 (KHTML, like Gecko) Version/11.0 Mobile/15A372 Safari/604.1
[32minfo[39m:2019-10-24 21:44:01[right meow!]  POST--/api/cartinfodbadd--Mozilla/5.0 (iPhone; CPU iPhone OS 11_0 like Mac OS X) AppleWebKit/604.1.38 (KHTML, like Gecko) Version/11.0 Mobile/15A372 Safari/604.1
[32minfo[39m:2019-10-24 21:44:03[right meow!]  POST--/api/cartinfodbadd--Mozilla/5.0 (iPhone; CPU iPhone OS 11_0 like Mac OS X) AppleWebKit/604.1.38 (KHTML, like Gecko) Version/11.0 Mobile/15A372 Safari/604.1
[32minfo[39m:2019-10-24 21:44:06[right meow!]  POST--/api/cartinfodbadd--Mozilla/5.0 (iPhone; CPU iPhone OS 11_0 like Mac OS X) AppleWebKit/604.1.38 (KHTML, like Gecko) Version/11.0 Mobile/15A372 Safari/604.1
[31merror[39m:2019-10-24 21:44:06[right meow!]  Error: Can't set headers after they are sent.--POST--/api/cartinfodbadd--Mozilla/5.0 (iPhone; CPU iPhone OS 11_0 like Mac OS X) AppleWebKit/604.1.38 (KHTML, like Gecko) Version/11.0 Mobile/15A372 Safari/604.1
[32minfo[39m:2019-10-24 21:44:08[right meow!]  POST--/api/cartinfodbadd--Mozilla/5.0 (iPhone; CPU iPhone OS 11_0 like Mac OS X) AppleWebKit/604.1.38 (KHTML, like Gecko) Version/11.0 Mobile/15A372 Safari/604.1
[31merror[39m:2019-10-24 21:44:08[right meow!]  Error: Can't set headers after they are sent.--POST--/api/cartinfodbadd--Mozilla/5.0 (iPhone; CPU iPhone OS 11_0 like Mac OS X) AppleWebKit/604.1.38 (KHTML, like Gecko) Version/11.0 Mobile/15A372 Safari/604.1
[32minfo[39m:2019-10-24 21:44:09[right meow!]  POST--/api/cartinfodbadd--Mozilla/5.0 (iPhone; CPU iPhone OS 11_0 like Mac OS X) AppleWebKit/604.1.38 (KHTML, like Gecko) Version/11.0 Mobile/15A372 Safari/604.1
[31merror[39m:2019-10-24 21:44:09[right meow!]  Error: Can't set headers after they are sent.--POST--/api/cartinfodbadd--Mozilla/5.0 (iPhone; CPU iPhone OS 11_0 like Mac OS X) AppleWebKit/604.1.38 (KHTML, like Gecko) Version/11.0 Mobile/15A372 Safari/604.1
[32minfo[39m:2019-10-24 21:45:39[right meow!]  redis connect 6379,127.0.0.1
[32minfo[39m:2019-10-24 21:45:41[right meow!]  mongodb connect success 27017,localhost
[32minfo[39m:2019-10-24 21:45:45[right meow!]  POST--/api/cartinfodbadd--Mozilla/5.0 (iPhone; CPU iPhone OS 11_0 like Mac OS X) AppleWebKit/604.1.38 (KHTML, like Gecko) Version/11.0 Mobile/15A372 Safari/604.1
[32minfo[39m:2019-10-24 21:45:46[right meow!]  POST--/api/cartinfodbadd--Mozilla/5.0 (iPhone; CPU iPhone OS 11_0 like Mac OS X) AppleWebKit/604.1.38 (KHTML, like Gecko) Version/11.0 Mobile/15A372 Safari/604.1
[32minfo[39m:2019-10-24 21:45:56[right meow!]  POST--/api/cartinfodbadd--Mozilla/5.0 (iPhone; CPU iPhone OS 11_0 like Mac OS X) AppleWebKit/604.1.38 (KHTML, like Gecko) Version/11.0 Mobile/15A372 Safari/604.1
[32minfo[39m:2019-10-24 21:45:58[right meow!]  POST--/api/cartinfodbadd--Mozilla/5.0 (iPhone; CPU iPhone OS 11_0 like Mac OS X) AppleWebKit/604.1.38 (KHTML, like Gecko) Version/11.0 Mobile/15A372 Safari/604.1
[32minfo[39m:2019-10-24 21:46:01[right meow!]  POST--/api/cartinfodbadd--Mozilla/5.0 (iPhone; CPU iPhone OS 11_0 like Mac OS X) AppleWebKit/604.1.38 (KHTML, like Gecko) Version/11.0 Mobile/15A372 Safari/604.1
[32minfo[39m:2019-10-24 21:46:02[right meow!]  POST--/api/cartinfodbadd--Mozilla/5.0 (iPhone; CPU iPhone OS 11_0 like Mac OS X) AppleWebKit/604.1.38 (KHTML, like Gecko) Version/11.0 Mobile/15A372 Safari/604.1
[32minfo[39m:2019-10-24 21:46:03[right meow!]  POST--/api/cartinfodbadd--Mozilla/5.0 (iPhone; CPU iPhone OS 11_0 like Mac OS X) AppleWebKit/604.1.38 (KHTML, like Gecko) Version/11.0 Mobile/15A372 Safari/604.1
[32minfo[39m:2019-10-24 21:46:04[right meow!]  POST--/api/cartinfodbadd--Mozilla/5.0 (iPhone; CPU iPhone OS 11_0 like Mac OS X) AppleWebKit/604.1.38 (KHTML, like Gecko) Version/11.0 Mobile/15A372 Safari/604.1
[32minfo[39m:2019-10-24 21:46:07[right meow!]  POST--/api/cartinfodbadd--Mozilla/5.0 (iPhone; CPU iPhone OS 11_0 like Mac OS X) AppleWebKit/604.1.38 (KHTML, like Gecko) Version/11.0 Mobile/15A372 Safari/604.1
[32minfo[39m:2019-10-24 21:46:08[right meow!]  POST--/api/cartinfodbadd--Mozilla/5.0 (iPhone; CPU iPhone OS 11_0 like Mac OS X) AppleWebKit/604.1.38 (KHTML, like Gecko) Version/11.0 Mobile/15A372 Safari/604.1
[32minfo[39m:2019-10-24 21:46:08[right meow!]  POST--/api/cartinfodbadd--Mozilla/5.0 (iPhone; CPU iPhone OS 11_0 like Mac OS X) AppleWebKit/604.1.38 (KHTML, like Gecko) Version/11.0 Mobile/15A372 Safari/604.1
[32minfo[39m:2019-10-24 21:46:09[right meow!]  POST--/api/cartinfodbadd--Mozilla/5.0 (iPhone; CPU iPhone OS 11_0 like Mac OS X) AppleWebKit/604.1.38 (KHTML, like Gecko) Version/11.0 Mobile/15A372 Safari/604.1
[32minfo[39m:2019-10-24 21:46:25[right meow!]  redis connect 6379,127.0.0.1
[32minfo[39m:2019-10-24 21:46:27[right meow!]  mongodb connect success 27017,localhost
[32minfo[39m:2019-10-24 21:46:30[right meow!]  redis connect 6379,127.0.0.1
[32minfo[39m:2019-10-24 21:46:32[right meow!]  mongodb connect success 27017,localhost
[32minfo[39m:2019-10-24 21:46:56[right meow!]  POST--/api/cartinfodbadd--Mozilla/5.0 (iPhone; CPU iPhone OS 11_0 like Mac OS X) AppleWebKit/604.1.38 (KHTML, like Gecko) Version/11.0 Mobile/15A372 Safari/604.1
[32minfo[39m:2019-10-24 21:47:38[right meow!]  GET -- /api/mjdindex -- Mozilla/5.0 (iPhone; CPU iPhone OS 11_0 like Mac OS X) AppleWebKit/604.1.38 (KHTML, like Gecko) Version/11.0 Mobile/15A372 Safari/604.1
[32minfo[39m:2019-10-24 21:47:42[right meow!]  bbbbbb已经成功退出登录 -- POST -- /api/loginout -- Mozilla/5.0 (iPhone; CPU iPhone OS 11_0 like Mac OS X) AppleWebKit/604.1.38 (KHTML, like Gecko) Version/11.0 Mobile/15A372 Safari/604.1
[32minfo[39m:2019-10-24 21:47:53[right meow!]  aaaaaa登录成功 -- POST -- /api/userlogininfl -- Mozilla/5.0 (iPhone; CPU iPhone OS 11_0 like Mac OS X) AppleWebKit/604.1.38 (KHTML, like Gecko) Version/11.0 Mobile/15A372 Safari/604.1
[32minfo[39m:2019-10-24 21:47:57[right meow!]  POST--/api/cartinfo--Mozilla/5.0 (iPhone; CPU iPhone OS 11_0 like Mac OS X) AppleWebKit/604.1.38 (KHTML, like Gecko) Version/11.0 Mobile/15A372 Safari/604.1
[32minfo[39m:2019-10-24 21:48:13[right meow!]  POST--/api/cartinfodbadd--Mozilla/5.0 (iPhone; CPU iPhone OS 11_0 like Mac OS X) AppleWebKit/604.1.38 (KHTML, like Gecko) Version/11.0 Mobile/15A372 Safari/604.1
[32minfo[39m:2019-10-24 21:48:13[right meow!]  POST--/api/cartinfodbadd--Mozilla/5.0 (iPhone; CPU iPhone OS 11_0 like Mac OS X) AppleWebKit/604.1.38 (KHTML, like Gecko) Version/11.0 Mobile/15A372 Safari/604.1
[32minfo[39m:2019-10-24 21:48:15[right meow!]  POST--/api/cartinfodbadd--Mozilla/5.0 (iPhone; CPU iPhone OS 11_0 like Mac OS X) AppleWebKit/604.1.38 (KHTML, like Gecko) Version/11.0 Mobile/15A372 Safari/604.1
[32minfo[39m:2019-10-24 21:48:17[right meow!]  POST--/api/cartinfodbadd--Mozilla/5.0 (iPhone; CPU iPhone OS 11_0 like Mac OS X) AppleWebKit/604.1.38 (KHTML, like Gecko) Version/11.0 Mobile/15A372 Safari/604.1
[32minfo[39m:2019-10-24 21:48:19[right meow!]  POST--/api/cartinfodbadd--Mozilla/5.0 (iPhone; CPU iPhone OS 11_0 like Mac OS X) AppleWebKit/604.1.38 (KHTML, like Gecko) Version/11.0 Mobile/15A372 Safari/604.1
[32minfo[39m:2019-10-24 21:48:22[right meow!]  POST--/api/cartinfodbadd--Mozilla/5.0 (iPhone; CPU iPhone OS 11_0 like Mac OS X) AppleWebKit/604.1.38 (KHTML, like Gecko) Version/11.0 Mobile/15A372 Safari/604.1
[32minfo[39m:2019-10-24 21:48:24[right meow!]  POST--/api/cartinfodbadd--Mozilla/5.0 (iPhone; CPU iPhone OS 11_0 like Mac OS X) AppleWebKit/604.1.38 (KHTML, like Gecko) Version/11.0 Mobile/15A372 Safari/604.1
[32minfo[39m:2019-10-24 21:48:26[right meow!]  POST--/api/cartinfodbadd--Mozilla/5.0 (iPhone; CPU iPhone OS 11_0 like Mac OS X) AppleWebKit/604.1.38 (KHTML, like Gecko) Version/11.0 Mobile/15A372 Safari/604.1
[32minfo[39m:2019-10-24 21:48:26[right meow!]  POST--/api/cartinfodbadd--Mozilla/5.0 (iPhone; CPU iPhone OS 11_0 like Mac OS X) AppleWebKit/604.1.38 (KHTML, like Gecko) Version/11.0 Mobile/15A372 Safari/604.1
[32minfo[39m:2019-10-24 21:48:30[right meow!]  POST--/api/cartinfodbadd--Mozilla/5.0 (iPhone; CPU iPhone OS 11_0 like Mac OS X) AppleWebKit/604.1.38 (KHTML, like Gecko) Version/11.0 Mobile/15A372 Safari/604.1
[32minfo[39m:2019-10-24 21:49:34[right meow!]  redis connect 6379,127.0.0.1
[32minfo[39m:2019-10-24 21:49:36[right meow!]  mongodb connect success 27017,localhost
