[32minfo[39m:2019-09-25 08:48:34[right meow!]  GET -- /mjdindex -- Mozilla/5.0 (Windows NT 10.0; Win64; x64) AppleWebKit/537.36 (KHTML, like Gecko) Chrome/75.0.3770.100 Safari/537.36
[31merror[39m:2019-09-25 08:48:34[right meow!]  userlogininfl é”™è¯¯ä¸»é¡µ GET -- /mjdindex -- Mozilla/5.0 (Windows NT 10.0; Win64; x64) AppleWebKit/537.36 (KHTML, like Gecko) Chrome/75.0.3770.100 Safari/537.36
[31merror[39m:2019-09-25 08:50:38[right meow!]  å¿…é¡»è¦æœ‰ç”¨æˆ·å. -- POST -- /userlogininfl -- Mozilla/5.0 (iPhone; CPU iPhone OS 11_0 like Mac OS X) AppleWebKit/604.1.38 (KHTML, like Gecko) Version/11.0 Mobile/15A372 Safari/604.1
[31merror[39m:2019-09-25 08:50:42[right meow!]  å¿…é¡»è¦æœ‰ç”¨æˆ·å. -- POST -- /userlogininfl -- Mozilla/5.0 (iPhone; CPU iPhone OS 11_0 like Mac OS X) AppleWebKit/604.1.38 (KHTML, like Gecko) Version/11.0 Mobile/15A372 Safari/604.1
[31merror[39m:2019-09-25 08:55:51[right meow!]  å¿…é¡»è¦æœ‰ç”¨æˆ·å. -- POST -- /userlogininfl -- Mozilla/5.0 (iPhone; CPU iPhone OS 11_0 like Mac OS X) AppleWebKit/604.1.38 (KHTML, like Gecko) Version/11.0 Mobile/15A372 Safari/604.1
[32minfo[39m:2019-09-25 08:55:52[right meow!]  GET -- /mjdindex -- Mozilla/5.0 (iPhone; CPU iPhone OS 11_0 like Mac OS X) AppleWebKit/604.1.38 (KHTML, like Gecko) Version/11.0 Mobile/15A372 Safari/604.1
[31merror[39m:2019-09-25 08:55:52[right meow!]  userlogininfl é”™è¯¯ä¸»é¡µ GET -- /mjdindex -- Mozilla/5.0 (iPhone; CPU iPhone OS 11_0 like Mac OS X) AppleWebKit/604.1.38 (KHTML, like Gecko) Version/11.0 Mobile/15A372 Safari/604.1
error:2019-09-25 08:57:23[right meow!]  å¿…é¡»è¦æœ‰ç”¨æˆ·å. -- POST -- /userlogininfl -- Mozilla/5.0 (iPhone; CPU iPhone OS 11_0 like Mac OS X) AppleWebKit/604.1.38 (KHTML, like Gecko) Version/11.0 Mobile/15A372 Safari/604.1
info:2019-09-25 08:57:26[right meow!]  GET -- /mjdindex -- Mozilla/5.0 (iPhone; CPU iPhone OS 11_0 like Mac OS X) AppleWebKit/604.1.38 (KHTML, like Gecko) Version/11.0 Mobile/15A372 Safari/604.1
error:2019-09-25 08:57:26[right meow!]  userlogininfl é”™è¯¯ä¸»é¡µ GET -- /mjdindex -- Mozilla/5.0 (iPhone; CPU iPhone OS 11_0 like Mac OS X) AppleWebKit/604.1.38 (KHTML, like Gecko) Version/11.0 Mobile/15A372 Safari/604.1
error:2019-09-25 08:58:31[right meow!]  å¿…é¡»è¦æœ‰ç”¨æˆ·å. -- POST -- /userlogininfl -- Mozilla/5.0 (iPhone; CPU iPhone OS 11_0 like Mac OS X) AppleWebKit/604.1.38 (KHTML, like Gecko) Version/11.0 Mobile/15A372 Safari/604.1
info:2019-09-25 08:58:31[right meow!]  GET -- /mjdindex -- Mozilla/5.0 (iPhone; CPU iPhone OS 11_0 like Mac OS X) AppleWebKit/604.1.38 (KHTML, like Gecko) Version/11.0 Mobile/15A372 Safari/604.1
error:2019-09-25 08:58:31[right meow!]  userlogininfl é”™è¯¯ä¸»é¡µ GET -- /mjdindex -- Mozilla/5.0 (iPhone; CPU iPhone OS 11_0 like Mac OS X) AppleWebKit/604.1.38 (KHTML, like Gecko) Version/11.0 Mobile/15A372 Safari/604.1
error:2019-09-25 09:00:42[right meow!]  å¿…é¡»è¦æœ‰ç”¨æˆ·å. -- POST -- /userlogininfl -- Mozilla/5.0 (iPhone; CPU iPhone OS 11_0 like Mac OS X) AppleWebKit/604.1.38 (KHTML, like Gecko) Version/11.0 Mobile/15A372 Safari/604.1
info:2019-09-25 09:00:45[right meow!]  GET -- /mjdindex -- Mozilla/5.0 (iPhone; CPU iPhone OS 11_0 like Mac OS X) AppleWebKit/604.1.38 (KHTML, like Gecko) Version/11.0 Mobile/15A372 Safari/604.1
error:2019-09-25 09:00:45[right meow!]  userlogininfl é”™è¯¯ä¸»é¡µ GET -- /mjdindex -- Mozilla/5.0 (iPhone; CPU iPhone OS 11_0 like Mac OS X) AppleWebKit/604.1.38 (KHTML, like Gecko) Version/11.0 Mobile/15A372 Safari/604.1
[31merror[39m:2019-09-25 09:11:19[right meow!]  å¿…é¡»è¦æœ‰ç”¨æˆ·å. -- POST -- /userlogininfl -- Mozilla/5.0 (iPhone; CPU iPhone OS 11_0 like Mac OS X) AppleWebKit/604.1.38 (KHTML, like Gecko) Version/11.0 Mobile/15A372 Safari/604.1
[32minfo[39m:2019-09-25 09:11:21[right meow!]  GET -- /mjdindex -- Mozilla/5.0 (iPhone; CPU iPhone OS 11_0 like Mac OS X) AppleWebKit/604.1.38 (KHTML, like Gecko) Version/11.0 Mobile/15A372 Safari/604.1
[31merror[39m:2019-09-25 09:11:21[right meow!]  userlogininfl é”™è¯¯ä¸»é¡µ GET -- /mjdindex -- Mozilla/5.0 (iPhone; CPU iPhone OS 11_0 like Mac OS X) AppleWebKit/604.1.38 (KHTML, like Gecko) Version/11.0 Mobile/15A372 Safari/604.1
error:2019-09-25 09:12:01[right meow!]  å¿…é¡»è¦æœ‰ç”¨æˆ·å. -- POST -- /userlogininfl -- Mozilla/5.0 (iPhone; CPU iPhone OS 11_0 like Mac OS X) AppleWebKit/604.1.38 (KHTML, like Gecko) Version/11.0 Mobile/15A372 Safari/604.1
info:2019-09-25 09:12:02[right meow!]  GET -- /mjdindex -- Mozilla/5.0 (iPhone; CPU iPhone OS 11_0 like Mac OS X) AppleWebKit/604.1.38 (KHTML, like Gecko) Version/11.0 Mobile/15A372 Safari/604.1
error:2019-09-25 09:12:02[right meow!]  userlogininfl é”™è¯¯ä¸»é¡µ GET -- /mjdindex -- Mozilla/5.0 (iPhone; CPU iPhone OS 11_0 like Mac OS X) AppleWebKit/604.1.38 (KHTML, like Gecko) Version/11.0 Mobile/15A372 Safari/604.1
error:2019-09-25 09:13:06[right meow!]  å¿…é¡»è¦æœ‰ç”¨æˆ·å. -- POST -- /userlogininfl -- Mozilla/5.0 (iPhone; CPU iPhone OS 11_0 like Mac OS X) AppleWebKit/604.1.38 (KHTML, like Gecko) Version/11.0 Mobile/15A372 Safari/604.1
info:2019-09-25 09:13:12[right meow!]  GET -- /mjdindex -- Mozilla/5.0 (iPhone; CPU iPhone OS 11_0 like Mac OS X) AppleWebKit/604.1.38 (KHTML, like Gecko) Version/11.0 Mobile/15A372 Safari/604.1
[32minfo[39m:2019-09-25 13:32:18[right meow!]  GET -- /mjdindex -- Mozilla/5.0 (iPhone; CPU iPhone OS 11_0 like Mac OS X) AppleWebKit/604.1.38 (KHTML, like Gecko) Version/11.0 Mobile/15A372 Safari/604.1
[31merror[39m:2019-09-25 13:32:18[right meow!]  userlogininfl é”™è¯¯ä¸»é¡µ GET -- /mjdindex -- Mozilla/5.0 (iPhone; CPU iPhone OS 11_0 like Mac OS X) AppleWebKit/604.1.38 (KHTML, like Gecko) Version/11.0 Mobile/15A372 Safari/604.1
[32minfo[39m:2019-09-25 13:32:25[right meow!]  GET -- /mjdindex -- Mozilla/5.0 (iPhone; CPU iPhone OS 11_0 like Mac OS X) AppleWebKit/604.1.38 (KHTML, like Gecko) Version/11.0 Mobile/15A372 Safari/604.1
[31merror[39m:2019-09-25 13:32:25[right meow!]  userlogininfl é”™è¯¯ä¸»é¡µ GET -- /mjdindex -- Mozilla/5.0 (iPhone; CPU iPhone OS 11_0 like Mac OS X) AppleWebKit/604.1.38 (KHTML, like Gecko) Version/11.0 Mobile/15A372 Safari/604.1
[32minfo[39m:2019-09-25 20:17:44[right meow!]  GET -- /mjdindex -- Mozilla/5.0 (Windows NT 10.0; Win64; x64) AppleWebKit/537.36 (KHTML, like Gecko) Chrome/75.0.3770.100 Safari/537.36
[31merror[39m:2019-09-25 20:17:44[right meow!]  userlogininfl é”™è¯¯ä¸»é¡µ GET -- /mjdindex -- Mozilla/5.0 (Windows NT 10.0; Win64; x64) AppleWebKit/537.36 (KHTML, like Gecko) Chrome/75.0.3770.100 Safari/537.36
[32minfo[39m:2019-09-25 20:22:17[right meow!]  ç™»å½•æˆåŠŸ -- POST -- /userlogininfl -- Mozilla/5.0 (iPhone; CPU iPhone OS 11_0 like Mac OS X) AppleWebKit/604.1.38 (KHTML, like Gecko) Version/11.0 Mobile/15A372 Safari/604.1
[32minfo[39m:2019-09-25 20:25:52[right meow!]  aeuyu_gug07ç™»å½•æˆåŠŸ -- POST -- /userlogininfl -- Mozilla/5.0 (iPhone; CPU iPhone OS 11_0 like Mac OS X) AppleWebKit/604.1.38 (KHTML, like Gecko) Version/11.0 Mobile/15A372 Safari/604.1
[32minfo[39m:2019-09-25 20:28:48[right meow!]  GET -- /mjdindex -- Mozilla/5.0 (iPhone; CPU iPhone OS 11_0 like Mac OS X) AppleWebKit/604.1.38 (KHTML, like Gecko) Version/11.0 Mobile/15A372 Safari/604.1
[31merror[39m:2019-09-25 20:28:48[right meow!]  userlogininfl é”™è¯¯ä¸»é¡µ GET -- /mjdindex -- Mozilla/5.0 (iPhone; CPU iPhone OS 11_0 like Mac OS X) AppleWebKit/604.1.38 (KHTML, like Gecko) Version/11.0 Mobile/15A372 Safari/604.1
[32minfo[39m:2019-09-25 20:30:34[right meow!]  djkl7845e5ç™»å½•æˆåŠŸ -- POST -- /userlogininfl -- Mozilla/5.0 (iPhone; CPU iPhone OS 11_0 like Mac OS X) AppleWebKit/604.1.38 (KHTML, like Gecko) Version/11.0 Mobile/15A372 Safari/604.1
[32minfo[39m:2019-09-25 20:39:39[right meow!]  GET -- /mjdindex -- Mozilla/5.0 (iPhone; CPU iPhone OS 11_0 like Mac OS X) AppleWebKit/604.1.38 (KHTML, like Gecko) Version/11.0 Mobile/15A372 Safari/604.1
[31merror[39m:2019-09-25 20:39:39[right meow!]  userlogininfl é”™è¯¯ä¸»é¡µ GET -- /mjdindex -- Mozilla/5.0 (iPhone; CPU iPhone OS 11_0 like Mac OS X) AppleWebKit/604.1.38 (KHTML, like Gecko) Version/11.0 Mobile/15A372 Safari/604.1
[32minfo[39m:2019-09-25 20:40:53[right meow!]  GET -- /mjdindex -- Mozilla/5.0 (iPhone; CPU iPhone OS 11_0 like Mac OS X) AppleWebKit/604.1.38 (KHTML, like Gecko) Version/11.0 Mobile/15A372 Safari/604.1
[31merror[39m:2019-09-25 20:40:53[right meow!]  userlogininfl é”™è¯¯ä¸»é¡µ GET -- /mjdindex -- Mozilla/5.0 (iPhone; CPU iPhone OS 11_0 like Mac OS X) AppleWebKit/604.1.38 (KHTML, like Gecko) Version/11.0 Mobile/15A372 Safari/604.1
[32minfo[39m:2019-09-25 20:40:55[right meow!]  GET -- /mjdindex -- Mozilla/5.0 (iPhone; CPU iPhone OS 11_0 like Mac OS X) AppleWebKit/604.1.38 (KHTML, like Gecko) Version/11.0 Mobile/15A372 Safari/604.1
[31merror[39m:2019-09-25 20:40:55[right meow!]  userlogininfl é”™è¯¯ä¸»é¡µ GET -- /mjdindex -- Mozilla/5.0 (iPhone; CPU iPhone OS 11_0 like Mac OS X) AppleWebKit/604.1.38 (KHTML, like Gecko) Version/11.0 Mobile/15A372 Safari/604.1
[32minfo[39m:2019-09-25 20:42:27[right meow!]  bc78-de4ç™»å½•æˆåŠŸ -- POST -- /userlogininfl -- Mozilla/5.0 (iPhone; CPU iPhone OS 11_0 like Mac OS X) AppleWebKit/604.1.38 (KHTML, like Gecko) Version/11.0 Mobile/15A372 Safari/604.1
[32minfo[39m:2019-09-25 21:08:14[right meow!]  e98098934sç™»å½•æˆåŠŸ -- POST -- /userlogininfl -- Mozilla/5.0 (iPhone; CPU iPhone OS 11_0 like Mac OS X) AppleWebKit/604.1.38 (KHTML, like Gecko) Version/11.0 Mobile/15A372 Safari/604.1
[32minfo[39m:2019-09-25 21:10:00[right meow!]  GET -- /mjdindex -- Mozilla/5.0 (iPhone; CPU iPhone OS 11_0 like Mac OS X) AppleWebKit/604.1.38 (KHTML, like Gecko) Version/11.0 Mobile/15A372 Safari/604.1
[31merror[39m:2019-09-25 21:10:00[right meow!]  userlogininfl é”™è¯¯ä¸»é¡µ GET -- /mjdindex -- Mozilla/5.0 (iPhone; CPU iPhone OS 11_0 like Mac OS X) AppleWebKit/604.1.38 (KHTML, like Gecko) Version/11.0 Mobile/15A372 Safari/604.1
[32minfo[39m:2019-09-25 21:12:11[right meow!]  bc78-de4ç™»å½•æˆåŠŸ -- POST -- /userlogininfl -- Mozilla/5.0 (iPhone; CPU iPhone OS 11_0 like Mac OS X) AppleWebKit/604.1.38 (KHTML, like Gecko) Version/11.0 Mobile/15A372 Safari/604.1
[32minfo[39m:2019-09-25 21:16:01[right meow!]  ab_cd20ç™»å½•æˆåŠŸ -- POST -- /userlogininfl -- Mozilla/5.0 (iPhone; CPU iPhone OS 11_0 like Mac OS X) AppleWebKit/604.1.38 (KHTML, like Gecko) Version/11.0 Mobile/15A372 Safari/604.1
[32minfo[39m:2019-09-25 21:20:34[right meow!]  abcde_ç™»å½•æˆåŠŸ -- POST -- /userlogininfl -- Mozilla/5.0 (iPhone; CPU iPhone OS 11_0 like Mac OS X) AppleWebKit/604.1.38 (KHTML, like Gecko) Version/11.0 Mobile/15A372 Safari/604.1
[32minfo[39m:2019-09-25 21:37:07[right meow!]  cde10j3ç™»å½•æˆåŠŸ -- POST -- /userlogininfl -- Mozilla/5.0 (iPhone; CPU iPhone OS 11_0 like Mac OS X) AppleWebKit/604.1.38 (KHTML, like Gecko) Version/11.0 Mobile/15A372 Safari/604.1
[32minfo[39m:2019-09-25 21:37:09[right meow!]  cde10j3ç™»å½•æˆåŠŸ -- POST -- /userlogininfl -- Mozilla/5.0 (iPhone; CPU iPhone OS 11_0 like Mac OS X) AppleWebKit/604.1.38 (KHTML, like Gecko) Version/11.0 Mobile/15A372 Safari/604.1
[32minfo[39m:2019-09-25 21:37:34[right meow!]  cde10j3ç™»å½•æˆåŠŸ -- POST -- /userlogininfl -- Mozilla/5.0 (iPhone; CPU iPhone OS 11_0 like Mac OS X) AppleWebKit/604.1.38 (KHTML, like Gecko) Version/11.0 Mobile/15A372 Safari/604.1
[32minfo[39m:2019-09-25 21:38:16[right meow!]  cde10j3ç™»å½•æˆåŠŸ -- POST -- /userlogininfl -- Mozilla/5.0 (iPhone; CPU iPhone OS 11_0 like Mac OS X) AppleWebKit/604.1.38 (KHTML, like Gecko) Version/11.0 Mobile/15A372 Safari/604.1
[32minfo[39m:2019-09-25 21:38:16[right meow!]  cde10j3ç™»å½•æˆåŠŸ -- POST -- /userlogininfl -- Mozilla/5.0 (iPhone; CPU iPhone OS 11_0 like Mac OS X) AppleWebKit/604.1.38 (KHTML, like Gecko) Version/11.0 Mobile/15A372 Safari/604.1
[32minfo[39m:2019-09-25 21:38:17[right meow!]  cde10j3ç™»å½•æˆåŠŸ -- POST -- /userlogininfl -- Mozilla/5.0 (iPhone; CPU iPhone OS 11_0 like Mac OS X) AppleWebKit/604.1.38 (KHTML, like Gecko) Version/11.0 Mobile/15A372 Safari/604.1
[32minfo[39m:2019-09-25 21:38:17[right meow!]  cde10j3ç™»å½•æˆåŠŸ -- POST -- /userlogininfl -- Mozilla/5.0 (iPhone; CPU iPhone OS 11_0 like Mac OS X) AppleWebKit/604.1.38 (KHTML, like Gecko) Version/11.0 Mobile/15A372 Safari/604.1
[32minfo[39m:2019-09-25 21:38:17[right meow!]  cde10j3ç™»å½•æˆåŠŸ -- POST -- /userlogininfl -- Mozilla/5.0 (iPhone; CPU iPhone OS 11_0 like Mac OS X) AppleWebKit/604.1.38 (KHTML, like Gecko) Version/11.0 Mobile/15A372 Safari/604.1
[32minfo[39m:2019-09-25 21:39:12[right meow!]  cde10j3ç™»å½•æˆåŠŸ -- POST -- /userlogininfl -- Mozilla/5.0 (iPhone; CPU iPhone OS 11_0 like Mac OS X) AppleWebKit/604.1.38 (KHTML, like Gecko) Version/11.0 Mobile/15A372 Safari/604.1
[32minfo[39m:2019-09-25 21:39:19[right meow!]  cde10j3ç™»å½•æˆåŠŸ -- POST -- /userlogininfl -- Mozilla/5.0 (iPhone; CPU iPhone OS 11_0 like Mac OS X) AppleWebKit/604.1.38 (KHTML, like Gecko) Version/11.0 Mobile/15A372 Safari/604.1
[32minfo[39m:2019-09-25 21:39:20[right meow!]  cde10j3ç™»å½•æˆåŠŸ -- POST -- /userlogininfl -- Mozilla/5.0 (iPhone; CPU iPhone OS 11_0 like Mac OS X) AppleWebKit/604.1.38 (KHTML, like Gecko) Version/11.0 Mobile/15A372 Safari/604.1
[32minfo[39m:2019-09-25 21:39:20[right meow!]  cde10j3ç™»å½•æˆåŠŸ -- POST -- /userlogininfl -- Mozilla/5.0 (iPhone; CPU iPhone OS 11_0 like Mac OS X) AppleWebKit/604.1.38 (KHTML, like Gecko) Version/11.0 Mobile/15A372 Safari/604.1
[32minfo[39m:2019-09-25 21:39:21[right meow!]  cde10j3ç™»å½•æˆåŠŸ -- POST -- /userlogininfl -- Mozilla/5.0 (iPhone; CPU iPhone OS 11_0 like Mac OS X) AppleWebKit/604.1.38 (KHTML, like Gecko) Version/11.0 Mobile/15A372 Safari/604.1
[32minfo[39m:2019-09-25 21:39:21[right meow!]  cde10j3ç™»å½•æˆåŠŸ -- POST -- /userlogininfl -- Mozilla/5.0 (iPhone; CPU iPhone OS 11_0 like Mac OS X) AppleWebKit/604.1.38 (KHTML, like Gecko) Version/11.0 Mobile/15A372 Safari/604.1
[32minfo[39m:2019-09-25 21:39:21[right meow!]  cde10j3ç™»å½•æˆåŠŸ -- POST -- /userlogininfl -- Mozilla/5.0 (iPhone; CPU iPhone OS 11_0 like Mac OS X) AppleWebKit/604.1.38 (KHTML, like Gecko) Version/11.0 Mobile/15A372 Safari/604.1
[31merror[39m:2019-09-25 21:39:43[right meow!]  å¿…é¡»è¦æœ‰ç”¨æˆ·å. -- POST -- /userlogininfl -- Mozilla/5.0 (iPhone; CPU iPhone OS 11_0 like Mac OS X) AppleWebKit/604.1.38 (KHTML, like Gecko) Version/11.0 Mobile/15A372 Safari/604.1
[32minfo[39m:2019-09-25 21:40:16[right meow!]  abde19ç™»å½•æˆåŠŸ -- POST -- /userlogininfl -- Mozilla/5.0 (iPhone; CPU iPhone OS 11_0 like Mac OS X) AppleWebKit/604.1.38 (KHTML, like Gecko) Version/11.0 Mobile/15A372 Safari/604.1
[32minfo[39m:2019-09-25 21:40:53[right meow!]  jjjjjjjjç™»å½•æˆåŠŸ -- POST -- /userlogininfl -- Mozilla/5.0 (iPhone; CPU iPhone OS 11_0 like Mac OS X) AppleWebKit/604.1.38 (KHTML, like Gecko) Version/11.0 Mobile/15A372 Safari/604.1
[32minfo[39m:2019-09-25 21:41:29[right meow!]  jjjjjjjjç™»å½•æˆåŠŸ -- POST -- /userlogininfl -- Mozilla/5.0 (iPhone; CPU iPhone OS 11_0 like Mac OS X) AppleWebKit/604.1.38 (KHTML, like Gecko) Version/11.0 Mobile/15A372 Safari/604.1
[32minfo[39m:2019-09-25 21:41:31[right meow!]  jjjjjjjjç™»å½•æˆåŠŸ -- POST -- /userlogininfl -- Mozilla/5.0 (iPhone; CPU iPhone OS 11_0 like Mac OS X) AppleWebKit/604.1.38 (KHTML, like Gecko) Version/11.0 Mobile/15A372 Safari/604.1
[32minfo[39m:2019-09-25 21:43:39[right meow!]  jjjjjjjjç™»å½•æˆåŠŸ -- POST -- /userlogininfl -- Mozilla/5.0 (iPhone; CPU iPhone OS 11_0 like Mac OS X) AppleWebKit/604.1.38 (KHTML, like Gecko) Version/11.0 Mobile/15A372 Safari/604.1
[32minfo[39m:2019-09-25 21:47:10[right meow!]  jjjjjjjjç™»å½•æˆåŠŸ -- POST -- /userlogininfl -- Mozilla/5.0 (iPhone; CPU iPhone OS 11_0 like Mac OS X) AppleWebKit/604.1.38 (KHTML, like Gecko) Version/11.0 Mobile/15A372 Safari/604.1
[32minfo[39m:2019-09-25 21:47:48[right meow!]  jjjjjjjjç™»å½•æˆåŠŸ -- POST -- /userlogininfl -- Mozilla/5.0 (iPhone; CPU iPhone OS 11_0 like Mac OS X) AppleWebKit/604.1.38 (KHTML, like Gecko) Version/11.0 Mobile/15A372 Safari/604.1
[32minfo[39m:2019-09-25 21:48:15[right meow!]  jjjjjjjjç™»å½•æˆåŠŸ -- POST -- /userlogininfl -- Mozilla/5.0 (iPhone; CPU iPhone OS 11_0 like Mac OS X) AppleWebKit/604.1.38 (KHTML, like Gecko) Version/11.0 Mobile/15A372 Safari/604.1
[32minfo[39m:2019-09-25 21:49:58[right meow!]  jjjjjjjjç™»å½•æˆåŠŸ -- POST -- /userlogininfl -- Mozilla/5.0 (iPhone; CPU iPhone OS 11_0 like Mac OS X) AppleWebKit/604.1.38 (KHTML, like Gecko) Version/11.0 Mobile/15A372 Safari/604.1
[32minfo[39m:2019-09-25 21:53:48[right meow!]  jjjjjjjjç™»å½•æˆåŠŸ -- POST -- /userlogininfl -- Mozilla/5.0 (iPhone; CPU iPhone OS 11_0 like Mac OS X) AppleWebKit/604.1.38 (KHTML, like Gecko) Version/11.0 Mobile/15A372 Safari/604.1
[32minfo[39m:2019-09-25 21:53:48[right meow!]  jjjjjjjjç™»å½•æˆåŠŸ -- POST -- /userlogininfl -- Mozilla/5.0 (iPhone; CPU iPhone OS 11_0 like Mac OS X) AppleWebKit/604.1.38 (KHTML, like Gecko) Version/11.0 Mobile/15A372 Safari/604.1
[32minfo[39m:2019-09-25 21:54:21[right meow!]  jjjjjjjjç™»å½•æˆåŠŸ -- POST -- /userlogininfl -- Mozilla/5.0 (iPhone; CPU iPhone OS 11_0 like Mac OS X) AppleWebKit/604.1.38 (KHTML, like Gecko) Version/11.0 Mobile/15A372 Safari/604.1
[32minfo[39m:2019-09-25 21:55:05[right meow!]  jjjjjjjjç™»å½•æˆåŠŸ -- POST -- /userlogininfl -- Mozilla/5.0 (iPhone; CPU iPhone OS 11_0 like Mac OS X) AppleWebKit/604.1.38 (KHTML, like Gecko) Version/11.0 Mobile/15A372 Safari/604.1
[32minfo[39m:2019-09-25 22:00:49[right meow!]  jjjjjjjjç™»å½•æˆåŠŸ -- POST -- /userlogininfl -- Mozilla/5.0 (iPhone; CPU iPhone OS 11_0 like Mac OS X) AppleWebKit/604.1.38 (KHTML, like Gecko) Version/11.0 Mobile/15A372 Safari/604.1
