[31merror[39m:2019-09-25 08:48:34[right meow!]  userlogininfl é”™è¯¯ä¸»é¡µ GET -- /mjdindex -- Mozilla/5.0 (Windows NT 10.0; Win64; x64) AppleWebKit/537.36 (KHTML, like Gecko) Chrome/75.0.3770.100 Safari/537.36
[31merror[39m:2019-09-25 08:50:38[right meow!]  å¿…é¡»è¦æœ‰ç”¨æˆ·å. -- POST -- /userlogininfl -- Mozilla/5.0 (iPhone; CPU iPhone OS 11_0 like Mac OS X) AppleWebKit/604.1.38 (KHTML, like Gecko) Version/11.0 Mobile/15A372 Safari/604.1
[31merror[39m:2019-09-25 08:50:42[right meow!]  å¿…é¡»è¦æœ‰ç”¨æˆ·å. -- POST -- /userlogininfl -- Mozilla/5.0 (iPhone; CPU iPhone OS 11_0 like Mac OS X) AppleWebKit/604.1.38 (KHTML, like Gecko) Version/11.0 Mobile/15A372 Safari/604.1
[31merror[39m:2019-09-25 08:55:51[right meow!]  å¿…é¡»è¦æœ‰ç”¨æˆ·å. -- POST -- /userlogininfl -- Mozilla/5.0 (iPhone; CPU iPhone OS 11_0 like Mac OS X) AppleWebKit/604.1.38 (KHTML, like Gecko) Version/11.0 Mobile/15A372 Safari/604.1
[31merror[39m:2019-09-25 08:55:52[right meow!]  userlogininfl é”™è¯¯ä¸»é¡µ GET -- /mjdindex -- Mozilla/5.0 (iPhone; CPU iPhone OS 11_0 like Mac OS X) AppleWebKit/604.1.38 (KHTML, like Gecko) Version/11.0 Mobile/15A372 Safari/604.1
error:2019-09-25 08:57:23[right meow!]  å¿…é¡»è¦æœ‰ç”¨æˆ·å. -- POST -- /userlogininfl -- Mozilla/5.0 (iPhone; CPU iPhone OS 11_0 like Mac OS X) AppleWebKit/604.1.38 (KHTML, like Gecko) Version/11.0 Mobile/15A372 Safari/604.1
error:2019-09-25 08:57:26[right meow!]  userlogininfl é”™è¯¯ä¸»é¡µ GET -- /mjdindex -- Mozilla/5.0 (iPhone; CPU iPhone OS 11_0 like Mac OS X) AppleWebKit/604.1.38 (KHTML, like Gecko) Version/11.0 Mobile/15A372 Safari/604.1
error:2019-09-25 08:58:31[right meow!]  å¿…é¡»è¦æœ‰ç”¨æˆ·å. -- POST -- /userlogininfl -- Mozilla/5.0 (iPhone; CPU iPhone OS 11_0 like Mac OS X) AppleWebKit/604.1.38 (KHTML, like Gecko) Version/11.0 Mobile/15A372 Safari/604.1
error:2019-09-25 08:58:31[right meow!]  userlogininfl é”™è¯¯ä¸»é¡µ GET -- /mjdindex -- Mozilla/5.0 (iPhone; CPU iPhone OS 11_0 like Mac OS X) AppleWebKit/604.1.38 (KHTML, like Gecko) Version/11.0 Mobile/15A372 Safari/604.1
error:2019-09-25 09:00:42[right meow!]  å¿…é¡»è¦æœ‰ç”¨æˆ·å. -- POST -- /userlogininfl -- Mozilla/5.0 (iPhone; CPU iPhone OS 11_0 like Mac OS X) AppleWebKit/604.1.38 (KHTML, like Gecko) Version/11.0 Mobile/15A372 Safari/604.1
error:2019-09-25 09:00:45[right meow!]  userlogininfl é”™è¯¯ä¸»é¡µ GET -- /mjdindex -- Mozilla/5.0 (iPhone; CPU iPhone OS 11_0 like Mac OS X) AppleWebKit/604.1.38 (KHTML, like Gecko) Version/11.0 Mobile/15A372 Safari/604.1
[31merror[39m:2019-09-25 09:11:19[right meow!]  å¿…é¡»è¦æœ‰ç”¨æˆ·å. -- POST -- /userlogininfl -- Mozilla/5.0 (iPhone; CPU iPhone OS 11_0 like Mac OS X) AppleWebKit/604.1.38 (KHTML, like Gecko) Version/11.0 Mobile/15A372 Safari/604.1
[31merror[39m:2019-09-25 09:11:21[right meow!]  userlogininfl é”™è¯¯ä¸»é¡µ GET -- /mjdindex -- Mozilla/5.0 (iPhone; CPU iPhone OS 11_0 like Mac OS X) AppleWebKit/604.1.38 (KHTML, like Gecko) Version/11.0 Mobile/15A372 Safari/604.1
error:2019-09-25 09:12:01[right meow!]  å¿…é¡»è¦æœ‰ç”¨æˆ·å. -- POST -- /userlogininfl -- Mozilla/5.0 (iPhone; CPU iPhone OS 11_0 like Mac OS X) AppleWebKit/604.1.38 (KHTML, like Gecko) Version/11.0 Mobile/15A372 Safari/604.1
error:2019-09-25 09:12:02[right meow!]  userlogininfl é”™è¯¯ä¸»é¡µ GET -- /mjdindex -- Mozilla/5.0 (iPhone; CPU iPhone OS 11_0 like Mac OS X) AppleWebKit/604.1.38 (KHTML, like Gecko) Version/11.0 Mobile/15A372 Safari/604.1
error:2019-09-25 09:13:06[right meow!]  å¿…é¡»è¦æœ‰ç”¨æˆ·å. -- POST -- /userlogininfl -- Mozilla/5.0 (iPhone; CPU iPhone OS 11_0 like Mac OS X) AppleWebKit/604.1.38 (KHTML, like Gecko) Version/11.0 Mobile/15A372 Safari/604.1
[31merror[39m:2019-09-25 13:32:18[right meow!]  userlogininfl é”™è¯¯ä¸»é¡µ GET -- /mjdindex -- Mozilla/5.0 (iPhone; CPU iPhone OS 11_0 like Mac OS X) AppleWebKit/604.1.38 (KHTML, like Gecko) Version/11.0 Mobile/15A372 Safari/604.1
[31merror[39m:2019-09-25 13:32:25[right meow!]  userlogininfl é”™è¯¯ä¸»é¡µ GET -- /mjdindex -- Mozilla/5.0 (iPhone; CPU iPhone OS 11_0 like Mac OS X) AppleWebKit/604.1.38 (KHTML, like Gecko) Version/11.0 Mobile/15A372 Safari/604.1
[31merror[39m:2019-09-25 20:17:44[right meow!]  userlogininfl é”™è¯¯ä¸»é¡µ GET -- /mjdindex -- Mozilla/5.0 (Windows NT 10.0; Win64; x64) AppleWebKit/537.36 (KHTML, like Gecko) Chrome/75.0.3770.100 Safari/537.36
[31merror[39m:2019-09-25 20:28:48[right meow!]  userlogininfl é”™è¯¯ä¸»é¡µ GET -- /mjdindex -- Mozilla/5.0 (iPhone; CPU iPhone OS 11_0 like Mac OS X) AppleWebKit/604.1.38 (KHTML, like Gecko) Version/11.0 Mobile/15A372 Safari/604.1
[31merror[39m:2019-09-25 20:39:39[right meow!]  userlogininfl é”™è¯¯ä¸»é¡µ GET -- /mjdindex -- Mozilla/5.0 (iPhone; CPU iPhone OS 11_0 like Mac OS X) AppleWebKit/604.1.38 (KHTML, like Gecko) Version/11.0 Mobile/15A372 Safari/604.1
[31merror[39m:2019-09-25 20:40:53[right meow!]  userlogininfl é”™è¯¯ä¸»é¡µ GET -- /mjdindex -- Mozilla/5.0 (iPhone; CPU iPhone OS 11_0 like Mac OS X) AppleWebKit/604.1.38 (KHTML, like Gecko) Version/11.0 Mobile/15A372 Safari/604.1
[31merror[39m:2019-09-25 20:40:55[right meow!]  userlogininfl é”™è¯¯ä¸»é¡µ GET -- /mjdindex -- Mozilla/5.0 (iPhone; CPU iPhone OS 11_0 like Mac OS X) AppleWebKit/604.1.38 (KHTML, like Gecko) Version/11.0 Mobile/15A372 Safari/604.1
[31merror[39m:2019-09-25 21:10:00[right meow!]  userlogininfl é”™è¯¯ä¸»é¡µ GET -- /mjdindex -- Mozilla/5.0 (iPhone; CPU iPhone OS 11_0 like Mac OS X) AppleWebKit/604.1.38 (KHTML, like Gecko) Version/11.0 Mobile/15A372 Safari/604.1
[31merror[39m:2019-09-25 21:39:43[right meow!]  å¿…é¡»è¦æœ‰ç”¨æˆ·å. -- POST -- /userlogininfl -- Mozilla/5.0 (iPhone; CPU iPhone OS 11_0 like Mac OS X) AppleWebKit/604.1.38 (KHTML, like Gecko) Version/11.0 Mobile/15A372 Safari/604.1
