2019-09-24 14:44:59[right meow!] [31merror[39m: å¿…é¡»è¦æœ‰ç”¨æˆ·å. -- POST -- / -- Mozilla/5.0 (iPhone; CPU iPhone OS 11_0 like Mac OS X) AppleWebKit/604.1.38 (KHTML, like Gecko) Version/11.0 Mobile/15A372 Safari/604.1
2019-09-24 14:45:38[right meow!] [31merror[39m: ç”¨æˆ·åä»…èƒ½åŒ…æ‹¬æ•°ç»„ï¼Œå­—æ¯_-!#@ï¼Œå¹¶ä¸”ç¬¬ä¸€ä¸ªå­—ç¬¦å¿…é¡»æ˜¯å­—æ¯ -- POST -- / -- Mozilla/5.0 (iPhone; CPU iPhone OS 11_0 like Mac OS X) AppleWebKit/604.1.38 (KHTML, like Gecko) Version/11.0 Mobile/15A372 Safari/604.1
2019-09-24 14:51:10[right meow!] [31merror[39m: ç”¨æˆ·åä»…èƒ½åŒ…æ‹¬æ•°ç»„ï¼Œå­—æ¯_-!#@ï¼Œå¹¶ä¸”ç¬¬ä¸€ä¸ªå­—ç¬¦å¿…é¡»æ˜¯å­—æ¯ -- POST -- / -- Mozilla/5.0 (iPhone; CPU iPhone OS 11_0 like Mac OS X) AppleWebKit/604.1.38 (KHTML, like Gecko) Version/11.0 Mobile/15A372 Safari/604.1
2019-09-24 14:51:27[right meow!] [31merror[39m: ç”¨æˆ·åä»…èƒ½åŒ…æ‹¬æ•°ç»„ï¼Œå­—æ¯_-!#@ï¼Œå¹¶ä¸”ç¬¬ä¸€ä¸ªå­—ç¬¦å¿…é¡»æ˜¯å­—æ¯ -- POST -- / -- Mozilla/5.0 (iPhone; CPU iPhone OS 11_0 like Mac OS X) AppleWebKit/604.1.38 (KHTML, like Gecko) Version/11.0 Mobile/15A372 Safari/604.1
2019-09-24 14:51:29[right meow!] [31merror[39m: ç”¨æˆ·åä»…èƒ½åŒ…æ‹¬æ•°ç»„ï¼Œå­—æ¯_-!#@ï¼Œå¹¶ä¸”ç¬¬ä¸€ä¸ªå­—ç¬¦å¿…é¡»æ˜¯å­—æ¯ -- POST -- / -- Mozilla/5.0 (iPhone; CPU iPhone OS 11_0 like Mac OS X) AppleWebKit/604.1.38 (KHTML, like Gecko) Version/11.0 Mobile/15A372 Safari/604.1
2019-09-24 14:52:28[right meow!] [31merror[39m: ç”¨æˆ·åä»…èƒ½åŒ…æ‹¬æ•°ç»„ï¼Œå­—æ¯_-!#@ï¼Œå¹¶ä¸”ç¬¬ä¸€ä¸ªå­—ç¬¦å¿…é¡»æ˜¯å­—æ¯ -- POST -- / -- Mozilla/5.0 (iPhone; CPU iPhone OS 11_0 like Mac OS X) AppleWebKit/604.1.38 (KHTML, like Gecko) Version/11.0 Mobile/15A372 Safari/604.1
2019-09-24 14:55:29[right meow!] [31merror[39m: ç”¨æˆ·åä»…èƒ½åŒ…æ‹¬æ•°ç»„ï¼Œå­—æ¯_-!#@ï¼Œå¹¶ä¸”ç¬¬ä¸€ä¸ªå­—ç¬¦å¿…é¡»æ˜¯å­—æ¯ -- POST -- / -- Mozilla/5.0 (iPhone; CPU iPhone OS 11_0 like Mac OS X) AppleWebKit/604.1.38 (KHTML, like Gecko) Version/11.0 Mobile/15A372 Safari/604.1
2019-09-24 14:56:32[right meow!] [31merror[39m: ç”¨æˆ·åä»…èƒ½åŒ…æ‹¬æ•°ç»„ï¼Œå­—æ¯_-!#@ï¼Œå¹¶ä¸”ç¬¬ä¸€ä¸ªå­—ç¬¦å¿…é¡»æ˜¯å­—æ¯ -- POST -- / -- Mozilla/5.0 (iPhone; CPU iPhone OS 11_0 like Mac OS X) AppleWebKit/604.1.38 (KHTML, like Gecko) Version/11.0 Mobile/15A372 Safari/604.1
2019-09-24 14:57:04[right meow!] [31merror[39m: ç”¨æˆ·åä»…èƒ½åŒ…æ‹¬æ•°ç»„ï¼Œå­—æ¯_-!#@ï¼Œå¹¶ä¸”ç¬¬ä¸€ä¸ªå­—ç¬¦å¿…é¡»æ˜¯å­—æ¯ -- POST -- / -- Mozilla/5.0 (iPhone; CPU iPhone OS 11_0 like Mac OS X) AppleWebKit/604.1.38 (KHTML, like Gecko) Version/11.0 Mobile/15A372 Safari/604.1
2019-09-24 14:57:04[right meow!] [31merror[39m: ç”¨æˆ·åä»…èƒ½åŒ…æ‹¬æ•°ç»„ï¼Œå­—æ¯_-!#@ï¼Œå¹¶ä¸”ç¬¬ä¸€ä¸ªå­—ç¬¦å¿…é¡»æ˜¯å­—æ¯ -- POST -- / -- Mozilla/5.0 (iPhone; CPU iPhone OS 11_0 like Mac OS X) AppleWebKit/604.1.38 (KHTML, like Gecko) Version/11.0 Mobile/15A372 Safari/604.1
2019-09-24 14:57:05[right meow!] [31merror[39m: ç”¨æˆ·åä»…èƒ½åŒ…æ‹¬æ•°ç»„ï¼Œå­—æ¯_-!#@ï¼Œå¹¶ä¸”ç¬¬ä¸€ä¸ªå­—ç¬¦å¿…é¡»æ˜¯å­—æ¯ -- POST -- / -- Mozilla/5.0 (iPhone; CPU iPhone OS 11_0 like Mac OS X) AppleWebKit/604.1.38 (KHTML, like Gecko) Version/11.0 Mobile/15A372 Safari/604.1
2019-09-24 15:04:54[right meow!] [31merror[39m: ç”¨æˆ·åä»…èƒ½åŒ…æ‹¬æ•°ç»„ï¼Œå­—æ¯_-!#@ï¼Œå¹¶ä¸”ç¬¬ä¸€ä¸ªå­—ç¬¦å¿…é¡»æ˜¯å­—æ¯ -- POST -- /userlogininfl -- Mozilla/5.0 (iPhone; CPU iPhone OS 11_0 like Mac OS X) AppleWebKit/604.1.38 (KHTML, like Gecko) Version/11.0 Mobile/15A372 Safari/604.1
2019-09-24 15:09:46[right meow!] [31merror[39m: ç”¨æˆ·åä»…èƒ½åŒ…æ‹¬æ•°ç»„ï¼Œå­—æ¯_-!#@ï¼Œå¹¶ä¸”ç¬¬ä¸€ä¸ªå­—ç¬¦å¿…é¡»æ˜¯å­—æ¯ -- POST -- /userlogininfl -- Mozilla/5.0 (iPhone; CPU iPhone OS 11_0 like Mac OS X) AppleWebKit/604.1.38 (KHTML, like Gecko) Version/11.0 Mobile/15A372 Safari/604.1
2019-09-24 15:09:48[right meow!] [31merror[39m: userlogininfl é”™è¯¯ä¸»é¡µ GET -- /mjdindex -- Mozilla/5.0 (iPhone; CPU iPhone OS 11_0 like Mac OS X) AppleWebKit/604.1.38 (KHTML, like Gecko) Version/11.0 Mobile/15A372 Safari/604.1
2019-09-24 15:09:50[right meow!] [31merror[39m: userlogininfl é”™è¯¯ä¸»é¡µ GET -- /mjdindex -- Mozilla/5.0 (iPhone; CPU iPhone OS 11_0 like Mac OS X) AppleWebKit/604.1.38 (KHTML, like Gecko) Version/11.0 Mobile/15A372 Safari/604.1
2019-09-24 15:10:42[right meow!] [31merror[39m: userlogininfl é”™è¯¯ä¸»é¡µ GET -- /mjdindex -- Mozilla/5.0 (iPhone; CPU iPhone OS 11_0 like Mac OS X) AppleWebKit/604.1.38 (KHTML, like Gecko) Version/11.0 Mobile/15A372 Safari/604.1
2019-09-24 15:10:53[right meow!] [31merror[39m: ç”¨æˆ·åé•¿åº¦å¿…é¡»6åˆ°12 -- POST -- /userlogininfl -- Mozilla/5.0 (iPhone; CPU iPhone OS 11_0 like Mac OS X) AppleWebKit/604.1.38 (KHTML, like Gecko) Version/11.0 Mobile/15A372 Safari/604.1
2019-09-24 15:11:08[right meow!] [31merror[39m: ç”¨æˆ·åé•¿åº¦å¿…é¡»6åˆ°12 -- POST -- /userlogininfl -- Mozilla/5.0 (iPhone; CPU iPhone OS 11_0 like Mac OS X) AppleWebKit/604.1.38 (KHTML, like Gecko) Version/11.0 Mobile/15A372 Safari/604.1
2019-09-24 15:11:11[right meow!] [31merror[39m: userlogininfl é”™è¯¯ä¸»é¡µ GET -- /mjdindex -- Mozilla/5.0 (iPhone; CPU iPhone OS 11_0 like Mac OS X) AppleWebKit/604.1.38 (KHTML, like Gecko) Version/11.0 Mobile/15A372 Safari/604.1
2019-09-24 15:11:13[right meow!] [31merror[39m: userlogininfl é”™è¯¯ä¸»é¡µ GET -- /mjdindex -- Mozilla/5.0 (iPhone; CPU iPhone OS 11_0 like Mac OS X) AppleWebKit/604.1.38 (KHTML, like Gecko) Version/11.0 Mobile/15A372 Safari/604.1
2019-09-24 15:12:13[right meow!] [31merror[39m: level,userlogininfl é”™è¯¯ä¸»é¡µ GET -- /mjdindex -- Mozilla/5.0 (iPhone; CPU iPhone OS 11_0 like Mac OS X) AppleWebKit/604.1.38 (KHTML, like Gecko) Version/11.0 Mobile/15A372 Safari/604.1
2019-09-24 15:16:13[right meow!] [31merror[39m: userlogininfl é”™è¯¯ä¸»é¡µ GET -- /mjdindex -- Mozilla/5.0 (iPhone; CPU iPhone OS 11_0 like Mac OS X) AppleWebKit/604.1.38 (KHTML, like Gecko) Version/11.0 Mobile/15A372 Safari/604.1
2019-09-24 15:21:27[right meow!] [31merror[39m: userlogininfl é”™è¯¯ä¸»é¡µ GET -- /mjdindex -- Mozilla/5.0 (iPhone; CPU iPhone OS 11_0 like Mac OS X) AppleWebKit/604.1.38 (KHTML, like Gecko) Version/11.0 Mobile/15A372 Safari/604.1
2019-09-24 15:21:29[right meow!] [31merror[39m: å¿…é¡»è¦æœ‰ç”¨æˆ·å. -- POST -- /userlogininfl -- Mozilla/5.0 (iPhone; CPU iPhone OS 11_0 like Mac OS X) AppleWebKit/604.1.38 (KHTML, like Gecko) Version/11.0 Mobile/15A372 Safari/604.1
2019-09-24 15:23:44[right meow!] error: å¿…é¡»è¦æœ‰ç”¨æˆ·å. -- POST -- /userlogininfl -- Mozilla/5.0 (iPhone; CPU iPhone OS 11_0 like Mac OS X) AppleWebKit/604.1.38 (KHTML, like Gecko) Version/11.0 Mobile/15A372 Safari/604.1
2019-09-24 15:23:45[right meow!] error: userlogininfl é”™è¯¯ä¸»é¡µ GET -- /mjdindex -- Mozilla/5.0 (iPhone; CPU iPhone OS 11_0 like Mac OS X) AppleWebKit/604.1.38 (KHTML, like Gecko) Version/11.0 Mobile/15A372 Safari/604.1
2019-09-24 15:27:00[undefined] error: userlogininfl é”™è¯¯ä¸»é¡µ GET -- /mjdindex -- Mozilla/5.0 (iPhone; CPU iPhone OS 11_0 like Mac OS X) AppleWebKit/604.1.38 (KHTML, like Gecko) Version/11.0 Mobile/15A372 Safari/604.1
2019-09-24 15:27:54[undefined] error: userlogininfl é”™è¯¯ä¸»é¡µ GET -- /mjdindex -- Mozilla/5.0 (iPhone; CPU iPhone OS 11_0 like Mac OS X) AppleWebKit/604.1.38 (KHTML, like Gecko) Version/11.0 Mobile/15A372 Safari/604.1
2019-09-24 15:27:55[undefined] error: å¿…é¡»è¦æœ‰ç”¨æˆ·å. -- POST -- /userlogininfl -- Mozilla/5.0 (iPhone; CPU iPhone OS 11_0 like Mac OS X) AppleWebKit/604.1.38 (KHTML, like Gecko) Version/11.0 Mobile/15A372 Safari/604.1
2019-09-24 15:30:33[right meow!] error: å¿…é¡»è¦æœ‰ç”¨æˆ·å. -- POST -- /userlogininfl -- Mozilla/5.0 (iPhone; CPU iPhone OS 11_0 like Mac OS X) AppleWebKit/604.1.38 (KHTML, like Gecko) Version/11.0 Mobile/15A372 Safari/604.1
2019-09-24 15:30:34[right meow!] error: userlogininfl é”™è¯¯ä¸»é¡µ GET -- /mjdindex -- Mozilla/5.0 (iPhone; CPU iPhone OS 11_0 like Mac OS X) AppleWebKit/604.1.38 (KHTML, like Gecko) Version/11.0 Mobile/15A372 Safari/604.1
2019-09-24 15:31:43[right meow!] error: userlogininfl é”™è¯¯ä¸»é¡µ GET -- /mjdindex -- Mozilla/5.0 (iPhone; CPU iPhone OS 11_0 like Mac OS X) AppleWebKit/604.1.38 (KHTML, like Gecko) Version/11.0 Mobile/15A372 Safari/604.1
2019-09-24 15:31:48[right meow!] error: ç”¨æˆ·åé•¿åº¦å¿…é¡»6åˆ°12 -- POST -- /userlogininfl -- Mozilla/5.0 (iPhone; CPU iPhone OS 11_0 like Mac OS X) AppleWebKit/604.1.38 (KHTML, like Gecko) Version/11.0 Mobile/15A372 Safari/604.1
2019-09-24 15:32:35[right meow!] error: å¯†ç é•¿åº¦å¿…é¡»6åˆ°12 -- POST -- /userlogininfl -- Mozilla/5.0 (iPhone; CPU iPhone OS 11_0 like Mac OS X) AppleWebKit/604.1.38 (KHTML, like Gecko) Version/11.0 Mobile/15A372 Safari/604.1
2019-09-24 15:32:37[right meow!] error: userlogininfl é”™è¯¯ä¸»é¡µ GET -- /mjdindex -- Mozilla/5.0 (iPhone; CPU iPhone OS 11_0 like Mac OS X) AppleWebKit/604.1.38 (KHTML, like Gecko) Version/11.0 Mobile/15A372 Safari/604.1
2019-09-24 15:34:17[right meow!] [31merror[39m: å¿…é¡»è¦æœ‰ç”¨æˆ·å. -- POST -- /userlogininfl -- Mozilla/5.0 (iPhone; CPU iPhone OS 11_0 like Mac OS X) AppleWebKit/604.1.38 (KHTML, like Gecko) Version/11.0 Mobile/15A372 Safari/604.1
2019-09-24 15:34:19[right meow!] [31merror[39m: userlogininfl é”™è¯¯ä¸»é¡µ GET -- /mjdindex -- Mozilla/5.0 (iPhone; CPU iPhone OS 11_0 like Mac OS X) AppleWebKit/604.1.38 (KHTML, like Gecko) Version/11.0 Mobile/15A372 Safari/604.1
2019-09-24 15:35:46[right meow!] [31merror[39m: å¿…é¡»è¦æœ‰ç”¨æˆ·å. -- POST -- /userlogininfl -- Mozilla/5.0 (iPhone; CPU iPhone OS 11_0 like Mac OS X) AppleWebKit/604.1.38 (KHTML, like Gecko) Version/11.0 Mobile/15A372 Safari/604.1
2019-09-24 15:35:48[right meow!] [31merror[39m: userlogininfl é”™è¯¯ä¸»é¡µ GET -- /mjdindex -- Mozilla/5.0 (iPhone; CPU iPhone OS 11_0 like Mac OS X) AppleWebKit/604.1.38 (KHTML, like Gecko) Version/11.0 Mobile/15A372 Safari/604.1
2019-09-24 15:36:18[right meow!] error: userlogininfl é”™è¯¯ä¸»é¡µ GET -- /mjdindex -- Mozilla/5.0 (iPhone; CPU iPhone OS 11_0 like Mac OS X) AppleWebKit/604.1.38 (KHTML, like Gecko) Version/11.0 Mobile/15A372 Safari/604.1
2019-09-24 15:36:19[right meow!] error: å¿…é¡»è¦æœ‰ç”¨æˆ·å. -- POST -- /userlogininfl -- Mozilla/5.0 (iPhone; CPU iPhone OS 11_0 like Mac OS X) AppleWebKit/604.1.38 (KHTML, like Gecko) Version/11.0 Mobile/15A372 Safari/604.1
2019-09-24 15:48:19[right meow!] error: å¿…é¡»è¦æœ‰ç”¨æˆ·å. -- POST -- /userlogininfl -- Mozilla/5.0 (iPhone; CPU iPhone OS 11_0 like Mac OS X) AppleWebKit/604.1.38 (KHTML, like Gecko) Version/11.0 Mobile/15A372 Safari/604.1
2019-09-24 15:48:20[right meow!] error: userlogininfl é”™è¯¯ä¸»é¡µ GET -- /mjdindex -- Mozilla/5.0 (iPhone; CPU iPhone OS 11_0 like Mac OS X) AppleWebKit/604.1.38 (KHTML, like Gecko) Version/11.0 Mobile/15A372 Safari/604.1
2019-09-24 15:50:51[right meow!] [31merror[39m: å¿…é¡»è¦æœ‰ç”¨æˆ·å. -- POST -- /userlogininfl -- Mozilla/5.0 (iPhone; CPU iPhone OS 11_0 like Mac OS X) AppleWebKit/604.1.38 (KHTML, like Gecko) Version/11.0 Mobile/15A372 Safari/604.1
2019-09-24 15:50:52[right meow!] [31merror[39m: userlogininfl é”™è¯¯ä¸»é¡µ GET -- /mjdindex -- Mozilla/5.0 (iPhone; CPU iPhone OS 11_0 like Mac OS X) AppleWebKit/604.1.38 (KHTML, like Gecko) Version/11.0 Mobile/15A372 Safari/604.1
[31merror[39m:2019-09-24 15:54:28[right meow!]  å¿…é¡»è¦æœ‰ç”¨æˆ·å. -- POST -- /userlogininfl -- Mozilla/5.0 (iPhone; CPU iPhone OS 11_0 like Mac OS X) AppleWebKit/604.1.38 (KHTML, like Gecko) Version/11.0 Mobile/15A372 Safari/604.1
[31merror[39m:2019-09-24 15:54:29[right meow!]  userlogininfl é”™è¯¯ä¸»é¡µ GET -- /mjdindex -- Mozilla/5.0 (iPhone; CPU iPhone OS 11_0 like Mac OS X) AppleWebKit/604.1.38 (KHTML, like Gecko) Version/11.0 Mobile/15A372 Safari/604.1
[31merror[39m:2019-09-24 19:45:20[right meow!]  userlogininfl é”™è¯¯ä¸»é¡µ GET -- /mjdindex -- Mozilla/5.0 (Windows NT 10.0; Win64; x64) AppleWebKit/537.36 (KHTML, like Gecko) Chrome/75.0.3770.100 Safari/537.36
[31merror[39m:2019-09-24 20:06:05[right meow!]  æ‚¨çš„è´¦å·æˆ–è€…å¯†ç ä¸å­˜åœ¨ -- POST -- /userlogininfl -- Mozilla/5.0 (iPhone; CPU iPhone OS 11_0 like Mac OS X) AppleWebKit/604.1.38 (KHTML, like Gecko) Version/11.0 Mobile/15A372 Safari/604.1
[31merror[39m:2019-09-24 20:10:34[right meow!]  userlogininfl é”™è¯¯ä¸»é¡µ GET -- /mjdindex -- Mozilla/5.0 (iPhone; CPU iPhone OS 11_0 like Mac OS X) AppleWebKit/604.1.38 (KHTML, like Gecko) Version/11.0 Mobile/15A372 Safari/604.1
[31merror[39m:2019-09-24 20:10:50[right meow!]  userlogininfl é”™è¯¯ä¸»é¡µ GET -- /mjdindex -- Mozilla/5.0 (iPhone; CPU iPhone OS 11_0 like Mac OS X) AppleWebKit/604.1.38 (KHTML, like Gecko) Version/11.0 Mobile/15A372 Safari/604.1
[31merror[39m:2019-09-24 20:25:38[right meow!]  userlogininfl é”™è¯¯ä¸»é¡µ GET -- /mjdindex -- Mozilla/5.0 (iPhone; CPU iPhone OS 11_0 like Mac OS X) AppleWebKit/604.1.38 (KHTML, like Gecko) Version/11.0 Mobile/15A372 Safari/604.1
[31merror[39m:2019-09-24 20:25:46[right meow!]  userlogininfl é”™è¯¯ä¸»é¡µ GET -- /mjdindex -- Mozilla/5.0 (iPhone; CPU iPhone OS 11_0 like Mac OS X) AppleWebKit/604.1.38 (KHTML, like Gecko) Version/11.0 Mobile/15A372 Safari/604.1
[31merror[39m:2019-09-24 20:31:30[right meow!]  æ‚¨çš„è´¦å·æˆ–è€…å¯†ç ä¸å­˜åœ¨ -- POST -- /userlogininfl -- Mozilla/5.0 (iPhone; CPU iPhone OS 11_0 like Mac OS X) AppleWebKit/604.1.38 (KHTML, like Gecko) Version/11.0 Mobile/15A372 Safari/604.1
[31merror[39m:2019-09-24 20:34:38[right meow!]  userlogininfl é”™è¯¯ä¸»é¡µ GET -- /mjdindex -- Mozilla/5.0 (iPhone; CPU iPhone OS 11_0 like Mac OS X) AppleWebKit/604.1.38 (KHTML, like Gecko) Version/11.0 Mobile/15A372 Safari/604.1
[31merror[39m:2019-09-24 20:34:48[right meow!]  userlogininfl é”™è¯¯ä¸»é¡µ GET -- /mjdindex -- Mozilla/5.0 (iPhone; CPU iPhone OS 11_0 like Mac OS X) AppleWebKit/604.1.38 (KHTML, like Gecko) Version/11.0 Mobile/15A372 Safari/604.1
[31merror[39m:2019-09-24 20:35:00[right meow!]  userlogininfl é”™è¯¯ä¸»é¡µ GET -- /mjdindex -- Mozilla/5.0 (iPhone; CPU iPhone OS 11_0 like Mac OS X) AppleWebKit/604.1.38 (KHTML, like Gecko) Version/11.0 Mobile/15A372 Safari/604.1
[31merror[39m:2019-09-24 20:35:04[right meow!]  userlogininfl é”™è¯¯ä¸»é¡µ GET -- /mjdindex -- Mozilla/5.0 (iPhone; CPU iPhone OS 11_0 like Mac OS X) AppleWebKit/604.1.38 (KHTML, like Gecko) Version/11.0 Mobile/15A372 Safari/604.1
[31merror[39m:2019-09-24 20:37:21[right meow!]  userlogininfl é”™è¯¯ä¸»é¡µ GET -- /mjdindex -- Mozilla/5.0 (iPhone; CPU iPhone OS 11_0 like Mac OS X) AppleWebKit/604.1.38 (KHTML, like Gecko) Version/11.0 Mobile/15A372 Safari/604.1
[31merror[39m:2019-09-24 20:41:27[right meow!]  userlogininfl é”™è¯¯ä¸»é¡µ GET -- /mjdindex -- Mozilla/5.0 (iPhone; CPU iPhone OS 11_0 like Mac OS X) AppleWebKit/604.1.38 (KHTML, like Gecko) Version/11.0 Mobile/15A372 Safari/604.1
[31merror[39m:2019-09-24 20:41:30[right meow!]  userlogininfl é”™è¯¯ä¸»é¡µ GET -- /mjdindex -- Mozilla/5.0 (iPhone; CPU iPhone OS 11_0 like Mac OS X) AppleWebKit/604.1.38 (KHTML, like Gecko) Version/11.0 Mobile/15A372 Safari/604.1
[31merror[39m:2019-09-24 20:41:32[right meow!]  userlogininfl é”™è¯¯ä¸»é¡µ GET -- /mjdindex -- Mozilla/5.0 (iPhone; CPU iPhone OS 11_0 like Mac OS X) AppleWebKit/604.1.38 (KHTML, like Gecko) Version/11.0 Mobile/15A372 Safari/604.1
[31merror[39m:2019-09-24 20:45:32[right meow!]  æ‚¨çš„è´¦å·æˆ–è€…å¯†ç ä¸å­˜åœ¨ -- POST -- /userlogininfl -- Mozilla/5.0 (iPhone; CPU iPhone OS 11_0 like Mac OS X) AppleWebKit/604.1.38 (KHTML, like Gecko) Version/11.0 Mobile/15A372 Safari/604.1
[31merror[39m:2019-09-24 20:46:11[right meow!]  userlogininfl é”™è¯¯ä¸»é¡µ GET -- /mjdindex -- Mozilla/5.0 (iPhone; CPU iPhone OS 11_0 like Mac OS X) AppleWebKit/604.1.38 (KHTML, like Gecko) Version/11.0 Mobile/15A372 Safari/604.1
[31merror[39m:2019-09-24 20:46:16[right meow!]  userlogininfl é”™è¯¯ä¸»é¡µ GET -- /mjdindex -- Mozilla/5.0 (iPhone; CPU iPhone OS 11_0 like Mac OS X) AppleWebKit/604.1.38 (KHTML, like Gecko) Version/11.0 Mobile/15A372 Safari/604.1
[31merror[39m:2019-09-24 20:47:06[right meow!]  userlogininfl é”™è¯¯ä¸»é¡µ GET -- /mjdindex -- Mozilla/5.0 (iPhone; CPU iPhone OS 11_0 like Mac OS X) AppleWebKit/604.1.38 (KHTML, like Gecko) Version/11.0 Mobile/15A372 Safari/604.1
[31merror[39m:2019-09-24 20:48:00[right meow!]  userlogininfl é”™è¯¯ä¸»é¡µ GET -- /mjdindex -- Mozilla/5.0 (iPhone; CPU iPhone OS 11_0 like Mac OS X) AppleWebKit/604.1.38 (KHTML, like Gecko) Version/11.0 Mobile/15A372 Safari/604.1
[31merror[39m:2019-09-24 20:48:02[right meow!]  userlogininfl é”™è¯¯ä¸»é¡µ GET -- /mjdindex -- Mozilla/5.0 (iPhone; CPU iPhone OS 11_0 like Mac OS X) AppleWebKit/604.1.38 (KHTML, like Gecko) Version/11.0 Mobile/15A372 Safari/604.1
[31merror[39m:2019-09-24 20:48:34[right meow!]  userlogininfl é”™è¯¯ä¸»é¡µ GET -- /mjdindex -- Mozilla/5.0 (iPhone; CPU iPhone OS 11_0 like Mac OS X) AppleWebKit/604.1.38 (KHTML, like Gecko) Version/11.0 Mobile/15A372 Safari/604.1
[31merror[39m:2019-09-24 20:48:37[right meow!]  userlogininfl é”™è¯¯ä¸»é¡µ GET -- /mjdindex -- Mozilla/5.0 (iPhone; CPU iPhone OS 11_0 like Mac OS X) AppleWebKit/604.1.38 (KHTML, like Gecko) Version/11.0 Mobile/15A372 Safari/604.1
[31merror[39m:2019-09-24 20:48:42[right meow!]  userlogininfl é”™è¯¯ä¸»é¡µ GET -- /mjdindex -- Mozilla/5.0 (iPhone; CPU iPhone OS 11_0 like Mac OS X) AppleWebKit/604.1.38 (KHTML, like Gecko) Version/11.0 Mobile/15A372 Safari/604.1
[31merror[39m:2019-09-24 20:48:45[right meow!]  userlogininfl é”™è¯¯ä¸»é¡µ GET -- /mjdindex -- Mozilla/5.0 (iPhone; CPU iPhone OS 11_0 like Mac OS X) AppleWebKit/604.1.38 (KHTML, like Gecko) Version/11.0 Mobile/15A372 Safari/604.1
[31merror[39m:2019-09-24 21:03:45[right meow!]  æ‚¨çš„è´¦å·æˆ–è€…å¯†ç ä¸å­˜åœ¨ -- POST -- /userlogininfl -- Mozilla/5.0 (iPhone; CPU iPhone OS 11_0 like Mac OS X) AppleWebKit/604.1.38 (KHTML, like Gecko) Version/11.0 Mobile/15A372 Safari/604.1
[31merror[39m:2019-09-24 21:04:45[right meow!]  userlogininfl é”™è¯¯ä¸»é¡µ GET -- /mjdindex -- Mozilla/5.0 (iPhone; CPU iPhone OS 11_0 like Mac OS X) AppleWebKit/604.1.38 (KHTML, like Gecko) Version/11.0 Mobile/15A372 Safari/604.1
[31merror[39m:2019-09-24 21:05:38[right meow!]  æ‚¨çš„è´¦å·æˆ–è€…å¯†ç ä¸å­˜åœ¨ -- POST -- /userlogininfl -- Mozilla/5.0 (iPhone; CPU iPhone OS 11_0 like Mac OS X) AppleWebKit/604.1.38 (KHTML, like Gecko) Version/11.0 Mobile/15A372 Safari/604.1
