info:2019-10-12 09:18:20[right meow!]  GET -- /api/mjdindex -- Mozilla/5.0 (Windows NT 10.0; Win64; x64) AppleWebKit/537.36 (KHTML, like Gecko) Chrome/75.0.3770.100 Safari/537.36
error:2019-10-12 09:18:20[right meow!]  userlogininfl 错误主页 GET -- /api/mjdindex -- Mozilla/5.0 (Windows NT 10.0; Win64; x64) AppleWebKit/537.36 (KHTML, like Gecko) Chrome/75.0.3770.100 Safari/537.36
info:2019-10-12 09:24:27[right meow!]  undefined登录成功 -- POST -- /api/userlogininfl -- Mozilla/5.0 (iPhone; CPU iPhone OS 11_0 like Mac OS X) AppleWebKit/604.1.38 (KHTML, like Gecko) Version/11.0 Mobile/15A372 Safari/604.1
info:2019-10-12 09:49:03[right meow!]  GET -- /api/mjdindex -- Mozilla/5.0 (iPhone; CPU iPhone OS 11_0 like Mac OS X) AppleWebKit/604.1.38 (KHTML, like Gecko) Version/11.0 Mobile/15A372 Safari/604.1
error:2019-10-12 09:49:03[right meow!]  userlogininfl 错误主页 GET -- /api/mjdindex -- Mozilla/5.0 (iPhone; CPU iPhone OS 11_0 like Mac OS X) AppleWebKit/604.1.38 (KHTML, like Gecko) Version/11.0 Mobile/15A372 Safari/604.1
info:2019-10-12 09:49:09[right meow!]  GET -- /api/mjdindex -- Mozilla/5.0 (iPhone; CPU iPhone OS 11_0 like Mac OS X) AppleWebKit/604.1.38 (KHTML, like Gecko) Version/11.0 Mobile/15A372 Safari/604.1
error:2019-10-12 09:49:09[right meow!]  userlogininfl 错误主页 GET -- /api/mjdindex -- Mozilla/5.0 (iPhone; CPU iPhone OS 11_0 like Mac OS X) AppleWebKit/604.1.38 (KHTML, like Gecko) Version/11.0 Mobile/15A372 Safari/604.1
info:2019-10-12 09:49:12[right meow!]  GET -- /api/mjdindex -- Mozilla/5.0 (iPhone; CPU iPhone OS 11_0 like Mac OS X) AppleWebKit/604.1.38 (KHTML, like Gecko) Version/11.0 Mobile/15A372 Safari/604.1
error:2019-10-12 09:49:12[right meow!]  userlogininfl 错误主页 GET -- /api/mjdindex -- Mozilla/5.0 (iPhone; CPU iPhone OS 11_0 like Mac OS X) AppleWebKit/604.1.38 (KHTML, like Gecko) Version/11.0 Mobile/15A372 Safari/604.1
info:2019-10-12 09:58:33[right meow!]  GET -- /api/mjdindex -- Mozilla/5.0 (iPhone; CPU iPhone OS 11_0 like Mac OS X) AppleWebKit/604.1.38 (KHTML, like Gecko) Version/11.0 Mobile/15A372 Safari/604.1
error:2019-10-12 09:58:33[right meow!]  userlogininfl 错误主页 GET -- /api/mjdindex -- Mozilla/5.0 (iPhone; CPU iPhone OS 11_0 like Mac OS X) AppleWebKit/604.1.38 (KHTML, like Gecko) Version/11.0 Mobile/15A372 Safari/604.1
info:2019-10-12 14:13:15[right meow!]  GET -- /api/mjdindex -- Mozilla/5.0 (iPhone; CPU iPhone OS 11_0 like Mac OS X) AppleWebKit/604.1.38 (KHTML, like Gecko) Version/11.0 Mobile/15A372 Safari/604.1
error:2019-10-12 14:13:15[right meow!]  userlogininfl 错误主页 GET -- /api/mjdindex -- Mozilla/5.0 (iPhone; CPU iPhone OS 11_0 like Mac OS X) AppleWebKit/604.1.38 (KHTML, like Gecko) Version/11.0 Mobile/15A372 Safari/604.1
info:2019-10-12 14:13:20[right meow!]  GET -- /api/mjdindex -- Mozilla/5.0 (iPhone; CPU iPhone OS 11_0 like Mac OS X) AppleWebKit/604.1.38 (KHTML, like Gecko) Version/11.0 Mobile/15A372 Safari/604.1
error:2019-10-12 14:13:20[right meow!]  userlogininfl 错误主页 GET -- /api/mjdindex -- Mozilla/5.0 (iPhone; CPU iPhone OS 11_0 like Mac OS X) AppleWebKit/604.1.38 (KHTML, like Gecko) Version/11.0 Mobile/15A372 Safari/604.1
info:2019-10-12 14:14:15[right meow!]  GET -- /api/mjdindex -- Mozilla/5.0 (iPhone; CPU iPhone OS 11_0 like Mac OS X) AppleWebKit/604.1.38 (KHTML, like Gecko) Version/11.0 Mobile/15A372 Safari/604.1
error:2019-10-12 14:14:15[right meow!]  userlogininfl 错误主页 GET -- /api/mjdindex -- Mozilla/5.0 (iPhone; CPU iPhone OS 11_0 like Mac OS X) AppleWebKit/604.1.38 (KHTML, like Gecko) Version/11.0 Mobile/15A372 Safari/604.1
info:2019-10-12 14:15:53[right meow!]  GET -- /api/mjdindex -- Mozilla/5.0 (iPhone; CPU iPhone OS 11_0 like Mac OS X) AppleWebKit/604.1.38 (KHTML, like Gecko) Version/11.0 Mobile/15A372 Safari/604.1
error:2019-10-12 14:15:53[right meow!]  userlogininfl 错误主页 GET -- /api/mjdindex -- Mozilla/5.0 (iPhone; CPU iPhone OS 11_0 like Mac OS X) AppleWebKit/604.1.38 (KHTML, like Gecko) Version/11.0 Mobile/15A372 Safari/604.1
info:2019-10-12 14:23:06[right meow!]  GET -- /api/mjdindex -- Mozilla/5.0 (iPhone; CPU iPhone OS 11_0 like Mac OS X) AppleWebKit/604.1.38 (KHTML, like Gecko) Version/11.0 Mobile/15A372 Safari/604.1
error:2019-10-12 14:23:06[right meow!]  userlogininfl 错误主页 GET -- /api/mjdindex -- Mozilla/5.0 (iPhone; CPU iPhone OS 11_0 like Mac OS X) AppleWebKit/604.1.38 (KHTML, like Gecko) Version/11.0 Mobile/15A372 Safari/604.1
info:2019-10-12 14:23:07[right meow!]  GET -- /api/mjdindex -- Mozilla/5.0 (iPhone; CPU iPhone OS 11_0 like Mac OS X) AppleWebKit/604.1.38 (KHTML, like Gecko) Version/11.0 Mobile/15A372 Safari/604.1
error:2019-10-12 14:23:07[right meow!]  userlogininfl 错误主页 GET -- /api/mjdindex -- Mozilla/5.0 (iPhone; CPU iPhone OS 11_0 like Mac OS X) AppleWebKit/604.1.38 (KHTML, like Gecko) Version/11.0 Mobile/15A372 Safari/604.1
info:2019-10-12 14:23:08[right meow!]  GET -- /api/mjdindex -- Mozilla/5.0 (iPhone; CPU iPhone OS 11_0 like Mac OS X) AppleWebKit/604.1.38 (KHTML, like Gecko) Version/11.0 Mobile/15A372 Safari/604.1
error:2019-10-12 14:23:08[right meow!]  userlogininfl 错误主页 GET -- /api/mjdindex -- Mozilla/5.0 (iPhone; CPU iPhone OS 11_0 like Mac OS X) AppleWebKit/604.1.38 (KHTML, like Gecko) Version/11.0 Mobile/15A372 Safari/604.1
info:2019-10-12 14:23:09[right meow!]  GET -- /api/mjdindex -- Mozilla/5.0 (iPhone; CPU iPhone OS 11_0 like Mac OS X) AppleWebKit/604.1.38 (KHTML, like Gecko) Version/11.0 Mobile/15A372 Safari/604.1
error:2019-10-12 14:23:09[right meow!]  userlogininfl 错误主页 GET -- /api/mjdindex -- Mozilla/5.0 (iPhone; CPU iPhone OS 11_0 like Mac OS X) AppleWebKit/604.1.38 (KHTML, like Gecko) Version/11.0 Mobile/15A372 Safari/604.1
info:2019-10-12 14:29:44[right meow!]  GET -- /api/mjdindex -- Mozilla/5.0 (iPhone; CPU iPhone OS 11_0 like Mac OS X) AppleWebKit/604.1.38 (KHTML, like Gecko) Version/11.0 Mobile/15A372 Safari/604.1
error:2019-10-12 14:29:44[right meow!]  userlogininfl 错误主页 GET -- /api/mjdindex -- Mozilla/5.0 (iPhone; CPU iPhone OS 11_0 like Mac OS X) AppleWebKit/604.1.38 (KHTML, like Gecko) Version/11.0 Mobile/15A372 Safari/604.1
info:2019-10-12 15:51:12[right meow!]  GET -- /api/mjdindex -- Mozilla/5.0 (Windows NT 10.0; Win64; x64) AppleWebKit/537.36 (KHTML, like Gecko) Chrome/75.0.3770.100 Safari/537.36
error:2019-10-12 15:51:12[right meow!]  userlogininfl 错误主页 GET -- /api/mjdindex -- Mozilla/5.0 (Windows NT 10.0; Win64; x64) AppleWebKit/537.36 (KHTML, like Gecko) Chrome/75.0.3770.100 Safari/537.36
