info:2019-10-11 08:49:29[right meow!]  GET -- /api/mjdindex -- Mozilla/5.0 (Windows NT 10.0; Win64; x64) AppleWebKit/537.36 (KHTML, like Gecko) Chrome/75.0.3770.100 Safari/537.36
error:2019-10-11 08:49:29[right meow!]  userlogininfl 错误主页 GET -- /api/mjdindex -- Mozilla/5.0 (Windows NT 10.0; Win64; x64) AppleWebKit/537.36 (KHTML, like Gecko) Chrome/75.0.3770.100 Safari/537.36
info:2019-10-11 08:49:49[right meow!]  undefined登录成功 -- POST -- /api/userlogininfl -- Mozilla/5.0 (iPhone; CPU iPhone OS 11_0 like Mac OS X) AppleWebKit/604.1.38 (KHTML, like Gecko) Version/11.0 Mobile/15A372 Safari/604.1
info:2019-10-11 08:50:13[right meow!]  GET -- /api/mjdindex -- Mozilla/5.0 (iPhone; CPU iPhone OS 11_0 like Mac OS X) AppleWebKit/604.1.38 (KHTML, like Gecko) Version/11.0 Mobile/15A372 Safari/604.1
error:2019-10-11 08:50:13[right meow!]  userlogininfl 错误主页 GET -- /api/mjdindex -- Mozilla/5.0 (iPhone; CPU iPhone OS 11_0 like Mac OS X) AppleWebKit/604.1.38 (KHTML, like Gecko) Version/11.0 Mobile/15A372 Safari/604.1
info:2019-10-11 08:50:18[right meow!]  GET -- /api/mjdindex -- Mozilla/5.0 (iPhone; CPU iPhone OS 11_0 like Mac OS X) AppleWebKit/604.1.38 (KHTML, like Gecko) Version/11.0 Mobile/15A372 Safari/604.1
error:2019-10-11 08:50:18[right meow!]  userlogininfl 错误主页 GET -- /api/mjdindex -- Mozilla/5.0 (iPhone; CPU iPhone OS 11_0 like Mac OS X) AppleWebKit/604.1.38 (KHTML, like Gecko) Version/11.0 Mobile/15A372 Safari/604.1
info:2019-10-11 09:39:24[right meow!]  GET -- /api/mjdindex -- Mozilla/5.0 (Windows NT 10.0; Win64; x64) AppleWebKit/537.36 (KHTML, like Gecko) Chrome/75.0.3770.100 Safari/537.36
error:2019-10-11 09:39:24[right meow!]  userlogininfl 错误主页 GET -- /api/mjdindex -- Mozilla/5.0 (Windows NT 10.0; Win64; x64) AppleWebKit/537.36 (KHTML, like Gecko) Chrome/75.0.3770.100 Safari/537.36
info:2019-10-11 09:51:55[right meow!]  GET -- /api/mjdindex -- Mozilla/5.0 (Windows NT 10.0; Win64; x64) AppleWebKit/537.36 (KHTML, like Gecko) Chrome/75.0.3770.100 Safari/537.36
error:2019-10-11 09:51:55[right meow!]  userlogininfl 错误主页 GET -- /api/mjdindex -- Mozilla/5.0 (Windows NT 10.0; Win64; x64) AppleWebKit/537.36 (KHTML, like Gecko) Chrome/75.0.3770.100 Safari/537.36
info:2019-10-11 09:52:12[right meow!]  undefined登录成功 -- POST -- /api/userlogininfl -- Mozilla/5.0 (iPhone; CPU iPhone OS 11_0 like Mac OS X) AppleWebKit/604.1.38 (KHTML, like Gecko) Version/11.0 Mobile/15A372 Safari/604.1
info:2019-10-11 09:58:02[right meow!]  undefined登录成功 -- POST -- /api/userlogininfl -- Mozilla/5.0 (iPhone; CPU iPhone OS 11_0 like Mac OS X) AppleWebKit/604.1.38 (KHTML, like Gecko) Version/11.0 Mobile/15A372 Safari/604.1
info:2019-10-11 10:34:35[right meow!]  GET -- /api/mjdindex -- Mozilla/5.0 (Windows NT 10.0; Win64; x64) AppleWebKit/537.36 (KHTML, like Gecko) Chrome/75.0.3770.100 Safari/537.36
error:2019-10-11 10:34:35[right meow!]  userlogininfl 错误主页 GET -- /api/mjdindex -- Mozilla/5.0 (Windows NT 10.0; Win64; x64) AppleWebKit/537.36 (KHTML, like Gecko) Chrome/75.0.3770.100 Safari/537.36
info:2019-10-11 10:35:07[right meow!]  GET -- /api/mjdindex -- Mozilla/5.0 (Windows NT 10.0; Win64; x64) AppleWebKit/537.36 (KHTML, like Gecko) Chrome/75.0.3770.100 Safari/537.36
error:2019-10-11 10:35:07[right meow!]  userlogininfl 错误主页 GET -- /api/mjdindex -- Mozilla/5.0 (Windows NT 10.0; Win64; x64) AppleWebKit/537.36 (KHTML, like Gecko) Chrome/75.0.3770.100 Safari/537.36
info:2019-10-11 10:36:43[right meow!]  GET -- /api/mjdindex -- Mozilla/5.0 (iPhone; CPU iPhone OS 11_0 like Mac OS X) AppleWebKit/604.1.38 (KHTML, like Gecko) Version/11.0 Mobile/15A372 Safari/604.1
error:2019-10-11 10:36:43[right meow!]  userlogininfl 错误主页 GET -- /api/mjdindex -- Mozilla/5.0 (iPhone; CPU iPhone OS 11_0 like Mac OS X) AppleWebKit/604.1.38 (KHTML, like Gecko) Version/11.0 Mobile/15A372 Safari/604.1
info:2019-10-11 10:53:21[right meow!]  undefined登录成功 -- POST -- /api/userlogininfl -- Mozilla/5.0 (iPhone; CPU iPhone OS 11_0 like Mac OS X) AppleWebKit/604.1.38 (KHTML, like Gecko) Version/11.0 Mobile/15A372 Safari/604.1
info:2019-10-11 10:53:44[right meow!]  aaaaaa登录成功 -- POST -- /api/userlogininfl -- Mozilla/5.0 (iPhone; CPU iPhone OS 11_0 like Mac OS X) AppleWebKit/604.1.38 (KHTML, like Gecko) Version/11.0 Mobile/15A372 Safari/604.1
info:2019-10-11 12:19:06[right meow!]  GET -- /api/mjdindex -- Mozilla/5.0 (iPhone; CPU iPhone OS 11_0 like Mac OS X) AppleWebKit/604.1.38 (KHTML, like Gecko) Version/11.0 Mobile/15A372 Safari/604.1
error:2019-10-11 12:19:07[right meow!]  userlogininfl 错误主页 GET -- /api/mjdindex -- Mozilla/5.0 (iPhone; CPU iPhone OS 11_0 like Mac OS X) AppleWebKit/604.1.38 (KHTML, like Gecko) Version/11.0 Mobile/15A372 Safari/604.1
